[0.510s] Invoking command in '/home/faizal/ros2_ws/build/camera': CONDA_PROMPT_MODIFIER=(ros) PYTHONPATH=/home/faizal/ros2_ws/build/camera/prefix_override:/home/faizal/ros2_ws/install/camera/lib/python3.8/site-packages:${PYTHONPATH} /home/faizal/miniconda3/envs/ros/bin/python setup.py develop --editable --build-directory /home/faizal/ros2_ws/build/camera/build --no-deps install_data
[0.596s] /home/faizal/miniconda3/envs/ros/lib/python3.8/site-packages/setuptools/dist.py:745: SetuptoolsDeprecationWarning: Invalid dash-separated options
[0.596s] !!
[0.596s] 
[0.596s]         ********************************************************************************
[0.596s]         Usage of dash-separated 'script-dir' will not be supported in future
[0.596s]         versions. Please use the underscore name 'script_dir' instead.
[0.596s] 
[0.596s]         This deprecation is overdue, please update your project and remove deprecated
[0.596s]         calls to avoid build errors in the future.
[0.596s] 
[0.596s]         See https://setuptools.pypa.io/en/latest/userguide/declarative_config.html for details.
[0.596s]         ********************************************************************************
[0.596s] 
[0.596s] !!
[0.596s]   opt = self.warn_dash_deprecation(opt, section)
[0.683s] running develop
[0.683s] /home/faizal/miniconda3/envs/ros/lib/python3.8/site-packages/setuptools/command/develop.py:40: EasyInstallDeprecationWarning: easy_install command is deprecated.
[0.683s] !!
[0.683s] 
[0.683s]         ********************************************************************************
[0.683s]         Please avoid running ``setup.py`` and ``easy_install``.
[0.683s]         Instead, use pypa/build, pypa/installer or other
[0.683s]         standards-based tools.
[0.683s] 
[0.683s]         See https://github.com/pypa/setuptools/issues/917 for details.
[0.683s]         ********************************************************************************
[0.683s] 
[0.683s] !!
[0.683s]   easy_install.initialize_options(self)
[0.697s] /home/faizal/miniconda3/envs/ros/lib/python3.8/site-packages/setuptools/_distutils/cmd.py:66: SetuptoolsDeprecationWarning: setup.py install is deprecated.
[0.698s] !!
[0.698s] 
[0.698s]         ********************************************************************************
[0.698s]         Please avoid running ``setup.py`` directly.
[0.698s]         Instead, use pypa/build, pypa/installer or other
[0.698s]         standards-based tools.
[0.698s] 
[0.698s]         See https://blog.ganssle.io/articles/2021/10/setup-py-deprecated.html for details.
[0.698s]         ********************************************************************************
[0.698s] 
[0.698s] !!
[0.698s]   self.initialize_options()
[0.757s] running egg_info
[0.765s] writing camera.egg-info/PKG-INFO
[0.765s] writing dependency_links to camera.egg-info/dependency_links.txt
[0.765s] writing entry points to camera.egg-info/entry_points.txt
[0.765s] writing requirements to camera.egg-info/requires.txt
[0.765s] writing top-level names to camera.egg-info/top_level.txt
[0.780s] reading manifest file 'camera.egg-info/SOURCES.txt'
[0.780s] writing manifest file 'camera.egg-info/SOURCES.txt'
[0.788s] running build_ext
[0.788s] Creating /home/faizal/ros2_ws/install/camera/lib/python3.8/site-packages/camera.egg-link (link to .)
[0.789s] Installing image_node script to /home/faizal/ros2_ws/install/camera/lib/camera
[0.789s] Installing listen_node script to /home/faizal/ros2_ws/install/camera/lib/camera
[0.789s] 
[0.789s] Installed /home/faizal/ros2_ws/build/camera
[0.789s] running install_data
[0.807s] Invoked command in '/home/faizal/ros2_ws/build/camera' returned '0': CONDA_PROMPT_MODIFIER=(ros) PYTHONPATH=/home/faizal/ros2_ws/build/camera/prefix_override:/home/faizal/ros2_ws/install/camera/lib/python3.8/site-packages:${PYTHONPATH} /home/faizal/miniconda3/envs/ros/bin/python setup.py develop --editable --build-directory /home/faizal/ros2_ws/build/camera/build --no-deps install_data
