[0.507s] Invoking command in '/home/faizal/ros2_ws/build/camera': CONDA_PROMPT_MODIFIER=(ros) PYTHONPATH=/home/faizal/ros2_ws/build/camera/prefix_override:/home/faizal/ros2_ws/install/camera/lib/python3.8/site-packages:${PYTHONPATH} /home/faizal/miniconda3/envs/ros/bin/python setup.py develop --editable --build-directory /home/faizal/ros2_ws/build/camera/build --no-deps install_data
[0.592s] /home/faizal/miniconda3/envs/ros/lib/python3.8/site-packages/setuptools/dist.py:745: SetuptoolsDeprecationWarning: Invalid dash-separated options
[0.593s] !!
[0.593s] 
[0.593s]         ********************************************************************************
[0.593s]         Usage of dash-separated 'script-dir' will not be supported in future
[0.593s]         versions. Please use the underscore name 'script_dir' instead.
[0.593s] 
[0.593s]         This deprecation is overdue, please update your project and remove deprecated
[0.593s]         calls to avoid build errors in the future.
[0.593s] 
[0.593s]         See https://setuptools.pypa.io/en/latest/userguide/declarative_config.html for details.
[0.593s]         ********************************************************************************
[0.593s] 
[0.593s] !!
[0.593s]   opt = self.warn_dash_deprecation(opt, section)
[0.681s] running develop
[0.681s] /home/faizal/miniconda3/envs/ros/lib/python3.8/site-packages/setuptools/command/develop.py:40: EasyInstallDeprecationWarning: easy_install command is deprecated.
[0.681s] !!
[0.681s] 
[0.681s]         ********************************************************************************
[0.681s]         Please avoid running ``setup.py`` and ``easy_install``.
[0.681s]         Instead, use pypa/build, pypa/installer or other
[0.682s]         standards-based tools.
[0.682s] 
[0.682s]         See https://github.com/pypa/setuptools/issues/917 for details.
[0.682s]         ********************************************************************************
[0.682s] 
[0.682s] !!
[0.682s]   easy_install.initialize_options(self)
[0.696s] /home/faizal/miniconda3/envs/ros/lib/python3.8/site-packages/setuptools/_distutils/cmd.py:66: SetuptoolsDeprecationWarning: setup.py install is deprecated.
[0.696s] !!
[0.696s] 
[0.697s]         ********************************************************************************
[0.697s]         Please avoid running ``setup.py`` directly.
[0.697s]         Instead, use pypa/build, pypa/installer or other
[0.697s]         standards-based tools.
[0.697s] 
[0.697s]         See https://blog.ganssle.io/articles/2021/10/setup-py-deprecated.html for details.
[0.697s]         ********************************************************************************
[0.697s] 
[0.697s] !!
[0.697s]   self.initialize_options()
[0.759s] running egg_info
[0.767s] writing camera.egg-info/PKG-INFO
[0.767s] writing dependency_links to camera.egg-info/dependency_links.txt
[0.767s] writing entry points to camera.egg-info/entry_points.txt
[0.768s] writing requirements to camera.egg-info/requires.txt
[0.768s] writing top-level names to camera.egg-info/top_level.txt
[0.782s] reading manifest file 'camera.egg-info/SOURCES.txt'
[0.783s] writing manifest file 'camera.egg-info/SOURCES.txt'
[0.791s] running build_ext
[0.791s] Creating /home/faizal/ros2_ws/install/camera/lib/python3.8/site-packages/camera.egg-link (link to .)
[0.792s] Installing image_node script to /home/faizal/ros2_ws/install/camera/lib/camera
[0.792s] Installing listen_node script to /home/faizal/ros2_ws/install/camera/lib/camera
[0.792s] 
[0.792s] Installed /home/faizal/ros2_ws/build/camera
[0.792s] running install_data
[0.811s] Invoked command in '/home/faizal/ros2_ws/build/camera' returned '0': CONDA_PROMPT_MODIFIER=(ros) PYTHONPATH=/home/faizal/ros2_ws/build/camera/prefix_override:/home/faizal/ros2_ws/install/camera/lib/python3.8/site-packages:${PYTHONPATH} /home/faizal/miniconda3/envs/ros/bin/python setup.py develop --editable --build-directory /home/faizal/ros2_ws/build/camera/build --no-deps install_data
