[0.626s] Invoking command in '/home/faizal/ros2_ws/build/camera': CONDA_PROMPT_MODIFIER=(ros) PYTHONPATH=/home/faizal/ros2_ws/build/camera/prefix_override:/home/faizal/ros2_ws/install/camera/lib/python3.8/site-packages:${PYTHONPATH} /home/faizal/miniconda3/envs/ros/bin/python setup.py develop --editable --build-directory /home/faizal/ros2_ws/build/camera/build --no-deps install_data
[0.731s] /home/faizal/miniconda3/envs/ros/lib/python3.8/site-packages/setuptools/dist.py:745: SetuptoolsDeprecationWarning: Invalid dash-separated options
[0.731s] !!
[0.731s] 
[0.731s]         ********************************************************************************
[0.731s]         Usage of dash-separated 'script-dir' will not be supported in future
[0.732s]         versions. Please use the underscore name 'script_dir' instead.
[0.732s] 
[0.732s]         This deprecation is overdue, please update your project and remove deprecated
[0.732s]         calls to avoid build errors in the future.
[0.732s] 
[0.732s]         See https://setuptools.pypa.io/en/latest/userguide/declarative_config.html for details.
[0.732s]         ********************************************************************************
[0.732s] 
[0.732s] !!
[0.732s]   opt = self.warn_dash_deprecation(opt, section)
[0.849s] running develop
[0.849s] /home/faizal/miniconda3/envs/ros/lib/python3.8/site-packages/setuptools/command/develop.py:40: EasyInstallDeprecationWarning: easy_install command is deprecated.
[0.849s] !!
[0.849s] 
[0.849s]         ********************************************************************************
[0.849s]         Please avoid running ``setup.py`` and ``easy_install``.
[0.849s]         Instead, use pypa/build, pypa/installer or other
[0.849s]         standards-based tools.
[0.849s] 
[0.850s]         See https://github.com/pypa/setuptools/issues/917 for details.
[0.850s]         ********************************************************************************
[0.850s] 
[0.850s] !!
[0.850s]   easy_install.initialize_options(self)
[0.868s] /home/faizal/miniconda3/envs/ros/lib/python3.8/site-packages/setuptools/_distutils/cmd.py:66: SetuptoolsDeprecationWarning: setup.py install is deprecated.
[0.868s] !!
[0.868s] 
[0.868s]         ********************************************************************************
[0.868s]         Please avoid running ``setup.py`` directly.
[0.868s]         Instead, use pypa/build, pypa/installer or other
[0.868s]         standards-based tools.
[0.868s] 
[0.868s]         See https://blog.ganssle.io/articles/2021/10/setup-py-deprecated.html for details.
[0.868s]         ********************************************************************************
[0.868s] 
[0.868s] !!
[0.868s]   self.initialize_options()
[0.946s] running egg_info
[0.956s] writing camera.egg-info/PKG-INFO
[0.956s] writing dependency_links to camera.egg-info/dependency_links.txt
[0.956s] writing entry points to camera.egg-info/entry_points.txt
[0.956s] writing requirements to camera.egg-info/requires.txt
[0.956s] writing top-level names to camera.egg-info/top_level.txt
[0.975s] reading manifest file 'camera.egg-info/SOURCES.txt'
[0.975s] writing manifest file 'camera.egg-info/SOURCES.txt'
[0.985s] running build_ext
[0.985s] Creating /home/faizal/ros2_ws/install/camera/lib/python3.8/site-packages/camera.egg-link (link to .)
[0.986s] Installing image_node script to /home/faizal/ros2_ws/install/camera/lib/camera
[0.986s] Installing imu_node script to /home/faizal/ros2_ws/install/camera/lib/camera
[0.986s] Installing listen_node script to /home/faizal/ros2_ws/install/camera/lib/camera
[0.986s] 
[0.986s] Installed /home/faizal/ros2_ws/build/camera
[0.986s] running install_data
[1.009s] Invoked command in '/home/faizal/ros2_ws/build/camera' returned '0': CONDA_PROMPT_MODIFIER=(ros) PYTHONPATH=/home/faizal/ros2_ws/build/camera/prefix_override:/home/faizal/ros2_ws/install/camera/lib/python3.8/site-packages:${PYTHONPATH} /home/faizal/miniconda3/envs/ros/bin/python setup.py develop --editable --build-directory /home/faizal/ros2_ws/build/camera/build --no-deps install_data
