[0.689s] Invoking command in '/home/faizal/ros2_ws/src/camera': CONDA_PROMPT_MODIFIER=(ros) PYTHONPATH=/home/faizal/ros2_ws/build/camera/prefix_override:/home/faizal/ros2_ws/install/camera/lib/python3.8/site-packages:${PYTHONPATH} /home/faizal/miniconda3/envs/ros/bin/python setup.py egg_info --egg-base ../../build/camera build --build-base /home/faizal/ros2_ws/build/camera/build install --record /home/faizal/ros2_ws/build/camera/install.log --install-scripts $base/lib/camera --single-version-externally-managed
[0.801s] /home/faizal/miniconda3/envs/ros/lib/python3.8/site-packages/setuptools/dist.py:745: SetuptoolsDeprecationWarning: Invalid dash-separated options
[0.801s] !!
[0.801s] 
[0.801s]         ********************************************************************************
[0.801s]         Usage of dash-separated 'script-dir' will not be supported in future
[0.802s]         versions. Please use the underscore name 'script_dir' instead.
[0.802s] 
[0.802s]         This deprecation is overdue, please update your project and remove deprecated
[0.802s]         calls to avoid build errors in the future.
[0.802s] 
[0.802s]         See https://setuptools.pypa.io/en/latest/userguide/declarative_config.html for details.
[0.802s]         ********************************************************************************
[0.802s] 
[0.802s] !!
[0.802s]   opt = self.warn_dash_deprecation(opt, section)
[0.868s] running egg_info
[0.919s] writing ../../build/camera/camera.egg-info/PKG-INFO
[0.919s] writing dependency_links to ../../build/camera/camera.egg-info/dependency_links.txt
[0.920s] writing entry points to ../../build/camera/camera.egg-info/entry_points.txt
[0.920s] writing requirements to ../../build/camera/camera.egg-info/requires.txt
[0.920s] writing top-level names to ../../build/camera/camera.egg-info/top_level.txt
[0.938s] reading manifest file '../../build/camera/camera.egg-info/SOURCES.txt'
[0.939s] writing manifest file '../../build/camera/camera.egg-info/SOURCES.txt'
[0.939s] running build
[0.939s] running build_py
[0.939s] copying camera/image_subscriber.py -> /home/faizal/ros2_ws/build/camera/build/lib/camera
[0.940s] running install
[0.940s] /home/faizal/miniconda3/envs/ros/lib/python3.8/site-packages/setuptools/_distutils/cmd.py:66: SetuptoolsDeprecationWarning: setup.py install is deprecated.
[0.940s] !!
[0.940s] 
[0.940s]         ********************************************************************************
[0.940s]         Please avoid running ``setup.py`` directly.
[0.940s]         Instead, use pypa/build, pypa/installer or other
[0.940s]         standards-based tools.
[0.940s] 
[0.940s]         See https://blog.ganssle.io/articles/2021/10/setup-py-deprecated.html for details.
[0.940s]         ********************************************************************************
[0.940s] 
[0.941s] !!
[0.941s]   self.initialize_options()
[0.946s] running install_lib
[0.955s] copying /home/faizal/ros2_ws/build/camera/build/lib/camera/image_subscriber.py -> /home/faizal/ros2_ws/install/camera/lib/python3.8/site-packages/camera
[0.955s] byte-compiling /home/faizal/ros2_ws/install/camera/lib/python3.8/site-packages/camera/image_subscriber.py to image_subscriber.cpython-38.pyc
[0.956s] running install_data
[0.964s] running install_egg_info
[0.973s] removing '/home/faizal/ros2_ws/install/camera/lib/python3.8/site-packages/camera-0.0.0-py3.8.egg-info' (and everything under it)
[0.973s] Copying ../../build/camera/camera.egg-info to /home/faizal/ros2_ws/install/camera/lib/python3.8/site-packages/camera-0.0.0-py3.8.egg-info
[0.974s] running install_scripts
[1.015s] Installing image_node script to /home/faizal/ros2_ws/install/camera/lib/camera
[1.015s] Installing listen_node script to /home/faizal/ros2_ws/install/camera/lib/camera
[1.016s] writing list of installed files to '/home/faizal/ros2_ws/build/camera/install.log'
[1.049s] Invoked command in '/home/faizal/ros2_ws/src/camera' returned '0': CONDA_PROMPT_MODIFIER=(ros) PYTHONPATH=/home/faizal/ros2_ws/build/camera/prefix_override:/home/faizal/ros2_ws/install/camera/lib/python3.8/site-packages:${PYTHONPATH} /home/faizal/miniconda3/envs/ros/bin/python setup.py egg_info --egg-base ../../build/camera build --build-base /home/faizal/ros2_ws/build/camera/build install --record /home/faizal/ros2_ws/build/camera/install.log --install-scripts $base/lib/camera --single-version-externally-managed
