/home/faizal/miniconda3/envs/ros/lib/python3.9/site-packages/setuptools/dist.py:745: SetuptoolsDeprecationWarning: Invalid dash-separated options
!!

        ********************************************************************************
        Usage of dash-separated 'script-dir' will not be supported in future
        versions. Please use the underscore name 'script_dir' instead.

        This deprecation is overdue, please update your project and remove deprecated
        calls to avoid build errors in the future.

        See https://setuptools.pypa.io/en/latest/userguide/declarative_config.html for details.
        ********************************************************************************

!!
  opt = self.warn_dash_deprecation(opt, section)
running egg_info
creating ../../build/camera/camera.egg-info
writing ../../build/camera/camera.egg-info/PKG-INFO
writing dependency_links to ../../build/camera/camera.egg-info/dependency_links.txt
writing entry points to ../../build/camera/camera.egg-info/entry_points.txt
writing requirements to ../../build/camera/camera.egg-info/requires.txt
writing top-level names to ../../build/camera/camera.egg-info/top_level.txt
writing manifest file '../../build/camera/camera.egg-info/SOURCES.txt'
reading manifest file '../../build/camera/camera.egg-info/SOURCES.txt'
writing manifest file '../../build/camera/camera.egg-info/SOURCES.txt'
running build
running build_py
creating /home/faizal/ros2_ws/build/camera/build
creating /home/faizal/ros2_ws/build/camera/build/lib
creating /home/faizal/ros2_ws/build/camera/build/lib/camera
copying camera/__init__.py -> /home/faizal/ros2_ws/build/camera/build/lib/camera
running install
/home/faizal/miniconda3/envs/ros/lib/python3.9/site-packages/setuptools/_distutils/cmd.py:66: SetuptoolsDeprecationWarning: setup.py install is deprecated.
!!

        ********************************************************************************
        Please avoid running ``setup.py`` directly.
        Instead, use pypa/build, pypa/installer or other
        standards-based tools.

        See https://blog.ganssle.io/articles/2021/10/setup-py-deprecated.html for details.
        ********************************************************************************

!!
  self.initialize_options()
running install_lib
creating /home/faizal/ros2_ws/install/camera/lib/python3.9/site-packages/camera
copying /home/faizal/ros2_ws/build/camera/build/lib/camera/__init__.py -> /home/faizal/ros2_ws/install/camera/lib/python3.9/site-packages/camera
byte-compiling /home/faizal/ros2_ws/install/camera/lib/python3.9/site-packages/camera/__init__.py to __init__.cpython-39.pyc
running install_data
creating /home/faizal/ros2_ws/install/camera/share/ament_index
creating /home/faizal/ros2_ws/install/camera/share/ament_index/resource_index
creating /home/faizal/ros2_ws/install/camera/share/ament_index/resource_index/packages
copying resource/camera -> /home/faizal/ros2_ws/install/camera/share/ament_index/resource_index/packages
copying package.xml -> /home/faizal/ros2_ws/install/camera/share/camera
running install_egg_info
Copying ../../build/camera/camera.egg-info to /home/faizal/ros2_ws/install/camera/lib/python3.9/site-packages/camera-0.0.0-py3.9.egg-info
running install_scripts
Installing image_node script to /home/faizal/ros2_ws/install/camera/lib/camera
writing list of installed files to '/home/faizal/ros2_ws/build/camera/install.log'
