running egg_info
creating ../../build/camera/camera.egg-info
writing ../../build/camera/camera.egg-info/PKG-INFO
writing dependency_links to ../../build/camera/camera.egg-info/dependency_links.txt
writing entry points to ../../build/camera/camera.egg-info/entry_points.txt
writing requirements to ../../build/camera/camera.egg-info/requires.txt
writing top-level names to ../../build/camera/camera.egg-info/top_level.txt
writing manifest file '../../build/camera/camera.egg-info/SOURCES.txt'
reading manifest file '../../build/camera/camera.egg-info/SOURCES.txt'
writing manifest file '../../build/camera/camera.egg-info/SOURCES.txt'
running build
running build_py
creating /home/faizal/ros2_ws/build/camera/build
creating /home/faizal/ros2_ws/build/camera/build/lib
creating /home/faizal/ros2_ws/build/camera/build/lib/camera
copying camera/__init__.py -> /home/faizal/ros2_ws/build/camera/build/lib/camera
running install
running install_lib
creating /home/faizal/ros2_ws/install/camera/lib/python3.9/site-packages/camera
copying /home/faizal/ros2_ws/build/camera/build/lib/camera/__init__.py -> /home/faizal/ros2_ws/install/camera/lib/python3.9/site-packages/camera
byte-compiling /home/faizal/ros2_ws/install/camera/lib/python3.9/site-packages/camera/__init__.py to __init__.cpython-39.pyc
running install_data
creating /home/faizal/ros2_ws/install/camera/share/ament_index
creating /home/faizal/ros2_ws/install/camera/share/ament_index/resource_index
creating /home/faizal/ros2_ws/install/camera/share/ament_index/resource_index/packages
copying resource/camera -> /home/faizal/ros2_ws/install/camera/share/ament_index/resource_index/packages
copying package.xml -> /home/faizal/ros2_ws/install/camera/share/camera
running install_egg_info
Copying ../../build/camera/camera.egg-info to /home/faizal/ros2_ws/install/camera/lib/python3.9/site-packages/camera-0.0.0-py3.9.egg-info
running install_scripts
Installing image_node script to /home/faizal/ros2_ws/install/camera/lib/camera
writing list of installed files to '/home/faizal/ros2_ws/build/camera/install.log'
