[0.476s] Invoking command in '/home/faizal/ros2_ws/src/camera': CONDA_PROMPT_MODIFIER=(ros) PYTHONPATH=/home/faizal/ros2_ws/build/camera/prefix_override:/home/faizal/ros2_ws/install/camera/lib/python3.9/site-packages:${PYTHONPATH} /home/faizal/miniconda3/envs/ros/bin/python setup.py egg_info --egg-base ../../build/camera build --build-base /home/faizal/ros2_ws/build/camera/build install --record /home/faizal/ros2_ws/build/camera/install.log --install-scripts $base/lib/camera --single-version-externally-managed
[0.559s] /home/faizal/miniconda3/envs/ros/lib/python3.9/site-packages/setuptools/dist.py:745: SetuptoolsDeprecationWarning: Invalid dash-separated options
[0.559s] !!
[0.559s] 
[0.559s]         ********************************************************************************
[0.559s]         Usage of dash-separated 'script-dir' will not be supported in future
[0.559s]         versions. Please use the underscore name 'script_dir' instead.
[0.559s] 
[0.559s]         This deprecation is overdue, please update your project and remove deprecated
[0.559s]         calls to avoid build errors in the future.
[0.559s] 
[0.559s]         See https://setuptools.pypa.io/en/latest/userguide/declarative_config.html for details.
[0.559s]         ********************************************************************************
[0.559s] 
[0.559s] !!
[0.559s]   opt = self.warn_dash_deprecation(opt, section)
[0.602s] running egg_info
[0.602s] creating ../../build/camera/camera.egg-info
[0.609s] writing ../../build/camera/camera.egg-info/PKG-INFO
[0.609s] writing dependency_links to ../../build/camera/camera.egg-info/dependency_links.txt
[0.609s] writing entry points to ../../build/camera/camera.egg-info/entry_points.txt
[0.609s] writing requirements to ../../build/camera/camera.egg-info/requires.txt
[0.610s] writing top-level names to ../../build/camera/camera.egg-info/top_level.txt
[0.610s] writing manifest file '../../build/camera/camera.egg-info/SOURCES.txt'
[0.623s] reading manifest file '../../build/camera/camera.egg-info/SOURCES.txt'
[0.624s] writing manifest file '../../build/camera/camera.egg-info/SOURCES.txt'
[0.624s] running build
[0.624s] running build_py
[0.624s] creating /home/faizal/ros2_ws/build/camera/build
[0.624s] creating /home/faizal/ros2_ws/build/camera/build/lib
[0.624s] creating /home/faizal/ros2_ws/build/camera/build/lib/camera
[0.624s] copying camera/__init__.py -> /home/faizal/ros2_ws/build/camera/build/lib/camera
[0.624s] running install
[0.628s] /home/faizal/miniconda3/envs/ros/lib/python3.9/site-packages/setuptools/_distutils/cmd.py:66: SetuptoolsDeprecationWarning: setup.py install is deprecated.
[0.628s] !!
[0.628s] 
[0.628s]         ********************************************************************************
[0.629s]         Please avoid running ``setup.py`` directly.
[0.629s]         Instead, use pypa/build, pypa/installer or other
[0.629s]         standards-based tools.
[0.629s] 
[0.629s]         See https://blog.ganssle.io/articles/2021/10/setup-py-deprecated.html for details.
[0.630s]         ********************************************************************************
[0.630s] 
[0.630s] !!
[0.630s]   self.initialize_options()
[0.640s] running install_lib
[0.652s] creating /home/faizal/ros2_ws/install/camera/lib/python3.9/site-packages/camera
[0.652s] copying /home/faizal/ros2_ws/build/camera/build/lib/camera/__init__.py -> /home/faizal/ros2_ws/install/camera/lib/python3.9/site-packages/camera
[0.652s] byte-compiling /home/faizal/ros2_ws/install/camera/lib/python3.9/site-packages/camera/__init__.py to __init__.cpython-39.pyc
[0.652s] running install_data
[0.660s] creating /home/faizal/ros2_ws/install/camera/share/ament_index
[0.661s] creating /home/faizal/ros2_ws/install/camera/share/ament_index/resource_index
[0.661s] creating /home/faizal/ros2_ws/install/camera/share/ament_index/resource_index/packages
[0.661s] copying resource/camera -> /home/faizal/ros2_ws/install/camera/share/ament_index/resource_index/packages
[0.661s] copying package.xml -> /home/faizal/ros2_ws/install/camera/share/camera
[0.661s] running install_egg_info
[0.668s] Copying ../../build/camera/camera.egg-info to /home/faizal/ros2_ws/install/camera/lib/python3.9/site-packages/camera-0.0.0-py3.9.egg-info
[0.669s] running install_scripts
[0.730s] Installing image_node script to /home/faizal/ros2_ws/install/camera/lib/camera
[0.730s] writing list of installed files to '/home/faizal/ros2_ws/build/camera/install.log'
[0.747s] Invoked command in '/home/faizal/ros2_ws/src/camera' returned '0': CONDA_PROMPT_MODIFIER=(ros) PYTHONPATH=/home/faizal/ros2_ws/build/camera/prefix_override:/home/faizal/ros2_ws/install/camera/lib/python3.9/site-packages:${PYTHONPATH} /home/faizal/miniconda3/envs/ros/bin/python setup.py egg_info --egg-base ../../build/camera build --build-base /home/faizal/ros2_ws/build/camera/build install --record /home/faizal/ros2_ws/build/camera/install.log --install-scripts $base/lib/camera --single-version-externally-managed
