[1.477s] DEBUG:colcon:Command line arguments: ['/home/faizal/miniconda3/envs/ros/bin/colcon', 'build']
[1.477s] DEBUG:colcon:Parsed command line arguments: Namespace(ament_cmake_args=None, base_paths=['.'], build_base='build', catkin_cmake_args=None, catkin_skip_building_tests=False, cmake_args=None, cmake_clean_cache=False, cmake_clean_first=False, cmake_force_configure=False, cmake_target=None, cmake_target_skip_unavailable=False, continue_on_error=False, event_handlers=None, executor='parallel', ignore_user_meta=False, install_base='install', log_base=None, log_level=None, main=<bound method BuildVerb.main of <colcon_core.verb.build.BuildVerb object at 0x7fc0457fe3d0>>, merge_install=False, metas=['./colcon.meta'], packages_above=None, packages_above_and_dependencies=None, packages_above_depth=None, packages_end=None, packages_ignore=None, packages_ignore_regex=None, packages_select=None, packages_select_build_failed=False, packages_select_by_dep=None, packages_select_regex=None, packages_select_test_failures=False, packages_skip=None, packages_skip_build_finished=False, packages_skip_by_dep=None, packages_skip_regex=None, packages_skip_test_passed=False, packages_skip_up_to=None, packages_start=None, packages_up_to=None, packages_up_to_regex=None, parallel_workers=8, paths=None, symlink_install=False, test_result_base=None, verb_extension=<colcon_core.verb.build.BuildVerb object at 0x7fc0457fe3d0>, verb_name='build', verb_parser=<colcon_defaults.argument_parser.defaults.DefaultArgumentsDecorator object at 0x7fc045503790>)
[1.541s] Level 1:colcon.colcon_core.package_discovery:discover_packages(colcon_meta) check parameters
[1.541s] Level 1:colcon.colcon_core.package_discovery:discover_packages(recursive) check parameters
[1.541s] Level 1:colcon.colcon_core.package_discovery:discover_packages(ignore) check parameters
[1.541s] Level 1:colcon.colcon_core.package_discovery:discover_packages(path) check parameters
[1.541s] Level 1:colcon.colcon_core.package_discovery:discover_packages(colcon_meta) discover
[1.541s] Level 1:colcon.colcon_core.package_discovery:discover_packages(recursive) discover
[1.541s] INFO:colcon.colcon_core.package_discovery:Crawling recursively for packages in '/home/faizal/ros2_ws'
[1.541s] Level 1:colcon.colcon_core.package_identification:_identify(.) by extensions ['ignore', 'ignore_ament_install']
[1.541s] Level 1:colcon.colcon_core.package_identification:_identify(.) by extension 'ignore'
[1.541s] Level 1:colcon.colcon_core.package_identification:_identify(.) by extension 'ignore_ament_install'
[1.541s] Level 1:colcon.colcon_core.package_identification:_identify(.) by extensions ['colcon_pkg']
[1.541s] Level 1:colcon.colcon_core.package_identification:_identify(.) by extension 'colcon_pkg'
[1.541s] Level 1:colcon.colcon_core.package_identification:_identify(.) by extensions ['colcon_meta']
[1.541s] Level 1:colcon.colcon_core.package_identification:_identify(.) by extension 'colcon_meta'
[1.541s] Level 1:colcon.colcon_core.package_identification:_identify(.) by extensions ['ros']
[1.542s] Level 1:colcon.colcon_core.package_identification:_identify(.) by extension 'ros'
[1.566s] Level 1:colcon.colcon_core.package_identification:_identify(.) by extensions ['cmake', 'python']
[1.566s] Level 1:colcon.colcon_core.package_identification:_identify(.) by extension 'cmake'
[1.566s] Level 1:colcon.colcon_core.package_identification:_identify(.) by extension 'python'
[1.566s] Level 1:colcon.colcon_core.package_identification:_identify(.) by extensions ['python_setup_py']
[1.567s] Level 1:colcon.colcon_core.package_identification:_identify(.) by extension 'python_setup_py'
[1.567s] Level 1:colcon.colcon_core.package_identification:_identify(build) by extensions ['ignore', 'ignore_ament_install']
[1.568s] Level 1:colcon.colcon_core.package_identification:_identify(build) by extension 'ignore'
[1.568s] Level 1:colcon.colcon_core.package_identification:_identify(build) ignored
[1.569s] Level 1:colcon.colcon_core.package_identification:_identify(install) by extensions ['ignore', 'ignore_ament_install']
[1.569s] Level 1:colcon.colcon_core.package_identification:_identify(install) by extension 'ignore'
[1.569s] Level 1:colcon.colcon_core.package_identification:_identify(install) ignored
[1.569s] Level 1:colcon.colcon_core.package_identification:_identify(log) by extensions ['ignore', 'ignore_ament_install']
[1.569s] Level 1:colcon.colcon_core.package_identification:_identify(log) by extension 'ignore'
[1.569s] Level 1:colcon.colcon_core.package_identification:_identify(log) ignored
[1.569s] Level 1:colcon.colcon_core.package_identification:_identify(src) by extensions ['ignore', 'ignore_ament_install']
[1.569s] Level 1:colcon.colcon_core.package_identification:_identify(src) by extension 'ignore'
[1.570s] Level 1:colcon.colcon_core.package_identification:_identify(src) by extension 'ignore_ament_install'
[1.570s] Level 1:colcon.colcon_core.package_identification:_identify(src) by extensions ['colcon_pkg']
[1.571s] Level 1:colcon.colcon_core.package_identification:_identify(src) by extension 'colcon_pkg'
[1.571s] Level 1:colcon.colcon_core.package_identification:_identify(src) by extensions ['colcon_meta']
[1.571s] Level 1:colcon.colcon_core.package_identification:_identify(src) by extension 'colcon_meta'
[1.571s] Level 1:colcon.colcon_core.package_identification:_identify(src) by extensions ['ros']
[1.571s] Level 1:colcon.colcon_core.package_identification:_identify(src) by extension 'ros'
[1.571s] Level 1:colcon.colcon_core.package_identification:_identify(src) by extensions ['cmake', 'python']
[1.571s] Level 1:colcon.colcon_core.package_identification:_identify(src) by extension 'cmake'
[1.572s] Level 1:colcon.colcon_core.package_identification:_identify(src) by extension 'python'
[1.572s] Level 1:colcon.colcon_core.package_identification:_identify(src) by extensions ['python_setup_py']
[1.572s] Level 1:colcon.colcon_core.package_identification:_identify(src) by extension 'python_setup_py'
[1.572s] Level 1:colcon.colcon_core.package_identification:_identify(src/articubot_one) by extensions ['ignore', 'ignore_ament_install']
[1.572s] Level 1:colcon.colcon_core.package_identification:_identify(src/articubot_one) by extension 'ignore'
[1.572s] Level 1:colcon.colcon_core.package_identification:_identify(src/articubot_one) by extension 'ignore_ament_install'
[1.572s] Level 1:colcon.colcon_core.package_identification:_identify(src/articubot_one) by extensions ['colcon_pkg']
[1.572s] Level 1:colcon.colcon_core.package_identification:_identify(src/articubot_one) by extension 'colcon_pkg'
[1.572s] Level 1:colcon.colcon_core.package_identification:_identify(src/articubot_one) by extensions ['colcon_meta']
[1.572s] Level 1:colcon.colcon_core.package_identification:_identify(src/articubot_one) by extension 'colcon_meta'
[1.572s] Level 1:colcon.colcon_core.package_identification:_identify(src/articubot_one) by extensions ['ros']
[1.572s] Level 1:colcon.colcon_core.package_identification:_identify(src/articubot_one) by extension 'ros'
[1.578s] DEBUG:colcon.colcon_core.package_identification:Package 'src/articubot_one' with type 'ros.ament_cmake' and name 'articubot_one'
[1.578s] Level 1:colcon.colcon_core.package_identification:_identify(src/camera) by extensions ['ignore', 'ignore_ament_install']
[1.579s] Level 1:colcon.colcon_core.package_identification:_identify(src/camera) by extension 'ignore'
[1.579s] Level 1:colcon.colcon_core.package_identification:_identify(src/camera) by extension 'ignore_ament_install'
[1.580s] Level 1:colcon.colcon_core.package_identification:_identify(src/camera) by extensions ['colcon_pkg']
[1.580s] Level 1:colcon.colcon_core.package_identification:_identify(src/camera) by extension 'colcon_pkg'
[1.580s] Level 1:colcon.colcon_core.package_identification:_identify(src/camera) by extensions ['colcon_meta']
[1.580s] Level 1:colcon.colcon_core.package_identification:_identify(src/camera) by extension 'colcon_meta'
[1.580s] Level 1:colcon.colcon_core.package_identification:_identify(src/camera) by extensions ['ros']
[1.580s] Level 1:colcon.colcon_core.package_identification:_identify(src/camera) by extension 'ros'
[1.581s] DEBUG:colcon.colcon_core.package_identification:Package 'src/camera' with type 'ros.ament_python' and name 'camera'
[1.581s] Level 1:colcon.colcon_core.package_discovery:discover_packages(recursive) using defaults
[1.581s] Level 1:colcon.colcon_core.package_discovery:discover_packages(ignore) discover
[1.581s] Level 1:colcon.colcon_core.package_discovery:discover_packages(ignore) using defaults
[1.581s] Level 1:colcon.colcon_core.package_discovery:discover_packages(path) discover
[1.581s] Level 1:colcon.colcon_core.package_discovery:discover_packages(path) using defaults
[1.624s] Level 5:colcon.colcon_core.verb:set package 'articubot_one' build argument 'cmake_args' from command line to 'None'
[1.624s] Level 5:colcon.colcon_core.verb:set package 'articubot_one' build argument 'cmake_target' from command line to 'None'
[1.624s] Level 5:colcon.colcon_core.verb:set package 'articubot_one' build argument 'cmake_target_skip_unavailable' from command line to 'False'
[1.624s] Level 5:colcon.colcon_core.verb:set package 'articubot_one' build argument 'cmake_clean_cache' from command line to 'False'
[1.624s] Level 5:colcon.colcon_core.verb:set package 'articubot_one' build argument 'cmake_clean_first' from command line to 'False'
[1.624s] Level 5:colcon.colcon_core.verb:set package 'articubot_one' build argument 'cmake_force_configure' from command line to 'False'
[1.624s] Level 5:colcon.colcon_core.verb:set package 'articubot_one' build argument 'ament_cmake_args' from command line to 'None'
[1.624s] Level 5:colcon.colcon_core.verb:set package 'articubot_one' build argument 'catkin_cmake_args' from command line to 'None'
[1.624s] Level 5:colcon.colcon_core.verb:set package 'articubot_one' build argument 'catkin_skip_building_tests' from command line to 'False'
[1.624s] DEBUG:colcon.colcon_core.verb:Building package 'articubot_one' with the following arguments: {'ament_cmake_args': None, 'build_base': '/home/faizal/ros2_ws/build/articubot_one', 'catkin_cmake_args': None, 'catkin_skip_building_tests': False, 'cmake_args': None, 'cmake_clean_cache': False, 'cmake_clean_first': False, 'cmake_force_configure': False, 'cmake_target': None, 'cmake_target_skip_unavailable': False, 'install_base': '/home/faizal/ros2_ws/install/articubot_one', 'merge_install': False, 'path': '/home/faizal/ros2_ws/src/articubot_one', 'symlink_install': False, 'test_result_base': None}
[1.631s] Level 5:colcon.colcon_core.verb:set package 'camera' build argument 'cmake_args' from command line to 'None'
[1.631s] Level 5:colcon.colcon_core.verb:set package 'camera' build argument 'cmake_target' from command line to 'None'
[1.631s] Level 5:colcon.colcon_core.verb:set package 'camera' build argument 'cmake_target_skip_unavailable' from command line to 'False'
[1.631s] Level 5:colcon.colcon_core.verb:set package 'camera' build argument 'cmake_clean_cache' from command line to 'False'
[1.631s] Level 5:colcon.colcon_core.verb:set package 'camera' build argument 'cmake_clean_first' from command line to 'False'
[1.631s] Level 5:colcon.colcon_core.verb:set package 'camera' build argument 'cmake_force_configure' from command line to 'False'
[1.631s] Level 5:colcon.colcon_core.verb:set package 'camera' build argument 'ament_cmake_args' from command line to 'None'
[1.631s] Level 5:colcon.colcon_core.verb:set package 'camera' build argument 'catkin_cmake_args' from command line to 'None'
[1.631s] Level 5:colcon.colcon_core.verb:set package 'camera' build argument 'catkin_skip_building_tests' from command line to 'False'
[1.631s] DEBUG:colcon.colcon_core.verb:Building package 'camera' with the following arguments: {'ament_cmake_args': None, 'build_base': '/home/faizal/ros2_ws/build/camera', 'catkin_cmake_args': None, 'catkin_skip_building_tests': False, 'cmake_args': None, 'cmake_clean_cache': False, 'cmake_clean_first': False, 'cmake_force_configure': False, 'cmake_target': None, 'cmake_target_skip_unavailable': False, 'install_base': '/home/faizal/ros2_ws/install/camera', 'merge_install': False, 'path': '/home/faizal/ros2_ws/src/camera', 'symlink_install': False, 'test_result_base': None}
[1.637s] INFO:colcon.colcon_core.executor:Executing jobs using 'parallel' executor
[1.644s] DEBUG:colcon.colcon_parallel_executor.executor.parallel:run_until_complete
[1.644s] INFO:colcon.colcon_ros.task.ament_cmake.build:Building ROS package in '/home/faizal/ros2_ws/src/articubot_one' with build type 'ament_cmake'
[1.644s] INFO:colcon.colcon_cmake.task.cmake.build:Building CMake package in '/home/faizal/ros2_ws/src/articubot_one'
[1.652s] INFO:colcon.colcon_core.plugin_system:Skipping extension 'colcon_core.shell.bat': Not used on non-Windows systems
[1.652s] INFO:colcon.colcon_core.shell:Skip shell extension 'powershell' for command environment: Not usable outside of PowerShell
[1.652s] DEBUG:colcon.colcon_core.shell:Skip shell extension 'dsv' for command environment
[1.680s] INFO:colcon.colcon_ros.task.ament_python.build:Building ROS package in '/home/faizal/ros2_ws/src/camera' with build type 'ament_python'
[1.680s] Level 1:colcon.colcon_core.shell:create_environment_hook('camera', 'ament_prefix_path')
[1.686s] INFO:colcon.colcon_core.shell:Creating environment hook '/home/faizal/ros2_ws/install/camera/share/camera/hook/ament_prefix_path.ps1'
[1.687s] INFO:colcon.colcon_core.shell:Creating environment descriptor '/home/faizal/ros2_ws/install/camera/share/camera/hook/ament_prefix_path.dsv'
[1.688s] INFO:colcon.colcon_core.shell:Creating environment hook '/home/faizal/ros2_ws/install/camera/share/camera/hook/ament_prefix_path.sh'
[1.697s] INFO:colcon.colcon_core.shell:Skip shell extension 'powershell' for command environment: Not usable outside of PowerShell
[1.697s] DEBUG:colcon.colcon_core.shell:Skip shell extension 'dsv' for command environment
[1.732s] DEBUG:colcon.colcon_core.event_handler.log_command:Invoking command in '/home/faizal/ros2_ws/build/articubot_one': CMAKE_PREFIX_PATH=${CMAKE_PREFIX_PATH}:/home/faizal/ros2_ws/install/camera:/opt/ros/foxy CONDA_PROMPT_MODIFIER=(ros) /usr/bin/cmake --build /home/faizal/ros2_ws/build/articubot_one -- -j8 -l8
[1.940s] INFO:colcon.colcon_core.task.python.build:Building Python package in '/home/faizal/ros2_ws/src/camera'
[1.947s] INFO:colcon.colcon_core.shell:Skip shell extension 'powershell' for command environment: Not usable outside of PowerShell
[1.947s] DEBUG:colcon.colcon_core.shell:Skip shell extension 'dsv' for command environment
[1.973s] DEBUG:colcon.colcon_core.event_handler.log_command:Invoked command in '/home/faizal/ros2_ws/build/articubot_one' returned '0': CMAKE_PREFIX_PATH=${CMAKE_PREFIX_PATH}:/home/faizal/ros2_ws/install/camera:/opt/ros/foxy CONDA_PROMPT_MODIFIER=(ros) /usr/bin/cmake --build /home/faizal/ros2_ws/build/articubot_one -- -j8 -l8
[2.016s] DEBUG:colcon.colcon_core.event_handler.log_command:Invoking command in '/home/faizal/ros2_ws/build/articubot_one': CMAKE_PREFIX_PATH=${CMAKE_PREFIX_PATH}:/home/faizal/ros2_ws/install/camera:/opt/ros/foxy CONDA_PROMPT_MODIFIER=(ros) /usr/bin/cmake --install /home/faizal/ros2_ws/build/articubot_one
[2.052s] Level 1:colcon.colcon_core.environment:create_environment_scripts_only(articubot_one)
[2.053s] DEBUG:colcon.colcon_core.event_handler.log_command:Invoked command in '/home/faizal/ros2_ws/build/articubot_one' returned '0': CMAKE_PREFIX_PATH=${CMAKE_PREFIX_PATH}:/home/faizal/ros2_ws/install/camera:/opt/ros/foxy CONDA_PROMPT_MODIFIER=(ros) /usr/bin/cmake --install /home/faizal/ros2_ws/build/articubot_one
[2.069s] Level 1:colcon.colcon_core.environment:checking '/home/faizal/ros2_ws/install/articubot_one' for CMake module files
[2.070s] Level 1:colcon.colcon_core.environment:checking '/home/faizal/ros2_ws/install/articubot_one' for CMake config files
[2.070s] Level 1:colcon.colcon_core.shell:create_environment_hook('articubot_one', 'cmake_prefix_path')
[2.083s] INFO:colcon.colcon_core.shell:Creating environment hook '/home/faizal/ros2_ws/install/articubot_one/share/articubot_one/hook/cmake_prefix_path.ps1'
[2.084s] INFO:colcon.colcon_core.shell:Creating environment descriptor '/home/faizal/ros2_ws/install/articubot_one/share/articubot_one/hook/cmake_prefix_path.dsv'
[2.084s] INFO:colcon.colcon_core.shell:Creating environment hook '/home/faizal/ros2_ws/install/articubot_one/share/articubot_one/hook/cmake_prefix_path.sh'
[2.084s] Level 1:colcon.colcon_core.environment:checking '/home/faizal/ros2_ws/install/articubot_one/bin'
[2.085s] Level 1:colcon.colcon_core.environment:checking '/home/faizal/ros2_ws/install/articubot_one/lib/pkgconfig/articubot_one.pc'
[2.085s] Level 1:colcon.colcon_core.environment:checking '/home/faizal/ros2_ws/install/articubot_one/lib/python3.8/site-packages'
[2.085s] Level 1:colcon.colcon_core.environment:checking '/home/faizal/ros2_ws/install/articubot_one/bin'
[2.099s] INFO:colcon.colcon_core.shell:Creating package script '/home/faizal/ros2_ws/install/articubot_one/share/articubot_one/package.ps1'
[2.100s] INFO:colcon.colcon_core.shell:Creating package descriptor '/home/faizal/ros2_ws/install/articubot_one/share/articubot_one/package.dsv'
[2.100s] INFO:colcon.colcon_core.shell:Creating package script '/home/faizal/ros2_ws/install/articubot_one/share/articubot_one/package.sh'
[2.101s] INFO:colcon.colcon_core.shell:Creating package script '/home/faizal/ros2_ws/install/articubot_one/share/articubot_one/package.bash'
[2.102s] INFO:colcon.colcon_core.shell:Creating package script '/home/faizal/ros2_ws/install/articubot_one/share/articubot_one/package.zsh'
[2.103s] Level 1:colcon.colcon_core.environment:create_file_with_runtime_dependencies(/home/faizal/ros2_ws/install/articubot_one/share/colcon-core/packages/articubot_one)
[2.153s] Level 1:colcon.colcon_core.environment:create_environment_scripts_only(articubot_one)
[2.166s] Level 1:colcon.colcon_core.environment:checking '/home/faizal/ros2_ws/install/articubot_one' for CMake module files
[2.166s] Level 1:colcon.colcon_core.environment:checking '/home/faizal/ros2_ws/install/articubot_one' for CMake config files
[2.166s] Level 1:colcon.colcon_core.shell:create_environment_hook('articubot_one', 'cmake_prefix_path')
[2.183s] INFO:colcon.colcon_core.shell:Creating environment hook '/home/faizal/ros2_ws/install/articubot_one/share/articubot_one/hook/cmake_prefix_path.ps1'
[2.185s] INFO:colcon.colcon_core.shell:Creating environment descriptor '/home/faizal/ros2_ws/install/articubot_one/share/articubot_one/hook/cmake_prefix_path.dsv'
[2.185s] INFO:colcon.colcon_core.shell:Creating environment hook '/home/faizal/ros2_ws/install/articubot_one/share/articubot_one/hook/cmake_prefix_path.sh'
[2.188s] Level 1:colcon.colcon_core.environment:checking '/home/faizal/ros2_ws/install/articubot_one/bin'
[2.188s] Level 1:colcon.colcon_core.environment:checking '/home/faizal/ros2_ws/install/articubot_one/lib/pkgconfig/articubot_one.pc'
[2.190s] Level 1:colcon.colcon_core.environment:checking '/home/faizal/ros2_ws/install/articubot_one/lib/python3.8/site-packages'
[2.191s] Level 1:colcon.colcon_core.environment:checking '/home/faizal/ros2_ws/install/articubot_one/bin'
[2.205s] INFO:colcon.colcon_core.shell:Creating package script '/home/faizal/ros2_ws/install/articubot_one/share/articubot_one/package.ps1'
[2.206s] INFO:colcon.colcon_core.shell:Creating package descriptor '/home/faizal/ros2_ws/install/articubot_one/share/articubot_one/package.dsv'
[2.207s] INFO:colcon.colcon_core.shell:Creating package script '/home/faizal/ros2_ws/install/articubot_one/share/articubot_one/package.sh'
[2.208s] INFO:colcon.colcon_core.shell:Creating package script '/home/faizal/ros2_ws/install/articubot_one/share/articubot_one/package.bash'
[2.208s] INFO:colcon.colcon_core.shell:Creating package script '/home/faizal/ros2_ws/install/articubot_one/share/articubot_one/package.zsh'
[2.209s] Level 1:colcon.colcon_core.environment:create_file_with_runtime_dependencies(/home/faizal/ros2_ws/install/articubot_one/share/colcon-core/packages/articubot_one)
[2.526s] DEBUG:colcon.colcon_core.event_handler.log_command:Invoking command in '/home/faizal/ros2_ws/src/camera': CONDA_PROMPT_MODIFIER=(ros) PYTHONPATH=/home/faizal/ros2_ws/build/camera/prefix_override:/home/faizal/ros2_ws/install/camera/lib/python3.8/site-packages:${PYTHONPATH} /home/faizal/miniconda3/envs/ros/bin/python setup.py egg_info --egg-base ../../build/camera build --build-base /home/faizal/ros2_ws/build/camera/build install --record /home/faizal/ros2_ws/build/camera/install.log --install-scripts $base/lib/camera --single-version-externally-managed
[2.931s] DEBUG:colcon.colcon_core.event_handler.log_command:Invoked command in '/home/faizal/ros2_ws/src/camera' returned '0': CONDA_PROMPT_MODIFIER=(ros) PYTHONPATH=/home/faizal/ros2_ws/build/camera/prefix_override:/home/faizal/ros2_ws/install/camera/lib/python3.8/site-packages:${PYTHONPATH} /home/faizal/miniconda3/envs/ros/bin/python setup.py egg_info --egg-base ../../build/camera build --build-base /home/faizal/ros2_ws/build/camera/build install --record /home/faizal/ros2_ws/build/camera/install.log --install-scripts $base/lib/camera --single-version-externally-managed
[2.940s] Level 1:colcon.colcon_core.environment:checking '/home/faizal/ros2_ws/install/camera' for CMake module files
[2.940s] Level 1:colcon.colcon_core.environment:checking '/home/faizal/ros2_ws/install/camera' for CMake config files
[2.941s] Level 1:colcon.colcon_core.environment:checking '/home/faizal/ros2_ws/install/camera/lib'
[2.941s] Level 1:colcon.colcon_core.environment:checking '/home/faizal/ros2_ws/install/camera/bin'
[2.941s] Level 1:colcon.colcon_core.environment:checking '/home/faizal/ros2_ws/install/camera/lib/pkgconfig/camera.pc'
[2.942s] Level 1:colcon.colcon_core.environment:checking '/home/faizal/ros2_ws/install/camera/lib/python3.8/site-packages'
[2.942s] Level 1:colcon.colcon_core.shell:create_environment_hook('camera', 'pythonpath')
[2.948s] INFO:colcon.colcon_core.shell:Creating environment hook '/home/faizal/ros2_ws/install/camera/share/camera/hook/pythonpath.ps1'
[2.948s] INFO:colcon.colcon_core.shell:Creating environment descriptor '/home/faizal/ros2_ws/install/camera/share/camera/hook/pythonpath.dsv'
[2.948s] INFO:colcon.colcon_core.shell:Creating environment hook '/home/faizal/ros2_ws/install/camera/share/camera/hook/pythonpath.sh'
[2.949s] Level 1:colcon.colcon_core.environment:checking '/home/faizal/ros2_ws/install/camera/bin'
[2.949s] Level 1:colcon.colcon_core.environment:create_environment_scripts_only(camera)
[2.957s] INFO:colcon.colcon_core.shell:Creating package script '/home/faizal/ros2_ws/install/camera/share/camera/package.ps1'
[2.958s] INFO:colcon.colcon_core.shell:Creating package descriptor '/home/faizal/ros2_ws/install/camera/share/camera/package.dsv'
[2.958s] INFO:colcon.colcon_core.shell:Creating package script '/home/faizal/ros2_ws/install/camera/share/camera/package.sh'
[2.959s] INFO:colcon.colcon_core.shell:Creating package script '/home/faizal/ros2_ws/install/camera/share/camera/package.bash'
[2.959s] INFO:colcon.colcon_core.shell:Creating package script '/home/faizal/ros2_ws/install/camera/share/camera/package.zsh'
[2.959s] Level 1:colcon.colcon_core.environment:create_file_with_runtime_dependencies(/home/faizal/ros2_ws/install/camera/share/colcon-core/packages/camera)
[2.960s] DEBUG:colcon.colcon_parallel_executor.executor.parallel:closing loop
[2.960s] DEBUG:colcon.colcon_parallel_executor.executor.parallel:loop closed
[2.960s] DEBUG:colcon.colcon_parallel_executor.executor.parallel:run_until_complete finished with '0'
[2.960s] DEBUG:colcon.colcon_core.event_reactor:joining thread
[2.967s] INFO:colcon.colcon_core.plugin_system:Skipping extension 'colcon_notification.desktop_notification.notify2': 'notify2' not found
[2.968s] INFO:colcon.colcon_core.plugin_system:Skipping extension 'colcon_notification.desktop_notification.terminal_notifier': Not used on non-Darwin systems
[2.968s] INFO:colcon.colcon_core.plugin_system:Skipping extension 'colcon_notification.desktop_notification.win32': Not used on non-Windows systems
[2.968s] INFO:colcon.colcon_notification.desktop_notification:Sending desktop notification using 'notify_send'
[2.994s] DEBUG:colcon.colcon_core.event_reactor:joined thread
[3.004s] INFO:colcon.colcon_core.shell:Creating prefix script '/home/faizal/ros2_ws/install/local_setup.ps1'
[3.006s] INFO:colcon.colcon_core.shell:Creating prefix util module '/home/faizal/ros2_ws/install/_local_setup_util_ps1.py'
[3.007s] INFO:colcon.colcon_core.shell:Creating prefix chain script '/home/faizal/ros2_ws/install/setup.ps1'
[3.013s] INFO:colcon.colcon_core.shell:Creating prefix script '/home/faizal/ros2_ws/install/local_setup.sh'
[3.013s] INFO:colcon.colcon_core.shell:Creating prefix util module '/home/faizal/ros2_ws/install/_local_setup_util_sh.py'
[3.013s] INFO:colcon.colcon_core.shell:Creating prefix chain script '/home/faizal/ros2_ws/install/setup.sh'
[3.023s] INFO:colcon.colcon_core.shell:Creating prefix script '/home/faizal/ros2_ws/install/local_setup.bash'
[3.024s] INFO:colcon.colcon_core.shell:Creating prefix chain script '/home/faizal/ros2_ws/install/setup.bash'
[3.029s] INFO:colcon.colcon_core.shell:Creating prefix script '/home/faizal/ros2_ws/install/local_setup.zsh'
[3.030s] INFO:colcon.colcon_core.shell:Creating prefix chain script '/home/faizal/ros2_ws/install/setup.zsh'
