[0.827s] Invoking command in '/home/faizal/ros2_ws/build/camera': CONDA_PROMPT_MODIFIER=(ros) PYTHONPATH=/home/faizal/ros2_ws/build/camera/prefix_override:/home/faizal/ros2_ws/install/camera/lib/python3.8/site-packages:${PYTHONPATH} /home/faizal/miniconda3/envs/ros/bin/python setup.py develop --editable --build-directory /home/faizal/ros2_ws/build/camera/build --no-deps install_data
[0.943s] /home/faizal/miniconda3/envs/ros/lib/python3.8/site-packages/setuptools/dist.py:745: SetuptoolsDeprecationWarning: Invalid dash-separated options
[0.943s] !!
[0.943s] 
[0.943s]         ********************************************************************************
[0.943s]         Usage of dash-separated 'script-dir' will not be supported in future
[0.943s]         versions. Please use the underscore name 'script_dir' instead.
[0.943s] 
[0.943s]         This deprecation is overdue, please update your project and remove deprecated
[0.943s]         calls to avoid build errors in the future.
[0.943s] 
[0.943s]         See https://setuptools.pypa.io/en/latest/userguide/declarative_config.html for details.
[0.944s]         ********************************************************************************
[0.944s] 
[0.944s] !!
[0.944s]   opt = self.warn_dash_deprecation(opt, section)
[1.061s] running develop
[1.061s] /home/faizal/miniconda3/envs/ros/lib/python3.8/site-packages/setuptools/command/develop.py:40: EasyInstallDeprecationWarning: easy_install command is deprecated.
[1.062s] !!
[1.062s] 
[1.062s]         ********************************************************************************
[1.062s]         Please avoid running ``setup.py`` and ``easy_install``.
[1.062s]         Instead, use pypa/build, pypa/installer or other
[1.062s]         standards-based tools.
[1.062s] 
[1.062s]         See https://github.com/pypa/setuptools/issues/917 for details.
[1.062s]         ********************************************************************************
[1.062s] 
[1.062s] !!
[1.062s]   easy_install.initialize_options(self)
[1.081s] /home/faizal/miniconda3/envs/ros/lib/python3.8/site-packages/setuptools/_distutils/cmd.py:66: SetuptoolsDeprecationWarning: setup.py install is deprecated.
[1.081s] !!
[1.081s] 
[1.081s]         ********************************************************************************
[1.081s]         Please avoid running ``setup.py`` directly.
[1.081s]         Instead, use pypa/build, pypa/installer or other
[1.081s]         standards-based tools.
[1.082s] 
[1.082s]         See https://blog.ganssle.io/articles/2021/10/setup-py-deprecated.html for details.
[1.082s]         ********************************************************************************
[1.082s] 
[1.082s] !!
[1.082s]   self.initialize_options()
[1.169s] running egg_info
[1.180s] writing camera.egg-info/PKG-INFO
[1.180s] writing dependency_links to camera.egg-info/dependency_links.txt
[1.180s] writing entry points to camera.egg-info/entry_points.txt
[1.180s] writing requirements to camera.egg-info/requires.txt
[1.181s] writing top-level names to camera.egg-info/top_level.txt
[1.202s] reading manifest file 'camera.egg-info/SOURCES.txt'
[1.203s] writing manifest file 'camera.egg-info/SOURCES.txt'
[1.214s] running build_ext
[1.214s] Creating /home/faizal/ros2_ws/install/camera/lib/python3.8/site-packages/camera.egg-link (link to .)
[1.215s] Installing image_node script to /home/faizal/ros2_ws/install/camera/lib/camera
[1.215s] Installing imu_node script to /home/faizal/ros2_ws/install/camera/lib/camera
[1.215s] Installing listen_node script to /home/faizal/ros2_ws/install/camera/lib/camera
[1.215s] 
[1.215s] Installed /home/faizal/ros2_ws/build/camera
[1.215s] running install_data
[1.252s] Invoked command in '/home/faizal/ros2_ws/build/camera' returned '0': CONDA_PROMPT_MODIFIER=(ros) PYTHONPATH=/home/faizal/ros2_ws/build/camera/prefix_override:/home/faizal/ros2_ws/install/camera/lib/python3.8/site-packages:${PYTHONPATH} /home/faizal/miniconda3/envs/ros/bin/python setup.py develop --editable --build-directory /home/faizal/ros2_ws/build/camera/build --no-deps install_data
