[0.743s] Invoking command in '/home/faizal/ros2_ws/src/camera': CONDA_PROMPT_MODIFIER=(ros) PYTHONPATH=/home/faizal/ros2_ws/build/camera/prefix_override:/home/faizal/ros2_ws/install/camera/lib/python3.8/site-packages:${PYTHONPATH} /home/faizal/miniconda3/envs/ros/bin/python setup.py egg_info --egg-base ../../build/camera build --build-base /home/faizal/ros2_ws/build/camera/build install --record /home/faizal/ros2_ws/build/camera/install.log --install-scripts $base/lib/camera --single-version-externally-managed
[0.859s] /home/faizal/miniconda3/envs/ros/lib/python3.8/site-packages/setuptools/dist.py:745: SetuptoolsDeprecationWarning: Invalid dash-separated options
[0.859s] !!
[0.859s] 
[0.860s]         ********************************************************************************
[0.860s]         Usage of dash-separated 'script-dir' will not be supported in future
[0.860s]         versions. Please use the underscore name 'script_dir' instead.
[0.860s] 
[0.860s]         This deprecation is overdue, please update your project and remove deprecated
[0.860s]         calls to avoid build errors in the future.
[0.860s] 
[0.860s]         See https://setuptools.pypa.io/en/latest/userguide/declarative_config.html for details.
[0.860s]         ********************************************************************************
[0.860s] 
[0.860s] !!
[0.860s]   opt = self.warn_dash_deprecation(opt, section)
[0.928s] running egg_info
[0.989s] writing ../../build/camera/camera.egg-info/PKG-INFO
[0.989s] writing dependency_links to ../../build/camera/camera.egg-info/dependency_links.txt
[0.990s] writing entry points to ../../build/camera/camera.egg-info/entry_points.txt
[0.990s] writing requirements to ../../build/camera/camera.egg-info/requires.txt
[0.990s] writing top-level names to ../../build/camera/camera.egg-info/top_level.txt
[1.017s] reading manifest file '../../build/camera/camera.egg-info/SOURCES.txt'
[1.018s] writing manifest file '../../build/camera/camera.egg-info/SOURCES.txt'
[1.019s] running build
[1.019s] running build_py
[1.019s] copying camera/image_subscriber.py -> /home/faizal/ros2_ws/build/camera/build/lib/camera
[1.020s] running install
[1.020s] /home/faizal/miniconda3/envs/ros/lib/python3.8/site-packages/setuptools/_distutils/cmd.py:66: SetuptoolsDeprecationWarning: setup.py install is deprecated.
[1.020s] !!
[1.020s] 
[1.020s]         ********************************************************************************
[1.020s]         Please avoid running ``setup.py`` directly.
[1.020s]         Instead, use pypa/build, pypa/installer or other
[1.020s]         standards-based tools.
[1.020s] 
[1.021s]         See https://blog.ganssle.io/articles/2021/10/setup-py-deprecated.html for details.
[1.021s]         ********************************************************************************
[1.021s] 
[1.021s] !!
[1.021s]   self.initialize_options()
[1.025s] running install_lib
[1.037s] copying /home/faizal/ros2_ws/build/camera/build/lib/camera/image_subscriber.py -> /home/faizal/ros2_ws/install/camera/lib/python3.8/site-packages/camera
[1.038s] byte-compiling /home/faizal/ros2_ws/install/camera/lib/python3.8/site-packages/camera/image_subscriber.py to image_subscriber.cpython-38.pyc
[1.038s]   File "/home/faizal/ros2_ws/install/camera/lib/python3.8/site-packages/camera/image_subscriber.py", line 18
[1.038s]     qos_profile=qos_profile_sensor_data
[1.038s]     ^
[1.038s] SyntaxError: invalid syntax
[1.038s] 
[1.038s] running install_data
[1.047s] running install_egg_info
[1.056s] removing '/home/faizal/ros2_ws/install/camera/lib/python3.8/site-packages/camera-0.0.0-py3.8.egg-info' (and everything under it)
[1.056s] Copying ../../build/camera/camera.egg-info to /home/faizal/ros2_ws/install/camera/lib/python3.8/site-packages/camera-0.0.0-py3.8.egg-info
[1.057s] running install_scripts
[1.099s] Installing image_node script to /home/faizal/ros2_ws/install/camera/lib/camera
[1.099s] Installing listen_node script to /home/faizal/ros2_ws/install/camera/lib/camera
[1.100s] writing list of installed files to '/home/faizal/ros2_ws/build/camera/install.log'
[1.131s] Invoked command in '/home/faizal/ros2_ws/src/camera' returned '0': CONDA_PROMPT_MODIFIER=(ros) PYTHONPATH=/home/faizal/ros2_ws/build/camera/prefix_override:/home/faizal/ros2_ws/install/camera/lib/python3.8/site-packages:${PYTHONPATH} /home/faizal/miniconda3/envs/ros/bin/python setup.py egg_info --egg-base ../../build/camera build --build-base /home/faizal/ros2_ws/build/camera/build install --record /home/faizal/ros2_ws/build/camera/install.log --install-scripts $base/lib/camera --single-version-externally-managed
