[0.059s] Invoking command in '/home/faizal/ros2_ws/build/articubot_one': CMAKE_PREFIX_PATH=${CMAKE_PREFIX_PATH}:/home/faizal/ros2_ws/install/camera:/opt/ros/foxy CONDA_PROMPT_MODIFIER=(ros) /usr/bin/cmake /home/faizal/ros2_ws/src/articubot_one -DCMAKE_INSTALL_PREFIX=/home/faizal/ros2_ws/install/articubot_one
[0.069s] -- Found ament_cmake: 0.9.12 (/opt/ros/foxy/share/ament_cmake/cmake)
[0.084s] -- Using PYTHON_EXECUTABLE: /home/faizal/miniconda3/envs/ros/bin/python3
[0.181s] -- Override CMake install command with custom implementation using symlinks instead of copying resources
[0.189s] -- Found ament_lint_auto: 0.9.8 (/opt/ros/foxy/share/ament_lint_auto/cmake)
[0.255s] -- Added test 'copyright' to check source files copyright and LICENSE
[0.258s] -- Added test 'flake8' to check Python code syntax and style conventions
[0.259s] -- Added test 'lint_cmake' to check CMake code style
[0.260s] -- Added test 'pep257' to check Python code against some of the style conventions in PEP 257
[0.262s] -- Added test 'xmllint' to check XML markup files
[0.263s] -- Configuring done
[0.265s] -- Generating done
[0.265s] -- Build files have been written to: /home/faizal/ros2_ws/build/articubot_one
[0.267s] Invoked command in '/home/faizal/ros2_ws/build/articubot_one' returned '0': CMAKE_PREFIX_PATH=${CMAKE_PREFIX_PATH}:/home/faizal/ros2_ws/install/camera:/opt/ros/foxy CONDA_PROMPT_MODIFIER=(ros) /usr/bin/cmake /home/faizal/ros2_ws/src/articubot_one -DCMAKE_INSTALL_PREFIX=/home/faizal/ros2_ws/install/articubot_one
[0.270s] Invoking command in '/home/faizal/ros2_ws/build/articubot_one': CMAKE_PREFIX_PATH=${CMAKE_PREFIX_PATH}:/home/faizal/ros2_ws/install/camera:/opt/ros/foxy CONDA_PROMPT_MODIFIER=(ros) /usr/bin/cmake --build /home/faizal/ros2_ws/build/articubot_one -- -j8 -l8
[0.297s] Invoked command in '/home/faizal/ros2_ws/build/articubot_one' returned '0': CMAKE_PREFIX_PATH=${CMAKE_PREFIX_PATH}:/home/faizal/ros2_ws/install/camera:/opt/ros/foxy CONDA_PROMPT_MODIFIER=(ros) /usr/bin/cmake --build /home/faizal/ros2_ws/build/articubot_one -- -j8 -l8
[0.320s] Invoking command in '/home/faizal/ros2_ws/build/articubot_one': CMAKE_PREFIX_PATH=${CMAKE_PREFIX_PATH}:/home/faizal/ros2_ws/install/camera:/opt/ros/foxy CONDA_PROMPT_MODIFIER=(ros) /usr/bin/cmake --install /home/faizal/ros2_ws/build/articubot_one
[0.326s] -- Install configuration: ""
[0.326s] -- Execute custom install script
[0.326s] -- Up-to-date symlink: /home/faizal/ros2_ws/install/articubot_one/share/articubot_one/config/ball_tracker_params_robot.yaml
[0.327s] -- Up-to-date symlink: /home/faizal/ros2_ws/install/articubot_one/share/articubot_one/config/ball_tracker_params_sim.yaml
[0.327s] -- Up-to-date symlink: /home/faizal/ros2_ws/install/articubot_one/share/articubot_one/config/drive_bot.rviz
[0.327s] -- Up-to-date symlink: /home/faizal/ros2_ws/install/articubot_one/share/articubot_one/config/empty.yaml
[0.327s] -- Up-to-date symlink: /home/faizal/ros2_ws/install/articubot_one/share/articubot_one/config/gaz_ros2_ctl_use_sim.yaml
[0.327s] -- Up-to-date symlink: /home/faizal/ros2_ws/install/articubot_one/share/articubot_one/config/gazebo_params.yaml
[0.327s] -- Up-to-date symlink: /home/faizal/ros2_ws/install/articubot_one/share/articubot_one/config/joystick.yaml
[0.327s] -- Up-to-date symlink: /home/faizal/ros2_ws/install/articubot_one/share/articubot_one/config/main.rviz
[0.327s] -- Up-to-date symlink: /home/faizal/ros2_ws/install/articubot_one/share/articubot_one/config/map.rviz
[0.328s] -- Up-to-date symlink: /home/faizal/ros2_ws/install/articubot_one/share/articubot_one/config/mapper_params_online_async.yaml
[0.328s] -- Up-to-date symlink: /home/faizal/ros2_ws/install/articubot_one/share/articubot_one/config/my_controllers.yaml
[0.328s] -- Up-to-date symlink: /home/faizal/ros2_ws/install/articubot_one/share/articubot_one/config/nav2_params.yaml
[0.328s] -- Up-to-date symlink: /home/faizal/ros2_ws/install/articubot_one/share/articubot_one/config/twist_mux.yaml
[0.328s] -- Up-to-date symlink: /home/faizal/ros2_ws/install/articubot_one/share/articubot_one/config/view_bot.rviz
[0.328s] -- Up-to-date symlink: /home/faizal/ros2_ws/install/articubot_one/share/articubot_one/description/camera.xacro
[0.329s] -- Up-to-date symlink: /home/faizal/ros2_ws/install/articubot_one/share/articubot_one/description/depth_camera.xacro
[0.329s] -- Up-to-date symlink: /home/faizal/ros2_ws/install/articubot_one/share/articubot_one/description/face.xacro
[0.329s] -- Up-to-date symlink: /home/faizal/ros2_ws/install/articubot_one/share/articubot_one/description/gazebo_control.xacro
[0.329s] -- Up-to-date symlink: /home/faizal/ros2_ws/install/articubot_one/share/articubot_one/description/inertial_macros.xacro
[0.329s] -- Up-to-date symlink: /home/faizal/ros2_ws/install/articubot_one/share/articubot_one/description/lidar.xacro
[0.330s] -- Up-to-date symlink: /home/faizal/ros2_ws/install/articubot_one/share/articubot_one/description/robot.urdf.xacro
[0.330s] -- Up-to-date symlink: /home/faizal/ros2_ws/install/articubot_one/share/articubot_one/description/robot_core.xacro
[0.330s] -- Up-to-date symlink: /home/faizal/ros2_ws/install/articubot_one/share/articubot_one/description/ros2_control.xacro
[0.330s] -- Up-to-date symlink: /home/faizal/ros2_ws/install/articubot_one/share/articubot_one/launch/ball_tracker.launch.py
[0.330s] -- Up-to-date symlink: /home/faizal/ros2_ws/install/articubot_one/share/articubot_one/launch/camera.launch.py
[0.331s] -- Up-to-date symlink: /home/faizal/ros2_ws/install/articubot_one/share/articubot_one/launch/image_subscriber_launch.py
[0.331s] -- Up-to-date symlink: /home/faizal/ros2_ws/install/articubot_one/share/articubot_one/launch/joystick.launch.py
[0.331s] -- Up-to-date symlink: /home/faizal/ros2_ws/install/articubot_one/share/articubot_one/launch/launch_robot.launch.py
[0.331s] -- Up-to-date symlink: /home/faizal/ros2_ws/install/articubot_one/share/articubot_one/launch/launch_sim.launch.py
[0.331s] -- Up-to-date symlink: /home/faizal/ros2_ws/install/articubot_one/share/articubot_one/launch/localization_launch.py
[0.331s] -- Up-to-date symlink: /home/faizal/ros2_ws/install/articubot_one/share/articubot_one/launch/navigation_launch.py
[0.332s] -- Up-to-date symlink: /home/faizal/ros2_ws/install/articubot_one/share/articubot_one/launch/online_async_launch.py
[0.332s] -- Up-to-date symlink: /home/faizal/ros2_ws/install/articubot_one/share/articubot_one/launch/rplidar.launch.py
[0.332s] -- Up-to-date symlink: /home/faizal/ros2_ws/install/articubot_one/share/articubot_one/launch/rsp.launch.py
[0.332s] -- Up-to-date symlink: /home/faizal/ros2_ws/install/articubot_one/share/articubot_one/worlds/empty.world
[0.333s] -- Up-to-date symlink: /home/faizal/ros2_ws/install/articubot_one/share/articubot_one/worlds/obstacles.world
[0.333s] -- Up-to-date symlink: /home/faizal/ros2_ws/install/articubot_one/share/ament_index/resource_index/package_run_dependencies/articubot_one
[0.333s] -- Up-to-date symlink: /home/faizal/ros2_ws/install/articubot_one/share/ament_index/resource_index/parent_prefix_path/articubot_one
[0.333s] -- Up-to-date symlink: /home/faizal/ros2_ws/install/articubot_one/share/articubot_one/environment/ament_prefix_path.sh
[0.334s] -- Up-to-date symlink: /home/faizal/ros2_ws/install/articubot_one/share/articubot_one/environment/ament_prefix_path.dsv
[0.334s] -- Up-to-date symlink: /home/faizal/ros2_ws/install/articubot_one/share/articubot_one/environment/path.sh
[0.334s] -- Up-to-date symlink: /home/faizal/ros2_ws/install/articubot_one/share/articubot_one/environment/path.dsv
[0.334s] -- Up-to-date symlink: /home/faizal/ros2_ws/install/articubot_one/share/articubot_one/local_setup.bash
[0.335s] -- Up-to-date symlink: /home/faizal/ros2_ws/install/articubot_one/share/articubot_one/local_setup.sh
[0.335s] -- Up-to-date symlink: /home/faizal/ros2_ws/install/articubot_one/share/articubot_one/local_setup.zsh
[0.335s] -- Up-to-date symlink: /home/faizal/ros2_ws/install/articubot_one/share/articubot_one/local_setup.dsv
[0.335s] -- Symlinking: /home/faizal/ros2_ws/install/articubot_one/share/articubot_one/package.dsv
[0.342s] -- Up-to-date symlink: /home/faizal/ros2_ws/install/articubot_one/share/ament_index/resource_index/packages/articubot_one
[0.342s] -- Up-to-date symlink: /home/faizal/ros2_ws/install/articubot_one/share/articubot_one/cmake/articubot_oneConfig.cmake
[0.343s] -- Up-to-date symlink: /home/faizal/ros2_ws/install/articubot_one/share/articubot_one/cmake/articubot_oneConfig-version.cmake
[0.343s] -- Up-to-date symlink: /home/faizal/ros2_ws/install/articubot_one/share/articubot_one/package.xml
[0.345s] Invoked command in '/home/faizal/ros2_ws/build/articubot_one' returned '0': CMAKE_PREFIX_PATH=${CMAKE_PREFIX_PATH}:/home/faizal/ros2_ws/install/camera:/opt/ros/foxy CONDA_PROMPT_MODIFIER=(ros) /usr/bin/cmake --install /home/faizal/ros2_ws/build/articubot_one
