[0.460s] Invoking command in '/home/faizal/ros2_ws/src/camera': CONDA_PROMPT_MODIFIER=(ros) PYTHONPATH=/home/faizal/ros2_ws/build/camera/prefix_override:/home/faizal/ros2_ws/install/camera/lib/python3.9/site-packages:${PYTHONPATH} /home/faizal/miniconda3/envs/ros/bin/python setup.py egg_info --egg-base ../../build/camera build --build-base /home/faizal/ros2_ws/build/camera/build install --record /home/faizal/ros2_ws/build/camera/install.log --install-scripts $base/lib/camera --single-version-externally-managed
[0.541s] /home/faizal/miniconda3/envs/ros/lib/python3.9/site-packages/setuptools/dist.py:745: SetuptoolsDeprecationWarning: Invalid dash-separated options
[0.541s] !!
[0.541s] 
[0.541s]         ********************************************************************************
[0.541s]         Usage of dash-separated 'script-dir' will not be supported in future
[0.541s]         versions. Please use the underscore name 'script_dir' instead.
[0.541s] 
[0.541s]         This deprecation is overdue, please update your project and remove deprecated
[0.541s]         calls to avoid build errors in the future.
[0.541s] 
[0.541s]         See https://setuptools.pypa.io/en/latest/userguide/declarative_config.html for details.
[0.541s]         ********************************************************************************
[0.541s] 
[0.541s] !!
[0.541s]   opt = self.warn_dash_deprecation(opt, section)
[0.582s] running egg_info
[0.589s] writing ../../build/camera/camera.egg-info/PKG-INFO
[0.589s] writing dependency_links to ../../build/camera/camera.egg-info/dependency_links.txt
[0.589s] writing entry points to ../../build/camera/camera.egg-info/entry_points.txt
[0.589s] writing requirements to ../../build/camera/camera.egg-info/requires.txt
[0.589s] writing top-level names to ../../build/camera/camera.egg-info/top_level.txt
[0.602s] reading manifest file '../../build/camera/camera.egg-info/SOURCES.txt'
[0.603s] writing manifest file '../../build/camera/camera.egg-info/SOURCES.txt'
[0.603s] running build
[0.603s] running build_py
[0.603s] copying camera/image_subscriber.py -> /home/faizal/ros2_ws/build/camera/build/lib/camera
[0.603s] running install
[0.604s] /home/faizal/miniconda3/envs/ros/lib/python3.9/site-packages/setuptools/_distutils/cmd.py:66: SetuptoolsDeprecationWarning: setup.py install is deprecated.
[0.604s] !!
[0.604s] 
[0.604s]         ********************************************************************************
[0.604s]         Please avoid running ``setup.py`` directly.
[0.604s]         Instead, use pypa/build, pypa/installer or other
[0.604s]         standards-based tools.
[0.604s] 
[0.604s]         See https://blog.ganssle.io/articles/2021/10/setup-py-deprecated.html for details.
[0.604s]         ********************************************************************************
[0.604s] 
[0.605s] !!
[0.605s]   self.initialize_options()
[0.610s] running install_lib
[0.617s] copying /home/faizal/ros2_ws/build/camera/build/lib/camera/image_subscriber.py -> /home/faizal/ros2_ws/install/camera/lib/python3.9/site-packages/camera
[0.617s] byte-compiling /home/faizal/ros2_ws/install/camera/lib/python3.9/site-packages/camera/image_subscriber.py to image_subscriber.cpython-39.pyc
[0.617s] running install_data
[0.624s] running install_egg_info
[0.631s] removing '/home/faizal/ros2_ws/install/camera/lib/python3.9/site-packages/camera-0.0.0-py3.9.egg-info' (and everything under it)
[0.631s] Copying ../../build/camera/camera.egg-info to /home/faizal/ros2_ws/install/camera/lib/python3.9/site-packages/camera-0.0.0-py3.9.egg-info
[0.631s] running install_scripts
[0.691s] Installing image_node script to /home/faizal/ros2_ws/install/camera/lib/camera
[0.691s] writing list of installed files to '/home/faizal/ros2_ws/build/camera/install.log'
[0.708s] Invoked command in '/home/faizal/ros2_ws/src/camera' returned '0': CONDA_PROMPT_MODIFIER=(ros) PYTHONPATH=/home/faizal/ros2_ws/build/camera/prefix_override:/home/faizal/ros2_ws/install/camera/lib/python3.9/site-packages:${PYTHONPATH} /home/faizal/miniconda3/envs/ros/bin/python setup.py egg_info --egg-base ../../build/camera build --build-base /home/faizal/ros2_ws/build/camera/build install --record /home/faizal/ros2_ws/build/camera/install.log --install-scripts $base/lib/camera --single-version-externally-managed
