[0.697s] Invoking command in '/home/faizal/ros2_ws/src/camera': CONDA_PROMPT_MODIFIER=(ros) PYTHONPATH=/home/faizal/ros2_ws/build/camera/prefix_override:/home/faizal/ros2_ws/install/camera/lib/python3.8/site-packages:${PYTHONPATH} /home/faizal/miniconda3/envs/ros/bin/python setup.py egg_info --egg-base ../../build/camera build --build-base /home/faizal/ros2_ws/build/camera/build install --record /home/faizal/ros2_ws/build/camera/install.log --install-scripts $base/lib/camera --single-version-externally-managed
[0.806s] /home/faizal/miniconda3/envs/ros/lib/python3.8/site-packages/setuptools/dist.py:745: SetuptoolsDeprecationWarning: Invalid dash-separated options
[0.806s] !!
[0.806s] 
[0.806s]         ********************************************************************************
[0.806s]         Usage of dash-separated 'script-dir' will not be supported in future
[0.806s]         versions. Please use the underscore name 'script_dir' instead.
[0.806s] 
[0.806s]         This deprecation is overdue, please update your project and remove deprecated
[0.807s]         calls to avoid build errors in the future.
[0.807s] 
[0.807s]         See https://setuptools.pypa.io/en/latest/userguide/declarative_config.html for details.
[0.807s]         ********************************************************************************
[0.807s] 
[0.807s] !!
[0.807s]   opt = self.warn_dash_deprecation(opt, section)
[0.872s] running egg_info
[0.924s] writing ../../build/camera/camera.egg-info/PKG-INFO
[0.925s] writing dependency_links to ../../build/camera/camera.egg-info/dependency_links.txt
[0.925s] writing entry points to ../../build/camera/camera.egg-info/entry_points.txt
[0.925s] writing requirements to ../../build/camera/camera.egg-info/requires.txt
[0.925s] writing top-level names to ../../build/camera/camera.egg-info/top_level.txt
[0.950s] reading manifest file '../../build/camera/camera.egg-info/SOURCES.txt'
[0.950s] writing manifest file '../../build/camera/camera.egg-info/SOURCES.txt'
[0.950s] running build
[0.951s] running build_py
[0.951s] copying camera/image_subscriber.py -> /home/faizal/ros2_ws/build/camera/build/lib/camera
[0.951s] running install
[0.951s] /home/faizal/miniconda3/envs/ros/lib/python3.8/site-packages/setuptools/_distutils/cmd.py:66: SetuptoolsDeprecationWarning: setup.py install is deprecated.
[0.951s] !!
[0.951s] 
[0.951s]         ********************************************************************************
[0.951s]         Please avoid running ``setup.py`` directly.
[0.951s]         Instead, use pypa/build, pypa/installer or other
[0.951s]         standards-based tools.
[0.952s] 
[0.952s]         See https://blog.ganssle.io/articles/2021/10/setup-py-deprecated.html for details.
[0.952s]         ********************************************************************************
[0.952s] 
[0.952s] !!
[0.952s]   self.initialize_options()
[0.956s] running install_lib
[0.966s] copying /home/faizal/ros2_ws/build/camera/build/lib/camera/image_subscriber.py -> /home/faizal/ros2_ws/install/camera/lib/python3.8/site-packages/camera
[0.967s] byte-compiling /home/faizal/ros2_ws/install/camera/lib/python3.8/site-packages/camera/image_subscriber.py to image_subscriber.cpython-38.pyc
[0.967s] running install_data
[0.976s] copying package.xml -> /home/faizal/ros2_ws/install/camera/share/camera
[0.976s] running install_egg_info
[0.986s] removing '/home/faizal/ros2_ws/install/camera/lib/python3.8/site-packages/camera-0.0.0-py3.8.egg-info' (and everything under it)
[0.987s] Copying ../../build/camera/camera.egg-info to /home/faizal/ros2_ws/install/camera/lib/python3.8/site-packages/camera-0.0.0-py3.8.egg-info
[0.987s] running install_scripts
[1.034s] Installing image_node script to /home/faizal/ros2_ws/install/camera/lib/camera
[1.034s] Installing listen_node script to /home/faizal/ros2_ws/install/camera/lib/camera
[1.034s] writing list of installed files to '/home/faizal/ros2_ws/build/camera/install.log'
[1.070s] Invoked command in '/home/faizal/ros2_ws/src/camera' returned '0': CONDA_PROMPT_MODIFIER=(ros) PYTHONPATH=/home/faizal/ros2_ws/build/camera/prefix_override:/home/faizal/ros2_ws/install/camera/lib/python3.8/site-packages:${PYTHONPATH} /home/faizal/miniconda3/envs/ros/bin/python setup.py egg_info --egg-base ../../build/camera build --build-base /home/faizal/ros2_ws/build/camera/build install --record /home/faizal/ros2_ws/build/camera/install.log --install-scripts $base/lib/camera --single-version-externally-managed
