[0.877s] Invoking command in '/home/faizal/ros2_ws/build/camera': CONDA_PROMPT_MODIFIER=(ros) PYTHONPATH=/home/faizal/ros2_ws/build/camera/prefix_override:/home/faizal/ros2_ws/install/camera/lib/python3.8/site-packages:${PYTHONPATH} /home/faizal/miniconda3/envs/ros/bin/python setup.py develop --editable --build-directory /home/faizal/ros2_ws/build/camera/build --no-deps install_data
[1.001s] /home/faizal/miniconda3/envs/ros/lib/python3.8/site-packages/setuptools/dist.py:745: SetuptoolsDeprecationWarning: Invalid dash-separated options
[1.001s] !!
[1.001s] 
[1.001s]         ********************************************************************************
[1.001s]         Usage of dash-separated 'script-dir' will not be supported in future
[1.001s]         versions. Please use the underscore name 'script_dir' instead.
[1.001s] 
[1.001s]         This deprecation is overdue, please update your project and remove deprecated
[1.001s]         calls to avoid build errors in the future.
[1.001s] 
[1.001s]         See https://setuptools.pypa.io/en/latest/userguide/declarative_config.html for details.
[1.002s]         ********************************************************************************
[1.002s] 
[1.002s] !!
[1.002s]   opt = self.warn_dash_deprecation(opt, section)
[1.133s] running develop
[1.134s] /home/faizal/miniconda3/envs/ros/lib/python3.8/site-packages/setuptools/command/develop.py:40: EasyInstallDeprecationWarning: easy_install command is deprecated.
[1.134s] !!
[1.134s] 
[1.134s]         ********************************************************************************
[1.134s]         Please avoid running ``setup.py`` and ``easy_install``.
[1.134s]         Instead, use pypa/build, pypa/installer or other
[1.134s]         standards-based tools.
[1.134s] 
[1.135s]         See https://github.com/pypa/setuptools/issues/917 for details.
[1.135s]         ********************************************************************************
[1.135s] 
[1.135s] !!
[1.135s]   easy_install.initialize_options(self)
[1.155s] /home/faizal/miniconda3/envs/ros/lib/python3.8/site-packages/setuptools/_distutils/cmd.py:66: SetuptoolsDeprecationWarning: setup.py install is deprecated.
[1.155s] !!
[1.155s] 
[1.155s]         ********************************************************************************
[1.155s]         Please avoid running ``setup.py`` directly.
[1.155s]         Instead, use pypa/build, pypa/installer or other
[1.155s]         standards-based tools.
[1.155s] 
[1.155s]         See https://blog.ganssle.io/articles/2021/10/setup-py-deprecated.html for details.
[1.156s]         ********************************************************************************
[1.156s] 
[1.156s] !!
[1.156s]   self.initialize_options()
[1.245s] running egg_info
[1.255s] writing camera.egg-info/PKG-INFO
[1.256s] writing dependency_links to camera.egg-info/dependency_links.txt
[1.257s] writing entry points to camera.egg-info/entry_points.txt
[1.258s] writing requirements to camera.egg-info/requires.txt
[1.259s] writing top-level names to camera.egg-info/top_level.txt
[1.279s] reading manifest file 'camera.egg-info/SOURCES.txt'
[1.279s] writing manifest file 'camera.egg-info/SOURCES.txt'
[1.291s] running build_ext
[1.291s] Creating /home/faizal/ros2_ws/install/camera/lib/python3.8/site-packages/camera.egg-link (link to .)
[1.292s] Installing image_node script to /home/faizal/ros2_ws/install/camera/lib/camera
[1.292s] Installing listen_node script to /home/faizal/ros2_ws/install/camera/lib/camera
[1.293s] 
[1.293s] Installed /home/faizal/ros2_ws/build/camera
[1.293s] running install_data
[1.326s] Invoked command in '/home/faizal/ros2_ws/build/camera' returned '0': CONDA_PROMPT_MODIFIER=(ros) PYTHONPATH=/home/faizal/ros2_ws/build/camera/prefix_override:/home/faizal/ros2_ws/install/camera/lib/python3.8/site-packages:${PYTHONPATH} /home/faizal/miniconda3/envs/ros/bin/python setup.py develop --editable --build-directory /home/faizal/ros2_ws/build/camera/build --no-deps install_data
