[0.638s] Invoking command in '/home/faizal/ros2_ws/build/camera': CONDA_PROMPT_MODIFIER=(ros) PYTHONPATH=/home/faizal/ros2_ws/build/camera/prefix_override:/home/faizal/ros2_ws/install/camera/lib/python3.8/site-packages:${PYTHONPATH} /home/faizal/miniconda3/envs/ros/bin/python setup.py develop --editable --build-directory /home/faizal/ros2_ws/build/camera/build --no-deps install_data
[0.740s] /home/faizal/miniconda3/envs/ros/lib/python3.8/site-packages/setuptools/dist.py:745: SetuptoolsDeprecationWarning: Invalid dash-separated options
[0.740s] !!
[0.740s] 
[0.740s]         ********************************************************************************
[0.741s]         Usage of dash-separated 'script-dir' will not be supported in future
[0.741s]         versions. Please use the underscore name 'script_dir' instead.
[0.741s] 
[0.741s]         This deprecation is overdue, please update your project and remove deprecated
[0.741s]         calls to avoid build errors in the future.
[0.741s] 
[0.741s]         See https://setuptools.pypa.io/en/latest/userguide/declarative_config.html for details.
[0.741s]         ********************************************************************************
[0.741s] 
[0.741s] !!
[0.741s]   opt = self.warn_dash_deprecation(opt, section)
[0.851s] running develop
[0.855s] /home/faizal/miniconda3/envs/ros/lib/python3.8/site-packages/setuptools/command/develop.py:40: EasyInstallDeprecationWarning: easy_install command is deprecated.
[0.855s] !!
[0.855s] 
[0.855s]         ********************************************************************************
[0.855s]         Please avoid running ``setup.py`` and ``easy_install``.
[0.855s]         Instead, use pypa/build, pypa/installer or other
[0.855s]         standards-based tools.
[0.855s] 
[0.855s]         See https://github.com/pypa/setuptools/issues/917 for details.
[0.856s]         ********************************************************************************
[0.856s] 
[0.856s] !!
[0.856s]   easy_install.initialize_options(self)
[0.875s] /home/faizal/miniconda3/envs/ros/lib/python3.8/site-packages/setuptools/_distutils/cmd.py:66: SetuptoolsDeprecationWarning: setup.py install is deprecated.
[0.875s] !!
[0.875s] 
[0.875s]         ********************************************************************************
[0.876s]         Please avoid running ``setup.py`` directly.
[0.876s]         Instead, use pypa/build, pypa/installer or other
[0.876s]         standards-based tools.
[0.876s] 
[0.876s]         See https://blog.ganssle.io/articles/2021/10/setup-py-deprecated.html for details.
[0.876s]         ********************************************************************************
[0.876s] 
[0.876s] !!
[0.876s]   self.initialize_options()
[0.952s] running egg_info
[0.966s] writing camera.egg-info/PKG-INFO
[0.966s] writing dependency_links to camera.egg-info/dependency_links.txt
[0.966s] writing entry points to camera.egg-info/entry_points.txt
[0.967s] writing requirements to camera.egg-info/requires.txt
[0.967s] writing top-level names to camera.egg-info/top_level.txt
[0.986s] reading manifest file 'camera.egg-info/SOURCES.txt'
[0.987s] writing manifest file 'camera.egg-info/SOURCES.txt'
[0.997s] running build_ext
[0.997s] Creating /home/faizal/ros2_ws/install/camera/lib/python3.8/site-packages/camera.egg-link (link to .)
[0.998s] Installing image_node script to /home/faizal/ros2_ws/install/camera/lib/camera
[0.998s] Installing imu_node script to /home/faizal/ros2_ws/install/camera/lib/camera
[0.998s] Installing listen_node script to /home/faizal/ros2_ws/install/camera/lib/camera
[0.998s] 
[0.998s] Installed /home/faizal/ros2_ws/build/camera
[0.999s] running install_data
[1.024s] Invoked command in '/home/faizal/ros2_ws/build/camera' returned '0': CONDA_PROMPT_MODIFIER=(ros) PYTHONPATH=/home/faizal/ros2_ws/build/camera/prefix_override:/home/faizal/ros2_ws/install/camera/lib/python3.8/site-packages:${PYTHONPATH} /home/faizal/miniconda3/envs/ros/bin/python setup.py develop --editable --build-directory /home/faizal/ros2_ws/build/camera/build --no-deps install_data
