[0.512s] Invoking command in '/home/faizal/ros2_ws/build/camera': CONDA_PROMPT_MODIFIER=(ros) PYTHONPATH=/home/faizal/ros2_ws/build/camera/prefix_override:/home/faizal/ros2_ws/install/camera/lib/python3.8/site-packages:${PYTHONPATH} /home/faizal/miniconda3/envs/ros/bin/python setup.py develop --editable --build-directory /home/faizal/ros2_ws/build/camera/build --no-deps install_data
[0.634s] /home/faizal/miniconda3/envs/ros/lib/python3.8/site-packages/setuptools/dist.py:745: SetuptoolsDeprecationWarning: Invalid dash-separated options
[0.635s] !!
[0.635s] 
[0.635s]         ********************************************************************************
[0.635s]         Usage of dash-separated 'script-dir' will not be supported in future
[0.635s]         versions. Please use the underscore name 'script_dir' instead.
[0.635s] 
[0.635s]         This deprecation is overdue, please update your project and remove deprecated
[0.635s]         calls to avoid build errors in the future.
[0.635s] 
[0.635s]         See https://setuptools.pypa.io/en/latest/userguide/declarative_config.html for details.
[0.635s]         ********************************************************************************
[0.635s] 
[0.635s] !!
[0.635s]   opt = self.warn_dash_deprecation(opt, section)
[0.722s] running develop
[0.722s] /home/faizal/miniconda3/envs/ros/lib/python3.8/site-packages/setuptools/command/develop.py:40: EasyInstallDeprecationWarning: easy_install command is deprecated.
[0.722s] !!
[0.722s] 
[0.722s]         ********************************************************************************
[0.723s]         Please avoid running ``setup.py`` and ``easy_install``.
[0.723s]         Instead, use pypa/build, pypa/installer or other
[0.723s]         standards-based tools.
[0.723s] 
[0.723s]         See https://github.com/pypa/setuptools/issues/917 for details.
[0.723s]         ********************************************************************************
[0.723s] 
[0.723s] !!
[0.723s]   easy_install.initialize_options(self)
[0.737s] /home/faizal/miniconda3/envs/ros/lib/python3.8/site-packages/setuptools/_distutils/cmd.py:66: SetuptoolsDeprecationWarning: setup.py install is deprecated.
[0.737s] !!
[0.737s] 
[0.737s]         ********************************************************************************
[0.737s]         Please avoid running ``setup.py`` directly.
[0.737s]         Instead, use pypa/build, pypa/installer or other
[0.738s]         standards-based tools.
[0.738s] 
[0.738s]         See https://blog.ganssle.io/articles/2021/10/setup-py-deprecated.html for details.
[0.738s]         ********************************************************************************
[0.738s] 
[0.738s] !!
[0.738s]   self.initialize_options()
[0.799s] running egg_info
[0.807s] writing camera.egg-info/PKG-INFO
[0.808s] writing dependency_links to camera.egg-info/dependency_links.txt
[0.808s] writing entry points to camera.egg-info/entry_points.txt
[0.808s] writing requirements to camera.egg-info/requires.txt
[0.808s] writing top-level names to camera.egg-info/top_level.txt
[0.822s] reading manifest file 'camera.egg-info/SOURCES.txt'
[0.823s] writing manifest file 'camera.egg-info/SOURCES.txt'
[0.831s] running build_ext
[0.831s] Creating /home/faizal/ros2_ws/install/camera/lib/python3.8/site-packages/camera.egg-link (link to .)
[0.831s] Installing image_node script to /home/faizal/ros2_ws/install/camera/lib/camera
[0.832s] Installing listen_node script to /home/faizal/ros2_ws/install/camera/lib/camera
[0.832s] 
[0.832s] Installed /home/faizal/ros2_ws/build/camera
[0.832s] running install_data
[0.851s] Invoked command in '/home/faizal/ros2_ws/build/camera' returned '0': CONDA_PROMPT_MODIFIER=(ros) PYTHONPATH=/home/faizal/ros2_ws/build/camera/prefix_override:/home/faizal/ros2_ws/install/camera/lib/python3.8/site-packages:${PYTHONPATH} /home/faizal/miniconda3/envs/ros/bin/python setup.py develop --editable --build-directory /home/faizal/ros2_ws/build/camera/build --no-deps install_data
