[0.773s] Invoking command in '/home/faizal/ros2_ws/src/camera': CONDA_PROMPT_MODIFIER=(ros) PYTHONPATH=/home/faizal/ros2_ws/build/camera/prefix_override:/home/faizal/ros2_ws/install/camera/lib/python3.8/site-packages:${PYTHONPATH} /home/faizal/miniconda3/envs/ros/bin/python setup.py egg_info --egg-base ../../build/camera build --build-base /home/faizal/ros2_ws/build/camera/build install --record /home/faizal/ros2_ws/build/camera/install.log --install-scripts $base/lib/camera --single-version-externally-managed
[0.902s] /home/faizal/miniconda3/envs/ros/lib/python3.8/site-packages/setuptools/dist.py:745: SetuptoolsDeprecationWarning: Invalid dash-separated options
[0.902s] !!
[0.902s] 
[0.902s]         ********************************************************************************
[0.902s]         Usage of dash-separated 'script-dir' will not be supported in future
[0.902s]         versions. Please use the underscore name 'script_dir' instead.
[0.902s] 
[0.902s]         This deprecation is overdue, please update your project and remove deprecated
[0.902s]         calls to avoid build errors in the future.
[0.902s] 
[0.902s]         See https://setuptools.pypa.io/en/latest/userguide/declarative_config.html for details.
[0.903s]         ********************************************************************************
[0.903s] 
[0.903s] !!
[0.903s]   opt = self.warn_dash_deprecation(opt, section)
[0.970s] running egg_info
[1.032s] writing ../../build/camera/camera.egg-info/PKG-INFO
[1.032s] writing dependency_links to ../../build/camera/camera.egg-info/dependency_links.txt
[1.032s] writing entry points to ../../build/camera/camera.egg-info/entry_points.txt
[1.032s] writing requirements to ../../build/camera/camera.egg-info/requires.txt
[1.032s] writing top-level names to ../../build/camera/camera.egg-info/top_level.txt
[1.055s] reading manifest file '../../build/camera/camera.egg-info/SOURCES.txt'
[1.057s] writing manifest file '../../build/camera/camera.egg-info/SOURCES.txt'
[1.057s] running build
[1.057s] running build_py
[1.058s] copying camera/image_subscriber.py -> /home/faizal/ros2_ws/build/camera/build/lib/camera
[1.058s] running install
[1.058s] /home/faizal/miniconda3/envs/ros/lib/python3.8/site-packages/setuptools/_distutils/cmd.py:66: SetuptoolsDeprecationWarning: setup.py install is deprecated.
[1.059s] !!
[1.059s] 
[1.059s]         ********************************************************************************
[1.059s]         Please avoid running ``setup.py`` directly.
[1.059s]         Instead, use pypa/build, pypa/installer or other
[1.059s]         standards-based tools.
[1.059s] 
[1.059s]         See https://blog.ganssle.io/articles/2021/10/setup-py-deprecated.html for details.
[1.059s]         ********************************************************************************
[1.059s] 
[1.059s] !!
[1.059s]   self.initialize_options()
[1.064s] running install_lib
[1.076s] copying /home/faizal/ros2_ws/build/camera/build/lib/camera/image_subscriber.py -> /home/faizal/ros2_ws/install/camera/lib/python3.8/site-packages/camera
[1.076s] byte-compiling /home/faizal/ros2_ws/install/camera/lib/python3.8/site-packages/camera/image_subscriber.py to image_subscriber.cpython-38.pyc
[1.077s] running install_data
[1.084s] running install_egg_info
[1.096s] removing '/home/faizal/ros2_ws/install/camera/lib/python3.8/site-packages/camera-0.0.0-py3.8.egg-info' (and everything under it)
[1.096s] Copying ../../build/camera/camera.egg-info to /home/faizal/ros2_ws/install/camera/lib/python3.8/site-packages/camera-0.0.0-py3.8.egg-info
[1.097s] running install_scripts
[1.146s] Installing image_node script to /home/faizal/ros2_ws/install/camera/lib/camera
[1.146s] writing list of installed files to '/home/faizal/ros2_ws/build/camera/install.log'
[1.182s] Invoked command in '/home/faizal/ros2_ws/src/camera' returned '0': CONDA_PROMPT_MODIFIER=(ros) PYTHONPATH=/home/faizal/ros2_ws/build/camera/prefix_override:/home/faizal/ros2_ws/install/camera/lib/python3.8/site-packages:${PYTHONPATH} /home/faizal/miniconda3/envs/ros/bin/python setup.py egg_info --egg-base ../../build/camera build --build-base /home/faizal/ros2_ws/build/camera/build install --record /home/faizal/ros2_ws/build/camera/install.log --install-scripts $base/lib/camera --single-version-externally-managed
