[0.027s] Invoking command in '/home/faizal/ros2_ws/build/articubot_one': CMAKE_PREFIX_PATH=${CMAKE_PREFIX_PATH}:/opt/ros/foxy CONDA_PROMPT_MODIFIER=(ros) /usr/bin/cmake /home/faizal/ros2_ws/src/articubot_one -DAMENT_CMAKE_SYMLINK_INSTALL=1 -DCMAKE_INSTALL_PREFIX=/home/faizal/ros2_ws/install/articubot_one
[0.037s] -- Found ament_cmake: 0.9.12 (/opt/ros/foxy/share/ament_cmake/cmake)
[0.048s] -- Using PYTHON_EXECUTABLE: /home/faizal/miniconda3/envs/ros/bin/python3
[0.137s] -- Override CMake install command with custom implementation using symlinks instead of copying resources
[0.144s] -- Found ament_lint_auto: 0.9.8 (/opt/ros/foxy/share/ament_lint_auto/cmake)
[0.206s] -- Added test 'copyright' to check source files copyright and LICENSE
[0.210s] -- Added test 'flake8' to check Python code syntax and style conventions
[0.211s] -- Added test 'lint_cmake' to check CMake code style
[0.211s] -- Added test 'pep257' to check Python code against some of the style conventions in PEP 257
[0.213s] -- Added test 'xmllint' to check XML markup files
[0.214s] -- Configuring done
[0.216s] -- Generating done
[0.216s] -- Build files have been written to: /home/faizal/ros2_ws/build/articubot_one
[0.218s] Invoked command in '/home/faizal/ros2_ws/build/articubot_one' returned '0': CMAKE_PREFIX_PATH=${CMAKE_PREFIX_PATH}:/opt/ros/foxy CONDA_PROMPT_MODIFIER=(ros) /usr/bin/cmake /home/faizal/ros2_ws/src/articubot_one -DAMENT_CMAKE_SYMLINK_INSTALL=1 -DCMAKE_INSTALL_PREFIX=/home/faizal/ros2_ws/install/articubot_one
[0.221s] Invoking command in '/home/faizal/ros2_ws/build/articubot_one': CMAKE_PREFIX_PATH=${CMAKE_PREFIX_PATH}:/opt/ros/foxy CONDA_PROMPT_MODIFIER=(ros) /usr/bin/cmake --build /home/faizal/ros2_ws/build/articubot_one -- -j8 -l8
[0.248s] Invoked command in '/home/faizal/ros2_ws/build/articubot_one' returned '0': CMAKE_PREFIX_PATH=${CMAKE_PREFIX_PATH}:/opt/ros/foxy CONDA_PROMPT_MODIFIER=(ros) /usr/bin/cmake --build /home/faizal/ros2_ws/build/articubot_one -- -j8 -l8
[0.270s] Invoking command in '/home/faizal/ros2_ws/build/articubot_one': CMAKE_PREFIX_PATH=${CMAKE_PREFIX_PATH}:/opt/ros/foxy CONDA_PROMPT_MODIFIER=(ros) /usr/bin/cmake --install /home/faizal/ros2_ws/build/articubot_one
[0.275s] -- Install configuration: ""
[0.276s] -- Execute custom install script
[0.276s] -- Symlinking: /home/faizal/ros2_ws/install/articubot_one/share/articubot_one/config/ball_tracker_params_robot.yaml
[0.283s] -- Symlinking: /home/faizal/ros2_ws/install/articubot_one/share/articubot_one/config/ball_tracker_params_sim.yaml
[0.289s] -- Symlinking: /home/faizal/ros2_ws/install/articubot_one/share/articubot_one/config/drive_bot.rviz
[0.295s] -- Symlinking: /home/faizal/ros2_ws/install/articubot_one/share/articubot_one/config/empty.yaml
[0.301s] -- Symlinking: /home/faizal/ros2_ws/install/articubot_one/share/articubot_one/config/gaz_ros2_ctl_use_sim.yaml
[0.307s] -- Symlinking: /home/faizal/ros2_ws/install/articubot_one/share/articubot_one/config/gazebo_params.yaml
[0.313s] -- Symlinking: /home/faizal/ros2_ws/install/articubot_one/share/articubot_one/config/joystick.yaml
[0.319s] -- Symlinking: /home/faizal/ros2_ws/install/articubot_one/share/articubot_one/config/main.rviz
[0.325s] -- Symlinking: /home/faizal/ros2_ws/install/articubot_one/share/articubot_one/config/map.rviz
[0.332s] -- Symlinking: /home/faizal/ros2_ws/install/articubot_one/share/articubot_one/config/mapper_params_online_async.yaml
[0.338s] -- Symlinking: /home/faizal/ros2_ws/install/articubot_one/share/articubot_one/config/my_controllers.yaml
[0.344s] -- Symlinking: /home/faizal/ros2_ws/install/articubot_one/share/articubot_one/config/nav2_params.yaml
[0.350s] -- Symlinking: /home/faizal/ros2_ws/install/articubot_one/share/articubot_one/config/twist_mux.yaml
[0.356s] -- Symlinking: /home/faizal/ros2_ws/install/articubot_one/share/articubot_one/config/view_bot.rviz
[0.362s] -- Symlinking: /home/faizal/ros2_ws/install/articubot_one/share/articubot_one/description/camera.xacro
[0.368s] -- Symlinking: /home/faizal/ros2_ws/install/articubot_one/share/articubot_one/description/depth_camera.xacro
[0.374s] -- Symlinking: /home/faizal/ros2_ws/install/articubot_one/share/articubot_one/description/face.xacro
[0.380s] -- Symlinking: /home/faizal/ros2_ws/install/articubot_one/share/articubot_one/description/gazebo_control.xacro
[0.386s] -- Symlinking: /home/faizal/ros2_ws/install/articubot_one/share/articubot_one/description/inertial_macros.xacro
[0.392s] -- Symlinking: /home/faizal/ros2_ws/install/articubot_one/share/articubot_one/description/lidar.xacro
[0.398s] -- Symlinking: /home/faizal/ros2_ws/install/articubot_one/share/articubot_one/description/robot.urdf.xacro
[0.404s] -- Symlinking: /home/faizal/ros2_ws/install/articubot_one/share/articubot_one/description/robot_core.xacro
[0.411s] -- Symlinking: /home/faizal/ros2_ws/install/articubot_one/share/articubot_one/description/ros2_control.xacro
[0.417s] -- Symlinking: /home/faizal/ros2_ws/install/articubot_one/share/articubot_one/launch/ball_tracker.launch.py
[0.423s] -- Symlinking: /home/faizal/ros2_ws/install/articubot_one/share/articubot_one/launch/camera.launch.py
[0.430s] -- Symlinking: /home/faizal/ros2_ws/install/articubot_one/share/articubot_one/launch/joystick.launch.py
[0.436s] -- Symlinking: /home/faizal/ros2_ws/install/articubot_one/share/articubot_one/launch/launch_robot.launch.py
[0.442s] -- Symlinking: /home/faizal/ros2_ws/install/articubot_one/share/articubot_one/launch/launch_sim.launch.py
[0.448s] -- Symlinking: /home/faizal/ros2_ws/install/articubot_one/share/articubot_one/launch/localization_launch.py
[0.454s] -- Symlinking: /home/faizal/ros2_ws/install/articubot_one/share/articubot_one/launch/navigation_launch.py
[0.461s] -- Symlinking: /home/faizal/ros2_ws/install/articubot_one/share/articubot_one/launch/online_async_launch.py
[0.467s] -- Symlinking: /home/faizal/ros2_ws/install/articubot_one/share/articubot_one/launch/rplidar.launch.py
[0.473s] -- Symlinking: /home/faizal/ros2_ws/install/articubot_one/share/articubot_one/launch/rsp.launch.py
[0.479s] -- Symlinking: /home/faizal/ros2_ws/install/articubot_one/share/articubot_one/worlds/empty.world
[0.485s] -- Symlinking: /home/faizal/ros2_ws/install/articubot_one/share/articubot_one/worlds/obstacles.world
[0.492s] -- Symlinking: /home/faizal/ros2_ws/install/articubot_one/share/ament_index/resource_index/package_run_dependencies/articubot_one
[0.498s] -- Symlinking: /home/faizal/ros2_ws/install/articubot_one/share/ament_index/resource_index/parent_prefix_path/articubot_one
[0.504s] -- Symlinking: /home/faizal/ros2_ws/install/articubot_one/share/articubot_one/environment/ament_prefix_path.sh
[0.510s] -- Symlinking: /home/faizal/ros2_ws/install/articubot_one/share/articubot_one/environment/ament_prefix_path.dsv
[0.516s] -- Symlinking: /home/faizal/ros2_ws/install/articubot_one/share/articubot_one/environment/path.sh
[0.522s] -- Symlinking: /home/faizal/ros2_ws/install/articubot_one/share/articubot_one/environment/path.dsv
[0.529s] -- Symlinking: /home/faizal/ros2_ws/install/articubot_one/share/articubot_one/local_setup.bash
[0.535s] -- Symlinking: /home/faizal/ros2_ws/install/articubot_one/share/articubot_one/local_setup.sh
[0.542s] -- Symlinking: /home/faizal/ros2_ws/install/articubot_one/share/articubot_one/local_setup.zsh
[0.548s] -- Symlinking: /home/faizal/ros2_ws/install/articubot_one/share/articubot_one/local_setup.dsv
[0.554s] -- Symlinking: /home/faizal/ros2_ws/install/articubot_one/share/articubot_one/package.dsv
[0.560s] -- Symlinking: /home/faizal/ros2_ws/install/articubot_one/share/ament_index/resource_index/packages/articubot_one
[0.566s] -- Symlinking: /home/faizal/ros2_ws/install/articubot_one/share/articubot_one/cmake/articubot_oneConfig.cmake
[0.572s] -- Symlinking: /home/faizal/ros2_ws/install/articubot_one/share/articubot_one/cmake/articubot_oneConfig-version.cmake
[0.579s] -- Symlinking: /home/faizal/ros2_ws/install/articubot_one/share/articubot_one/package.xml
[0.586s] Invoked command in '/home/faizal/ros2_ws/build/articubot_one' returned '0': CMAKE_PREFIX_PATH=${CMAKE_PREFIX_PATH}:/opt/ros/foxy CONDA_PROMPT_MODIFIER=(ros) /usr/bin/cmake --install /home/faizal/ros2_ws/build/articubot_one
