[0.504s] Invoking command in '/home/faizal/ros2_ws/build/camera': CONDA_PROMPT_MODIFIER=(ros) PYTHONPATH=/home/faizal/ros2_ws/build/camera/prefix_override:/home/faizal/ros2_ws/install/camera/lib/python3.8/site-packages:${PYTHONPATH} /home/faizal/miniconda3/envs/ros/bin/python setup.py develop --editable --build-directory /home/faizal/ros2_ws/build/camera/build --no-deps install_data
[0.590s] /home/faizal/miniconda3/envs/ros/lib/python3.8/site-packages/setuptools/dist.py:745: SetuptoolsDeprecationWarning: Invalid dash-separated options
[0.590s] !!
[0.590s] 
[0.590s]         ********************************************************************************
[0.590s]         Usage of dash-separated 'script-dir' will not be supported in future
[0.591s]         versions. Please use the underscore name 'script_dir' instead.
[0.591s] 
[0.591s]         This deprecation is overdue, please update your project and remove deprecated
[0.591s]         calls to avoid build errors in the future.
[0.591s] 
[0.591s]         See https://setuptools.pypa.io/en/latest/userguide/declarative_config.html for details.
[0.591s]         ********************************************************************************
[0.591s] 
[0.591s] !!
[0.591s]   opt = self.warn_dash_deprecation(opt, section)
[0.678s] running develop
[0.678s] /home/faizal/miniconda3/envs/ros/lib/python3.8/site-packages/setuptools/command/develop.py:40: EasyInstallDeprecationWarning: easy_install command is deprecated.
[0.678s] !!
[0.679s] 
[0.679s]         ********************************************************************************
[0.679s]         Please avoid running ``setup.py`` and ``easy_install``.
[0.679s]         Instead, use pypa/build, pypa/installer or other
[0.679s]         standards-based tools.
[0.679s] 
[0.679s]         See https://github.com/pypa/setuptools/issues/917 for details.
[0.679s]         ********************************************************************************
[0.679s] 
[0.679s] !!
[0.679s]   easy_install.initialize_options(self)
[0.693s] /home/faizal/miniconda3/envs/ros/lib/python3.8/site-packages/setuptools/_distutils/cmd.py:66: SetuptoolsDeprecationWarning: setup.py install is deprecated.
[0.693s] !!
[0.693s] 
[0.694s]         ********************************************************************************
[0.694s]         Please avoid running ``setup.py`` directly.
[0.694s]         Instead, use pypa/build, pypa/installer or other
[0.694s]         standards-based tools.
[0.694s] 
[0.694s]         See https://blog.ganssle.io/articles/2021/10/setup-py-deprecated.html for details.
[0.694s]         ********************************************************************************
[0.694s] 
[0.694s] !!
[0.694s]   self.initialize_options()
[0.755s] running egg_info
[0.763s] writing camera.egg-info/PKG-INFO
[0.763s] writing dependency_links to camera.egg-info/dependency_links.txt
[0.763s] writing entry points to camera.egg-info/entry_points.txt
[0.763s] writing requirements to camera.egg-info/requires.txt
[0.763s] writing top-level names to camera.egg-info/top_level.txt
[0.778s] reading manifest file 'camera.egg-info/SOURCES.txt'
[0.778s] writing manifest file 'camera.egg-info/SOURCES.txt'
[0.786s] running build_ext
[0.787s] Creating /home/faizal/ros2_ws/install/camera/lib/python3.8/site-packages/camera.egg-link (link to .)
[0.787s] Installing image_node script to /home/faizal/ros2_ws/install/camera/lib/camera
[0.787s] Installing listen_node script to /home/faizal/ros2_ws/install/camera/lib/camera
[0.787s] 
[0.787s] Installed /home/faizal/ros2_ws/build/camera
[0.788s] running install_data
[0.806s] Invoked command in '/home/faizal/ros2_ws/build/camera' returned '0': CONDA_PROMPT_MODIFIER=(ros) PYTHONPATH=/home/faizal/ros2_ws/build/camera/prefix_override:/home/faizal/ros2_ws/install/camera/lib/python3.8/site-packages:${PYTHONPATH} /home/faizal/miniconda3/envs/ros/bin/python setup.py develop --editable --build-directory /home/faizal/ros2_ws/build/camera/build --no-deps install_data
