running develop
Removing /home/faizal/ros2_ws/install/camera/lib/python3.8/site-packages/camera.egg-link (link to .)
running egg_info
writing ../../build/camera/camera.egg-info/PKG-INFO
writing dependency_links to ../../build/camera/camera.egg-info/dependency_links.txt
writing entry points to ../../build/camera/camera.egg-info/entry_points.txt
writing requirements to ../../build/camera/camera.egg-info/requires.txt
writing top-level names to ../../build/camera/camera.egg-info/top_level.txt
reading manifest file '../../build/camera/camera.egg-info/SOURCES.txt'
writing manifest file '../../build/camera/camera.egg-info/SOURCES.txt'
running build
running build_py
copying camera/image_subscriber.py -> /home/faizal/ros2_ws/build/camera/build/lib/camera
running install
running install_lib
creating /home/faizal/ros2_ws/install/camera/lib/python3.8/site-packages/camera
copying /home/faizal/ros2_ws/build/camera/build/lib/camera/__init__.py -> /home/faizal/ros2_ws/install/camera/lib/python3.8/site-packages/camera
copying /home/faizal/ros2_ws/build/camera/build/lib/camera/talker_subscriber.py -> /home/faizal/ros2_ws/install/camera/lib/python3.8/site-packages/camera
copying /home/faizal/ros2_ws/build/camera/build/lib/camera/image_subscriber.py -> /home/faizal/ros2_ws/install/camera/lib/python3.8/site-packages/camera
byte-compiling /home/faizal/ros2_ws/install/camera/lib/python3.8/site-packages/camera/__init__.py to __init__.cpython-38.pyc
byte-compiling /home/faizal/ros2_ws/install/camera/lib/python3.8/site-packages/camera/talker_subscriber.py to talker_subscriber.cpython-38.pyc
byte-compiling /home/faizal/ros2_ws/install/camera/lib/python3.8/site-packages/camera/image_subscriber.py to image_subscriber.cpython-38.pyc
running install_data
running install_egg_info
Copying ../../build/camera/camera.egg-info to /home/faizal/ros2_ws/install/camera/lib/python3.8/site-packages/camera-0.0.0-py3.8.egg-info
running install_scripts
Installing image_node script to /home/faizal/ros2_ws/install/camera/lib/camera
Installing listen_node script to /home/faizal/ros2_ws/install/camera/lib/camera
writing list of installed files to '/home/faizal/ros2_ws/build/camera/install.log'
