[0.499s] Invoking command in '/home/faizal/ros2_ws/src/camera': CONDA_PROMPT_MODIFIER=(ros) PYTHONPATH=/home/faizal/ros2_ws/build/camera/prefix_override:/home/faizal/ros2_ws/install/camera/lib/python3.8/site-packages:${PYTHONPATH} /home/faizal/miniconda3/envs/ros/bin/python setup.py egg_info --egg-base ../../build/camera build --build-base /home/faizal/ros2_ws/build/camera/build install --record /home/faizal/ros2_ws/build/camera/install.log --install-scripts $base/lib/camera --single-version-externally-managed
[0.587s] /home/faizal/miniconda3/envs/ros/lib/python3.8/site-packages/setuptools/dist.py:745: SetuptoolsDeprecationWarning: Invalid dash-separated options
[0.587s] !!
[0.587s] 
[0.587s]         ********************************************************************************
[0.587s]         Usage of dash-separated 'script-dir' will not be supported in future
[0.587s]         versions. Please use the underscore name 'script_dir' instead.
[0.587s] 
[0.588s]         This deprecation is overdue, please update your project and remove deprecated
[0.588s]         calls to avoid build errors in the future.
[0.588s] 
[0.588s]         See https://setuptools.pypa.io/en/latest/userguide/declarative_config.html for details.
[0.588s]         ********************************************************************************
[0.588s] 
[0.588s] !!
[0.588s]   opt = self.warn_dash_deprecation(opt, section)
[0.633s] running egg_info
[0.673s] writing ../../build/camera/camera.egg-info/PKG-INFO
[0.673s] writing dependency_links to ../../build/camera/camera.egg-info/dependency_links.txt
[0.674s] writing entry points to ../../build/camera/camera.egg-info/entry_points.txt
[0.674s] writing requirements to ../../build/camera/camera.egg-info/requires.txt
[0.674s] writing top-level names to ../../build/camera/camera.egg-info/top_level.txt
[0.688s] reading manifest file '../../build/camera/camera.egg-info/SOURCES.txt'
[0.689s] writing manifest file '../../build/camera/camera.egg-info/SOURCES.txt'
[0.689s] running build
[0.689s] running build_py
[0.689s] running install
[0.689s] /home/faizal/miniconda3/envs/ros/lib/python3.8/site-packages/setuptools/_distutils/cmd.py:66: SetuptoolsDeprecationWarning: setup.py install is deprecated.
[0.689s] !!
[0.689s] 
[0.690s]         ********************************************************************************
[0.690s]         Please avoid running ``setup.py`` directly.
[0.690s]         Instead, use pypa/build, pypa/installer or other
[0.690s]         standards-based tools.
[0.690s] 
[0.690s]         See https://blog.ganssle.io/articles/2021/10/setup-py-deprecated.html for details.
[0.690s]         ********************************************************************************
[0.690s] 
[0.690s] !!
[0.690s]   self.initialize_options()
[0.693s] running install_lib
[0.701s] running install_data
[0.707s] copying package.xml -> /home/faizal/ros2_ws/install/camera/share/camera
[0.708s] running install_egg_info
[0.715s] removing '/home/faizal/ros2_ws/install/camera/lib/python3.8/site-packages/camera-0.0.0-py3.8.egg-info' (and everything under it)
[0.715s] Copying ../../build/camera/camera.egg-info to /home/faizal/ros2_ws/install/camera/lib/python3.8/site-packages/camera-0.0.0-py3.8.egg-info
[0.716s] running install_scripts
[0.749s] Installing image_node script to /home/faizal/ros2_ws/install/camera/lib/camera
[0.749s] writing list of installed files to '/home/faizal/ros2_ws/build/camera/install.log'
[0.766s] Invoked command in '/home/faizal/ros2_ws/src/camera' returned '0': CONDA_PROMPT_MODIFIER=(ros) PYTHONPATH=/home/faizal/ros2_ws/build/camera/prefix_override:/home/faizal/ros2_ws/install/camera/lib/python3.8/site-packages:${PYTHONPATH} /home/faizal/miniconda3/envs/ros/bin/python setup.py egg_info --egg-base ../../build/camera build --build-base /home/faizal/ros2_ws/build/camera/build install --record /home/faizal/ros2_ws/build/camera/install.log --install-scripts $base/lib/camera --single-version-externally-managed
