[0.749s] Invoking command in '/home/faizal/ros2_ws/build/camera': CONDA_PROMPT_MODIFIER=(ros) PYTHONPATH=/home/faizal/ros2_ws/build/camera/prefix_override:/home/faizal/ros2_ws/install/camera/lib/python3.8/site-packages:${PYTHONPATH} /home/faizal/miniconda3/envs/ros/bin/python setup.py develop --editable --build-directory /home/faizal/ros2_ws/build/camera/build --no-deps install_data
[0.869s] /home/faizal/miniconda3/envs/ros/lib/python3.8/site-packages/setuptools/dist.py:745: SetuptoolsDeprecationWarning: Invalid dash-separated options
[0.869s] !!
[0.869s] 
[0.869s]         ********************************************************************************
[0.869s]         Usage of dash-separated 'script-dir' will not be supported in future
[0.869s]         versions. Please use the underscore name 'script_dir' instead.
[0.870s] 
[0.870s]         This deprecation is overdue, please update your project and remove deprecated
[0.870s]         calls to avoid build errors in the future.
[0.870s] 
[0.870s]         See https://setuptools.pypa.io/en/latest/userguide/declarative_config.html for details.
[0.870s]         ********************************************************************************
[0.870s] 
[0.870s] !!
[0.870s]   opt = self.warn_dash_deprecation(opt, section)
[0.988s] running develop
[0.988s] /home/faizal/miniconda3/envs/ros/lib/python3.8/site-packages/setuptools/command/develop.py:40: EasyInstallDeprecationWarning: easy_install command is deprecated.
[0.988s] !!
[0.989s] 
[0.989s]         ********************************************************************************
[0.989s]         Please avoid running ``setup.py`` and ``easy_install``.
[0.989s]         Instead, use pypa/build, pypa/installer or other
[0.989s]         standards-based tools.
[0.989s] 
[0.989s]         See https://github.com/pypa/setuptools/issues/917 for details.
[0.989s]         ********************************************************************************
[0.989s] 
[0.989s] !!
[0.989s]   easy_install.initialize_options(self)
[1.008s] /home/faizal/miniconda3/envs/ros/lib/python3.8/site-packages/setuptools/_distutils/cmd.py:66: SetuptoolsDeprecationWarning: setup.py install is deprecated.
[1.008s] !!
[1.008s] 
[1.008s]         ********************************************************************************
[1.008s]         Please avoid running ``setup.py`` directly.
[1.008s]         Instead, use pypa/build, pypa/installer or other
[1.008s]         standards-based tools.
[1.008s] 
[1.008s]         See https://blog.ganssle.io/articles/2021/10/setup-py-deprecated.html for details.
[1.009s]         ********************************************************************************
[1.009s] 
[1.009s] !!
[1.009s]   self.initialize_options()
[1.077s] running egg_info
[1.086s] writing camera.egg-info/PKG-INFO
[1.086s] writing dependency_links to camera.egg-info/dependency_links.txt
[1.087s] writing entry points to camera.egg-info/entry_points.txt
[1.087s] writing requirements to camera.egg-info/requires.txt
[1.087s] writing top-level names to camera.egg-info/top_level.txt
[1.104s] reading manifest file 'camera.egg-info/SOURCES.txt'
[1.105s] writing manifest file 'camera.egg-info/SOURCES.txt'
[1.118s] running build_ext
[1.118s] Creating /home/faizal/ros2_ws/install/camera/lib/python3.8/site-packages/camera.egg-link (link to .)
[1.118s] Installing image_node script to /home/faizal/ros2_ws/install/camera/lib/camera
[1.118s] Installing listen_node script to /home/faizal/ros2_ws/install/camera/lib/camera
[1.119s] 
[1.119s] Installed /home/faizal/ros2_ws/build/camera
[1.119s] running install_data
[1.155s] Invoked command in '/home/faizal/ros2_ws/build/camera' returned '0': CONDA_PROMPT_MODIFIER=(ros) PYTHONPATH=/home/faizal/ros2_ws/build/camera/prefix_override:/home/faizal/ros2_ws/install/camera/lib/python3.8/site-packages:${PYTHONPATH} /home/faizal/miniconda3/envs/ros/bin/python setup.py develop --editable --build-directory /home/faizal/ros2_ws/build/camera/build --no-deps install_data
