[0.859s] Invoking command in '/home/faizal/ros2_ws/src/camera': CONDA_PROMPT_MODIFIER=(ros) PYTHONPATH=/home/faizal/ros2_ws/build/camera/prefix_override:/home/faizal/ros2_ws/install/camera/lib/python3.8/site-packages:${PYTHONPATH} /home/faizal/miniconda3/envs/ros/bin/python setup.py egg_info --egg-base ../../build/camera build --build-base /home/faizal/ros2_ws/build/camera/build install --record /home/faizal/ros2_ws/build/camera/install.log --install-scripts $base/lib/camera --single-version-externally-managed
[0.982s] /home/faizal/miniconda3/envs/ros/lib/python3.8/site-packages/setuptools/dist.py:745: SetuptoolsDeprecationWarning: Invalid dash-separated options
[0.982s] !!
[0.982s] 
[0.982s]         ********************************************************************************
[0.982s]         Usage of dash-separated 'script-dir' will not be supported in future
[0.982s]         versions. Please use the underscore name 'script_dir' instead.
[0.982s] 
[0.982s]         This deprecation is overdue, please update your project and remove deprecated
[0.982s]         calls to avoid build errors in the future.
[0.982s] 
[0.982s]         See https://setuptools.pypa.io/en/latest/userguide/declarative_config.html for details.
[0.982s]         ********************************************************************************
[0.982s] 
[0.982s] !!
[0.983s]   opt = self.warn_dash_deprecation(opt, section)
[1.035s] running egg_info
[1.094s] writing ../../build/camera/camera.egg-info/PKG-INFO
[1.094s] writing dependency_links to ../../build/camera/camera.egg-info/dependency_links.txt
[1.094s] writing entry points to ../../build/camera/camera.egg-info/entry_points.txt
[1.094s] writing requirements to ../../build/camera/camera.egg-info/requires.txt
[1.095s] writing top-level names to ../../build/camera/camera.egg-info/top_level.txt
[1.113s] reading manifest file '../../build/camera/camera.egg-info/SOURCES.txt'
[1.114s] writing manifest file '../../build/camera/camera.egg-info/SOURCES.txt'
[1.114s] running build
[1.114s] running build_py
[1.114s] running install
[1.115s] /home/faizal/miniconda3/envs/ros/lib/python3.8/site-packages/setuptools/_distutils/cmd.py:66: SetuptoolsDeprecationWarning: setup.py install is deprecated.
[1.115s] !!
[1.115s] 
[1.115s]         ********************************************************************************
[1.115s]         Please avoid running ``setup.py`` directly.
[1.115s]         Instead, use pypa/build, pypa/installer or other
[1.115s]         standards-based tools.
[1.115s] 
[1.115s]         See https://blog.ganssle.io/articles/2021/10/setup-py-deprecated.html for details.
[1.115s]         ********************************************************************************
[1.115s] 
[1.115s] !!
[1.115s]   self.initialize_options()
[1.122s] running install_lib
[1.131s] running install_data
[1.139s] running install_egg_info
[1.150s] removing '/home/faizal/ros2_ws/install/camera/lib/python3.8/site-packages/camera-0.0.0-py3.8.egg-info' (and everything under it)
[1.150s] Copying ../../build/camera/camera.egg-info to /home/faizal/ros2_ws/install/camera/lib/python3.8/site-packages/camera-0.0.0-py3.8.egg-info
[1.154s] running install_scripts
[1.198s] Installing image_node script to /home/faizal/ros2_ws/install/camera/lib/camera
[1.199s] writing list of installed files to '/home/faizal/ros2_ws/build/camera/install.log'
[1.232s] Invoked command in '/home/faizal/ros2_ws/src/camera' returned '0': CONDA_PROMPT_MODIFIER=(ros) PYTHONPATH=/home/faizal/ros2_ws/build/camera/prefix_override:/home/faizal/ros2_ws/install/camera/lib/python3.8/site-packages:${PYTHONPATH} /home/faizal/miniconda3/envs/ros/bin/python setup.py egg_info --egg-base ../../build/camera build --build-base /home/faizal/ros2_ws/build/camera/build install --record /home/faizal/ros2_ws/build/camera/install.log --install-scripts $base/lib/camera --single-version-externally-managed
