[1.162s] DEBUG:colcon:Command line arguments: ['/home/faizal/miniconda3/envs/ros/bin/colcon', 'build', '--symlink-instal']
[1.162s] DEBUG:colcon:Parsed command line arguments: Namespace(ament_cmake_args=None, base_paths=['.'], build_base='build', catkin_cmake_args=None, catkin_skip_building_tests=False, cmake_args=None, cmake_clean_cache=False, cmake_clean_first=False, cmake_force_configure=False, cmake_target=None, cmake_target_skip_unavailable=False, continue_on_error=False, event_handlers=None, executor='parallel', ignore_user_meta=False, install_base='install', log_base=None, log_level=None, main=<bound method BuildVerb.main of <colcon_core.verb.build.BuildVerb object at 0x7fbbc7b20b50>>, merge_install=False, metas=['./colcon.meta'], packages_above=None, packages_above_and_dependencies=None, packages_above_depth=None, packages_end=None, packages_ignore=None, packages_ignore_regex=None, packages_select=None, packages_select_build_failed=False, packages_select_by_dep=None, packages_select_regex=None, packages_select_test_failures=False, packages_skip=None, packages_skip_build_finished=False, packages_skip_by_dep=None, packages_skip_regex=None, packages_skip_test_passed=False, packages_skip_up_to=None, packages_start=None, packages_up_to=None, packages_up_to_regex=None, parallel_workers=8, paths=None, symlink_install=True, test_result_base=None, verb_extension=<colcon_core.verb.build.BuildVerb object at 0x7fbbc7b20b50>, verb_name='build', verb_parser=<colcon_defaults.argument_parser.defaults.DefaultArgumentsDecorator object at 0x7fbbc77be130>)
[1.213s] Level 1:colcon.colcon_core.package_discovery:discover_packages(colcon_meta) check parameters
[1.213s] Level 1:colcon.colcon_core.package_discovery:discover_packages(recursive) check parameters
[1.213s] Level 1:colcon.colcon_core.package_discovery:discover_packages(ignore) check parameters
[1.213s] Level 1:colcon.colcon_core.package_discovery:discover_packages(path) check parameters
[1.213s] Level 1:colcon.colcon_core.package_discovery:discover_packages(colcon_meta) discover
[1.213s] Level 1:colcon.colcon_core.package_discovery:discover_packages(recursive) discover
[1.213s] INFO:colcon.colcon_core.package_discovery:Crawling recursively for packages in '/home/faizal/ros2_ws'
[1.213s] Level 1:colcon.colcon_core.package_identification:_identify(.) by extensions ['ignore', 'ignore_ament_install']
[1.213s] Level 1:colcon.colcon_core.package_identification:_identify(.) by extension 'ignore'
[1.213s] Level 1:colcon.colcon_core.package_identification:_identify(.) by extension 'ignore_ament_install'
[1.213s] Level 1:colcon.colcon_core.package_identification:_identify(.) by extensions ['colcon_pkg']
[1.213s] Level 1:colcon.colcon_core.package_identification:_identify(.) by extension 'colcon_pkg'
[1.214s] Level 1:colcon.colcon_core.package_identification:_identify(.) by extensions ['colcon_meta']
[1.214s] Level 1:colcon.colcon_core.package_identification:_identify(.) by extension 'colcon_meta'
[1.214s] Level 1:colcon.colcon_core.package_identification:_identify(.) by extensions ['ros']
[1.214s] Level 1:colcon.colcon_core.package_identification:_identify(.) by extension 'ros'
[1.232s] Level 1:colcon.colcon_core.package_identification:_identify(.) by extensions ['cmake', 'python']
[1.232s] Level 1:colcon.colcon_core.package_identification:_identify(.) by extension 'cmake'
[1.232s] Level 1:colcon.colcon_core.package_identification:_identify(.) by extension 'python'
[1.232s] Level 1:colcon.colcon_core.package_identification:_identify(.) by extensions ['python_setup_py']
[1.233s] Level 1:colcon.colcon_core.package_identification:_identify(.) by extension 'python_setup_py'
[1.233s] Level 1:colcon.colcon_core.package_identification:_identify(__pycache__) by extensions ['ignore', 'ignore_ament_install']
[1.233s] Level 1:colcon.colcon_core.package_identification:_identify(__pycache__) by extension 'ignore'
[1.233s] Level 1:colcon.colcon_core.package_identification:_identify(__pycache__) by extension 'ignore_ament_install'
[1.233s] Level 1:colcon.colcon_core.package_identification:_identify(__pycache__) by extensions ['colcon_pkg']
[1.233s] Level 1:colcon.colcon_core.package_identification:_identify(__pycache__) by extension 'colcon_pkg'
[1.233s] Level 1:colcon.colcon_core.package_identification:_identify(__pycache__) by extensions ['colcon_meta']
[1.233s] Level 1:colcon.colcon_core.package_identification:_identify(__pycache__) by extension 'colcon_meta'
[1.233s] Level 1:colcon.colcon_core.package_identification:_identify(__pycache__) by extensions ['ros']
[1.233s] Level 1:colcon.colcon_core.package_identification:_identify(__pycache__) by extension 'ros'
[1.233s] Level 1:colcon.colcon_core.package_identification:_identify(__pycache__) by extensions ['cmake', 'python']
[1.233s] Level 1:colcon.colcon_core.package_identification:_identify(__pycache__) by extension 'cmake'
[1.233s] Level 1:colcon.colcon_core.package_identification:_identify(__pycache__) by extension 'python'
[1.233s] Level 1:colcon.colcon_core.package_identification:_identify(__pycache__) by extensions ['python_setup_py']
[1.233s] Level 1:colcon.colcon_core.package_identification:_identify(__pycache__) by extension 'python_setup_py'
[1.233s] Level 1:colcon.colcon_core.package_identification:_identify(build) by extensions ['ignore', 'ignore_ament_install']
[1.233s] Level 1:colcon.colcon_core.package_identification:_identify(build) by extension 'ignore'
[1.233s] Level 1:colcon.colcon_core.package_identification:_identify(build) ignored
[1.233s] Level 1:colcon.colcon_core.package_identification:_identify(checkerboard-corners) by extensions ['ignore', 'ignore_ament_install']
[1.234s] Level 1:colcon.colcon_core.package_identification:_identify(checkerboard-corners) by extension 'ignore'
[1.234s] Level 1:colcon.colcon_core.package_identification:_identify(checkerboard-corners) by extension 'ignore_ament_install'
[1.234s] Level 1:colcon.colcon_core.package_identification:_identify(checkerboard-corners) by extensions ['colcon_pkg']
[1.234s] Level 1:colcon.colcon_core.package_identification:_identify(checkerboard-corners) by extension 'colcon_pkg'
[1.234s] Level 1:colcon.colcon_core.package_identification:_identify(checkerboard-corners) by extensions ['colcon_meta']
[1.234s] Level 1:colcon.colcon_core.package_identification:_identify(checkerboard-corners) by extension 'colcon_meta'
[1.234s] Level 1:colcon.colcon_core.package_identification:_identify(checkerboard-corners) by extensions ['ros']
[1.234s] Level 1:colcon.colcon_core.package_identification:_identify(checkerboard-corners) by extension 'ros'
[1.234s] Level 1:colcon.colcon_core.package_identification:_identify(checkerboard-corners) by extensions ['cmake', 'python']
[1.234s] Level 1:colcon.colcon_core.package_identification:_identify(checkerboard-corners) by extension 'cmake'
[1.234s] Level 1:colcon.colcon_core.package_identification:_identify(checkerboard-corners) by extension 'python'
[1.234s] Level 1:colcon.colcon_core.package_identification:_identify(checkerboard-corners) by extensions ['python_setup_py']
[1.234s] Level 1:colcon.colcon_core.package_identification:_identify(checkerboard-corners) by extension 'python_setup_py'
[1.234s] Level 1:colcon.colcon_core.package_identification:_identify(data) by extensions ['ignore', 'ignore_ament_install']
[1.234s] Level 1:colcon.colcon_core.package_identification:_identify(data) by extension 'ignore'
[1.234s] Level 1:colcon.colcon_core.package_identification:_identify(data) by extension 'ignore_ament_install'
[1.234s] Level 1:colcon.colcon_core.package_identification:_identify(data) by extensions ['colcon_pkg']
[1.234s] Level 1:colcon.colcon_core.package_identification:_identify(data) by extension 'colcon_pkg'
[1.234s] Level 1:colcon.colcon_core.package_identification:_identify(data) by extensions ['colcon_meta']
[1.234s] Level 1:colcon.colcon_core.package_identification:_identify(data) by extension 'colcon_meta'
[1.234s] Level 1:colcon.colcon_core.package_identification:_identify(data) by extensions ['ros']
[1.234s] Level 1:colcon.colcon_core.package_identification:_identify(data) by extension 'ros'
[1.234s] Level 1:colcon.colcon_core.package_identification:_identify(data) by extensions ['cmake', 'python']
[1.234s] Level 1:colcon.colcon_core.package_identification:_identify(data) by extension 'cmake'
[1.234s] Level 1:colcon.colcon_core.package_identification:_identify(data) by extension 'python'
[1.235s] Level 1:colcon.colcon_core.package_identification:_identify(data) by extensions ['python_setup_py']
[1.235s] Level 1:colcon.colcon_core.package_identification:_identify(data) by extension 'python_setup_py'
[1.235s] Level 1:colcon.colcon_core.package_identification:_identify(data/images) by extensions ['ignore', 'ignore_ament_install']
[1.235s] Level 1:colcon.colcon_core.package_identification:_identify(data/images) by extension 'ignore'
[1.235s] Level 1:colcon.colcon_core.package_identification:_identify(data/images) by extension 'ignore_ament_install'
[1.235s] Level 1:colcon.colcon_core.package_identification:_identify(data/images) by extensions ['colcon_pkg']
[1.235s] Level 1:colcon.colcon_core.package_identification:_identify(data/images) by extension 'colcon_pkg'
[1.235s] Level 1:colcon.colcon_core.package_identification:_identify(data/images) by extensions ['colcon_meta']
[1.235s] Level 1:colcon.colcon_core.package_identification:_identify(data/images) by extension 'colcon_meta'
[1.235s] Level 1:colcon.colcon_core.package_identification:_identify(data/images) by extensions ['ros']
[1.235s] Level 1:colcon.colcon_core.package_identification:_identify(data/images) by extension 'ros'
[1.235s] Level 1:colcon.colcon_core.package_identification:_identify(data/images) by extensions ['cmake', 'python']
[1.235s] Level 1:colcon.colcon_core.package_identification:_identify(data/images) by extension 'cmake'
[1.235s] Level 1:colcon.colcon_core.package_identification:_identify(data/images) by extension 'python'
[1.235s] Level 1:colcon.colcon_core.package_identification:_identify(data/images) by extensions ['python_setup_py']
[1.235s] Level 1:colcon.colcon_core.package_identification:_identify(data/images) by extension 'python_setup_py'
[1.235s] Level 1:colcon.colcon_core.package_identification:_identify(data/imu) by extensions ['ignore', 'ignore_ament_install']
[1.235s] Level 1:colcon.colcon_core.package_identification:_identify(data/imu) by extension 'ignore'
[1.235s] Level 1:colcon.colcon_core.package_identification:_identify(data/imu) by extension 'ignore_ament_install'
[1.235s] Level 1:colcon.colcon_core.package_identification:_identify(data/imu) by extensions ['colcon_pkg']
[1.235s] Level 1:colcon.colcon_core.package_identification:_identify(data/imu) by extension 'colcon_pkg'
[1.235s] Level 1:colcon.colcon_core.package_identification:_identify(data/imu) by extensions ['colcon_meta']
[1.235s] Level 1:colcon.colcon_core.package_identification:_identify(data/imu) by extension 'colcon_meta'
[1.235s] Level 1:colcon.colcon_core.package_identification:_identify(data/imu) by extensions ['ros']
[1.236s] Level 1:colcon.colcon_core.package_identification:_identify(data/imu) by extension 'ros'
[1.236s] Level 1:colcon.colcon_core.package_identification:_identify(data/imu) by extensions ['cmake', 'python']
[1.236s] Level 1:colcon.colcon_core.package_identification:_identify(data/imu) by extension 'cmake'
[1.236s] Level 1:colcon.colcon_core.package_identification:_identify(data/imu) by extension 'python'
[1.236s] Level 1:colcon.colcon_core.package_identification:_identify(data/imu) by extensions ['python_setup_py']
[1.236s] Level 1:colcon.colcon_core.package_identification:_identify(data/imu) by extension 'python_setup_py'
[1.236s] Level 1:colcon.colcon_core.package_identification:_identify(data_imu_and_image) by extensions ['ignore', 'ignore_ament_install']
[1.236s] Level 1:colcon.colcon_core.package_identification:_identify(data_imu_and_image) by extension 'ignore'
[1.236s] Level 1:colcon.colcon_core.package_identification:_identify(data_imu_and_image) by extension 'ignore_ament_install'
[1.236s] Level 1:colcon.colcon_core.package_identification:_identify(data_imu_and_image) by extensions ['colcon_pkg']
[1.236s] Level 1:colcon.colcon_core.package_identification:_identify(data_imu_and_image) by extension 'colcon_pkg'
[1.236s] Level 1:colcon.colcon_core.package_identification:_identify(data_imu_and_image) by extensions ['colcon_meta']
[1.236s] Level 1:colcon.colcon_core.package_identification:_identify(data_imu_and_image) by extension 'colcon_meta'
[1.236s] Level 1:colcon.colcon_core.package_identification:_identify(data_imu_and_image) by extensions ['ros']
[1.236s] Level 1:colcon.colcon_core.package_identification:_identify(data_imu_and_image) by extension 'ros'
[1.236s] Level 1:colcon.colcon_core.package_identification:_identify(data_imu_and_image) by extensions ['cmake', 'python']
[1.236s] Level 1:colcon.colcon_core.package_identification:_identify(data_imu_and_image) by extension 'cmake'
[1.236s] Level 1:colcon.colcon_core.package_identification:_identify(data_imu_and_image) by extension 'python'
[1.236s] Level 1:colcon.colcon_core.package_identification:_identify(data_imu_and_image) by extensions ['python_setup_py']
[1.236s] Level 1:colcon.colcon_core.package_identification:_identify(data_imu_and_image) by extension 'python_setup_py'
[1.236s] Level 1:colcon.colcon_core.package_identification:_identify(data_imu_and_image2) by extensions ['ignore', 'ignore_ament_install']
[1.236s] Level 1:colcon.colcon_core.package_identification:_identify(data_imu_and_image2) by extension 'ignore'
[1.237s] Level 1:colcon.colcon_core.package_identification:_identify(data_imu_and_image2) by extension 'ignore_ament_install'
[1.237s] Level 1:colcon.colcon_core.package_identification:_identify(data_imu_and_image2) by extensions ['colcon_pkg']
[1.237s] Level 1:colcon.colcon_core.package_identification:_identify(data_imu_and_image2) by extension 'colcon_pkg'
[1.237s] Level 1:colcon.colcon_core.package_identification:_identify(data_imu_and_image2) by extensions ['colcon_meta']
[1.237s] Level 1:colcon.colcon_core.package_identification:_identify(data_imu_and_image2) by extension 'colcon_meta'
[1.237s] Level 1:colcon.colcon_core.package_identification:_identify(data_imu_and_image2) by extensions ['ros']
[1.237s] Level 1:colcon.colcon_core.package_identification:_identify(data_imu_and_image2) by extension 'ros'
[1.237s] Level 1:colcon.colcon_core.package_identification:_identify(data_imu_and_image2) by extensions ['cmake', 'python']
[1.237s] Level 1:colcon.colcon_core.package_identification:_identify(data_imu_and_image2) by extension 'cmake'
[1.237s] Level 1:colcon.colcon_core.package_identification:_identify(data_imu_and_image2) by extension 'python'
[1.237s] Level 1:colcon.colcon_core.package_identification:_identify(data_imu_and_image2) by extensions ['python_setup_py']
[1.237s] Level 1:colcon.colcon_core.package_identification:_identify(data_imu_and_image2) by extension 'python_setup_py'
[1.237s] Level 1:colcon.colcon_core.package_identification:_identify(data_imu_images dec 4) by extensions ['ignore', 'ignore_ament_install']
[1.237s] Level 1:colcon.colcon_core.package_identification:_identify(data_imu_images dec 4) by extension 'ignore'
[1.237s] Level 1:colcon.colcon_core.package_identification:_identify(data_imu_images dec 4) by extension 'ignore_ament_install'
[1.237s] Level 1:colcon.colcon_core.package_identification:_identify(data_imu_images dec 4) by extensions ['colcon_pkg']
[1.237s] Level 1:colcon.colcon_core.package_identification:_identify(data_imu_images dec 4) by extension 'colcon_pkg'
[1.237s] Level 1:colcon.colcon_core.package_identification:_identify(data_imu_images dec 4) by extensions ['colcon_meta']
[1.237s] Level 1:colcon.colcon_core.package_identification:_identify(data_imu_images dec 4) by extension 'colcon_meta'
[1.237s] Level 1:colcon.colcon_core.package_identification:_identify(data_imu_images dec 4) by extensions ['ros']
[1.237s] Level 1:colcon.colcon_core.package_identification:_identify(data_imu_images dec 4) by extension 'ros'
[1.237s] Level 1:colcon.colcon_core.package_identification:_identify(data_imu_images dec 4) by extensions ['cmake', 'python']
[1.237s] Level 1:colcon.colcon_core.package_identification:_identify(data_imu_images dec 4) by extension 'cmake'
[1.237s] Level 1:colcon.colcon_core.package_identification:_identify(data_imu_images dec 4) by extension 'python'
[1.238s] Level 1:colcon.colcon_core.package_identification:_identify(data_imu_images dec 4) by extensions ['python_setup_py']
[1.238s] Level 1:colcon.colcon_core.package_identification:_identify(data_imu_images dec 4) by extension 'python_setup_py'
[1.238s] Level 1:colcon.colcon_core.package_identification:_identify(data_realsense) by extensions ['ignore', 'ignore_ament_install']
[1.238s] Level 1:colcon.colcon_core.package_identification:_identify(data_realsense) by extension 'ignore'
[1.238s] Level 1:colcon.colcon_core.package_identification:_identify(data_realsense) by extension 'ignore_ament_install'
[1.238s] Level 1:colcon.colcon_core.package_identification:_identify(data_realsense) by extensions ['colcon_pkg']
[1.238s] Level 1:colcon.colcon_core.package_identification:_identify(data_realsense) by extension 'colcon_pkg'
[1.238s] Level 1:colcon.colcon_core.package_identification:_identify(data_realsense) by extensions ['colcon_meta']
[1.238s] Level 1:colcon.colcon_core.package_identification:_identify(data_realsense) by extension 'colcon_meta'
[1.238s] Level 1:colcon.colcon_core.package_identification:_identify(data_realsense) by extensions ['ros']
[1.238s] Level 1:colcon.colcon_core.package_identification:_identify(data_realsense) by extension 'ros'
[1.238s] Level 1:colcon.colcon_core.package_identification:_identify(data_realsense) by extensions ['cmake', 'python']
[1.238s] Level 1:colcon.colcon_core.package_identification:_identify(data_realsense) by extension 'cmake'
[1.238s] Level 1:colcon.colcon_core.package_identification:_identify(data_realsense) by extension 'python'
[1.238s] Level 1:colcon.colcon_core.package_identification:_identify(data_realsense) by extensions ['python_setup_py']
[1.238s] Level 1:colcon.colcon_core.package_identification:_identify(data_realsense) by extension 'python_setup_py'
[1.238s] Level 1:colcon.colcon_core.package_identification:_identify(data_temp) by extensions ['ignore', 'ignore_ament_install']
[1.238s] Level 1:colcon.colcon_core.package_identification:_identify(data_temp) by extension 'ignore'
[1.238s] Level 1:colcon.colcon_core.package_identification:_identify(data_temp) by extension 'ignore_ament_install'
[1.238s] Level 1:colcon.colcon_core.package_identification:_identify(data_temp) by extensions ['colcon_pkg']
[1.238s] Level 1:colcon.colcon_core.package_identification:_identify(data_temp) by extension 'colcon_pkg'
[1.238s] Level 1:colcon.colcon_core.package_identification:_identify(data_temp) by extensions ['colcon_meta']
[1.238s] Level 1:colcon.colcon_core.package_identification:_identify(data_temp) by extension 'colcon_meta'
[1.239s] Level 1:colcon.colcon_core.package_identification:_identify(data_temp) by extensions ['ros']
[1.239s] Level 1:colcon.colcon_core.package_identification:_identify(data_temp) by extension 'ros'
[1.239s] Level 1:colcon.colcon_core.package_identification:_identify(data_temp) by extensions ['cmake', 'python']
[1.239s] Level 1:colcon.colcon_core.package_identification:_identify(data_temp) by extension 'cmake'
[1.239s] Level 1:colcon.colcon_core.package_identification:_identify(data_temp) by extension 'python'
[1.239s] Level 1:colcon.colcon_core.package_identification:_identify(data_temp) by extensions ['python_setup_py']
[1.239s] Level 1:colcon.colcon_core.package_identification:_identify(data_temp) by extension 'python_setup_py'
[1.239s] Level 1:colcon.colcon_core.package_identification:_identify(data_temp/data_realsense) by extensions ['ignore', 'ignore_ament_install']
[1.239s] Level 1:colcon.colcon_core.package_identification:_identify(data_temp/data_realsense) by extension 'ignore'
[1.239s] Level 1:colcon.colcon_core.package_identification:_identify(data_temp/data_realsense) by extension 'ignore_ament_install'
[1.239s] Level 1:colcon.colcon_core.package_identification:_identify(data_temp/data_realsense) by extensions ['colcon_pkg']
[1.239s] Level 1:colcon.colcon_core.package_identification:_identify(data_temp/data_realsense) by extension 'colcon_pkg'
[1.239s] Level 1:colcon.colcon_core.package_identification:_identify(data_temp/data_realsense) by extensions ['colcon_meta']
[1.239s] Level 1:colcon.colcon_core.package_identification:_identify(data_temp/data_realsense) by extension 'colcon_meta'
[1.239s] Level 1:colcon.colcon_core.package_identification:_identify(data_temp/data_realsense) by extensions ['ros']
[1.239s] Level 1:colcon.colcon_core.package_identification:_identify(data_temp/data_realsense) by extension 'ros'
[1.239s] Level 1:colcon.colcon_core.package_identification:_identify(data_temp/data_realsense) by extensions ['cmake', 'python']
[1.239s] Level 1:colcon.colcon_core.package_identification:_identify(data_temp/data_realsense) by extension 'cmake'
[1.239s] Level 1:colcon.colcon_core.package_identification:_identify(data_temp/data_realsense) by extension 'python'
[1.239s] Level 1:colcon.colcon_core.package_identification:_identify(data_temp/data_realsense) by extensions ['python_setup_py']
[1.239s] Level 1:colcon.colcon_core.package_identification:_identify(data_temp/data_realsense) by extension 'python_setup_py'
[1.240s] Level 1:colcon.colcon_core.package_identification:_identify(data_temp/imu_and_image_2:30AM) by extensions ['ignore', 'ignore_ament_install']
[1.240s] Level 1:colcon.colcon_core.package_identification:_identify(data_temp/imu_and_image_2:30AM) by extension 'ignore'
[1.240s] Level 1:colcon.colcon_core.package_identification:_identify(data_temp/imu_and_image_2:30AM) by extension 'ignore_ament_install'
[1.240s] Level 1:colcon.colcon_core.package_identification:_identify(data_temp/imu_and_image_2:30AM) by extensions ['colcon_pkg']
[1.240s] Level 1:colcon.colcon_core.package_identification:_identify(data_temp/imu_and_image_2:30AM) by extension 'colcon_pkg'
[1.240s] Level 1:colcon.colcon_core.package_identification:_identify(data_temp/imu_and_image_2:30AM) by extensions ['colcon_meta']
[1.240s] Level 1:colcon.colcon_core.package_identification:_identify(data_temp/imu_and_image_2:30AM) by extension 'colcon_meta'
[1.240s] Level 1:colcon.colcon_core.package_identification:_identify(data_temp/imu_and_image_2:30AM) by extensions ['ros']
[1.240s] Level 1:colcon.colcon_core.package_identification:_identify(data_temp/imu_and_image_2:30AM) by extension 'ros'
[1.240s] Level 1:colcon.colcon_core.package_identification:_identify(data_temp/imu_and_image_2:30AM) by extensions ['cmake', 'python']
[1.240s] Level 1:colcon.colcon_core.package_identification:_identify(data_temp/imu_and_image_2:30AM) by extension 'cmake'
[1.240s] Level 1:colcon.colcon_core.package_identification:_identify(data_temp/imu_and_image_2:30AM) by extension 'python'
[1.240s] Level 1:colcon.colcon_core.package_identification:_identify(data_temp/imu_and_image_2:30AM) by extensions ['python_setup_py']
[1.240s] Level 1:colcon.colcon_core.package_identification:_identify(data_temp/imu_and_image_2:30AM) by extension 'python_setup_py'
[1.240s] Level 1:colcon.colcon_core.package_identification:_identify(data_temp/imu_and_image_2:30AM/removed_images) by extensions ['ignore', 'ignore_ament_install']
[1.240s] Level 1:colcon.colcon_core.package_identification:_identify(data_temp/imu_and_image_2:30AM/removed_images) by extension 'ignore'
[1.240s] Level 1:colcon.colcon_core.package_identification:_identify(data_temp/imu_and_image_2:30AM/removed_images) by extension 'ignore_ament_install'
[1.240s] Level 1:colcon.colcon_core.package_identification:_identify(data_temp/imu_and_image_2:30AM/removed_images) by extensions ['colcon_pkg']
[1.240s] Level 1:colcon.colcon_core.package_identification:_identify(data_temp/imu_and_image_2:30AM/removed_images) by extension 'colcon_pkg'
[1.241s] Level 1:colcon.colcon_core.package_identification:_identify(data_temp/imu_and_image_2:30AM/removed_images) by extensions ['colcon_meta']
[1.241s] Level 1:colcon.colcon_core.package_identification:_identify(data_temp/imu_and_image_2:30AM/removed_images) by extension 'colcon_meta'
[1.241s] Level 1:colcon.colcon_core.package_identification:_identify(data_temp/imu_and_image_2:30AM/removed_images) by extensions ['ros']
[1.241s] Level 1:colcon.colcon_core.package_identification:_identify(data_temp/imu_and_image_2:30AM/removed_images) by extension 'ros'
[1.241s] Level 1:colcon.colcon_core.package_identification:_identify(data_temp/imu_and_image_2:30AM/removed_images) by extensions ['cmake', 'python']
[1.241s] Level 1:colcon.colcon_core.package_identification:_identify(data_temp/imu_and_image_2:30AM/removed_images) by extension 'cmake'
[1.241s] Level 1:colcon.colcon_core.package_identification:_identify(data_temp/imu_and_image_2:30AM/removed_images) by extension 'python'
[1.241s] Level 1:colcon.colcon_core.package_identification:_identify(data_temp/imu_and_image_2:30AM/removed_images) by extensions ['python_setup_py']
[1.241s] Level 1:colcon.colcon_core.package_identification:_identify(data_temp/imu_and_image_2:30AM/removed_images) by extension 'python_setup_py'
[1.241s] Level 1:colcon.colcon_core.package_identification:_identify(install) by extensions ['ignore', 'ignore_ament_install']
[1.241s] Level 1:colcon.colcon_core.package_identification:_identify(install) by extension 'ignore'
[1.241s] Level 1:colcon.colcon_core.package_identification:_identify(install) ignored
[1.241s] Level 1:colcon.colcon_core.package_identification:_identify(log) by extensions ['ignore', 'ignore_ament_install']
[1.241s] Level 1:colcon.colcon_core.package_identification:_identify(log) by extension 'ignore'
[1.241s] Level 1:colcon.colcon_core.package_identification:_identify(log) ignored
[1.241s] Level 1:colcon.colcon_core.package_identification:_identify(results) by extensions ['ignore', 'ignore_ament_install']
[1.241s] Level 1:colcon.colcon_core.package_identification:_identify(results) by extension 'ignore'
[1.241s] Level 1:colcon.colcon_core.package_identification:_identify(results) by extension 'ignore_ament_install'
[1.241s] Level 1:colcon.colcon_core.package_identification:_identify(results) by extensions ['colcon_pkg']
[1.242s] Level 1:colcon.colcon_core.package_identification:_identify(results) by extension 'colcon_pkg'
[1.242s] Level 1:colcon.colcon_core.package_identification:_identify(results) by extensions ['colcon_meta']
[1.242s] Level 1:colcon.colcon_core.package_identification:_identify(results) by extension 'colcon_meta'
[1.242s] Level 1:colcon.colcon_core.package_identification:_identify(results) by extensions ['ros']
[1.242s] Level 1:colcon.colcon_core.package_identification:_identify(results) by extension 'ros'
[1.242s] Level 1:colcon.colcon_core.package_identification:_identify(results) by extensions ['cmake', 'python']
[1.242s] Level 1:colcon.colcon_core.package_identification:_identify(results) by extension 'cmake'
[1.242s] Level 1:colcon.colcon_core.package_identification:_identify(results) by extension 'python'
[1.242s] Level 1:colcon.colcon_core.package_identification:_identify(results) by extensions ['python_setup_py']
[1.242s] Level 1:colcon.colcon_core.package_identification:_identify(results) by extension 'python_setup_py'
[1.242s] Level 1:colcon.colcon_core.package_identification:_identify(results/checkerboard-corners) by extensions ['ignore', 'ignore_ament_install']
[1.242s] Level 1:colcon.colcon_core.package_identification:_identify(results/checkerboard-corners) by extension 'ignore'
[1.242s] Level 1:colcon.colcon_core.package_identification:_identify(results/checkerboard-corners) by extension 'ignore_ament_install'
[1.242s] Level 1:colcon.colcon_core.package_identification:_identify(results/checkerboard-corners) by extensions ['colcon_pkg']
[1.242s] Level 1:colcon.colcon_core.package_identification:_identify(results/checkerboard-corners) by extension 'colcon_pkg'
[1.242s] Level 1:colcon.colcon_core.package_identification:_identify(results/checkerboard-corners) by extensions ['colcon_meta']
[1.242s] Level 1:colcon.colcon_core.package_identification:_identify(results/checkerboard-corners) by extension 'colcon_meta'
[1.242s] Level 1:colcon.colcon_core.package_identification:_identify(results/checkerboard-corners) by extensions ['ros']
[1.242s] Level 1:colcon.colcon_core.package_identification:_identify(results/checkerboard-corners) by extension 'ros'
[1.242s] Level 1:colcon.colcon_core.package_identification:_identify(results/checkerboard-corners) by extensions ['cmake', 'python']
[1.242s] Level 1:colcon.colcon_core.package_identification:_identify(results/checkerboard-corners) by extension 'cmake'
[1.242s] Level 1:colcon.colcon_core.package_identification:_identify(results/checkerboard-corners) by extension 'python'
[1.242s] Level 1:colcon.colcon_core.package_identification:_identify(results/checkerboard-corners) by extensions ['python_setup_py']
[1.242s] Level 1:colcon.colcon_core.package_identification:_identify(results/checkerboard-corners) by extension 'python_setup_py'
[1.243s] Level 1:colcon.colcon_core.package_identification:_identify(results/data_imu_and_image) by extensions ['ignore', 'ignore_ament_install']
[1.243s] Level 1:colcon.colcon_core.package_identification:_identify(results/data_imu_and_image) by extension 'ignore'
[1.243s] Level 1:colcon.colcon_core.package_identification:_identify(results/data_imu_and_image) by extension 'ignore_ament_install'
[1.243s] Level 1:colcon.colcon_core.package_identification:_identify(results/data_imu_and_image) by extensions ['colcon_pkg']
[1.243s] Level 1:colcon.colcon_core.package_identification:_identify(results/data_imu_and_image) by extension 'colcon_pkg'
[1.243s] Level 1:colcon.colcon_core.package_identification:_identify(results/data_imu_and_image) by extensions ['colcon_meta']
[1.243s] Level 1:colcon.colcon_core.package_identification:_identify(results/data_imu_and_image) by extension 'colcon_meta'
[1.243s] Level 1:colcon.colcon_core.package_identification:_identify(results/data_imu_and_image) by extensions ['ros']
[1.243s] Level 1:colcon.colcon_core.package_identification:_identify(results/data_imu_and_image) by extension 'ros'
[1.243s] Level 1:colcon.colcon_core.package_identification:_identify(results/data_imu_and_image) by extensions ['cmake', 'python']
[1.243s] Level 1:colcon.colcon_core.package_identification:_identify(results/data_imu_and_image) by extension 'cmake'
[1.243s] Level 1:colcon.colcon_core.package_identification:_identify(results/data_imu_and_image) by extension 'python'
[1.243s] Level 1:colcon.colcon_core.package_identification:_identify(results/data_imu_and_image) by extensions ['python_setup_py']
[1.243s] Level 1:colcon.colcon_core.package_identification:_identify(results/data_imu_and_image) by extension 'python_setup_py'
[1.243s] Level 1:colcon.colcon_core.package_identification:_identify(src) by extensions ['ignore', 'ignore_ament_install']
[1.243s] Level 1:colcon.colcon_core.package_identification:_identify(src) by extension 'ignore'
[1.243s] Level 1:colcon.colcon_core.package_identification:_identify(src) by extension 'ignore_ament_install'
[1.243s] Level 1:colcon.colcon_core.package_identification:_identify(src) by extensions ['colcon_pkg']
[1.243s] Level 1:colcon.colcon_core.package_identification:_identify(src) by extension 'colcon_pkg'
[1.243s] Level 1:colcon.colcon_core.package_identification:_identify(src) by extensions ['colcon_meta']
[1.243s] Level 1:colcon.colcon_core.package_identification:_identify(src) by extension 'colcon_meta'
[1.243s] Level 1:colcon.colcon_core.package_identification:_identify(src) by extensions ['ros']
[1.243s] Level 1:colcon.colcon_core.package_identification:_identify(src) by extension 'ros'
[1.243s] Level 1:colcon.colcon_core.package_identification:_identify(src) by extensions ['cmake', 'python']
[1.243s] Level 1:colcon.colcon_core.package_identification:_identify(src) by extension 'cmake'
[1.244s] Level 1:colcon.colcon_core.package_identification:_identify(src) by extension 'python'
[1.244s] Level 1:colcon.colcon_core.package_identification:_identify(src) by extensions ['python_setup_py']
[1.244s] Level 1:colcon.colcon_core.package_identification:_identify(src) by extension 'python_setup_py'
[1.244s] Level 1:colcon.colcon_core.package_identification:_identify(src/articubot_one) by extensions ['ignore', 'ignore_ament_install']
[1.244s] Level 1:colcon.colcon_core.package_identification:_identify(src/articubot_one) by extension 'ignore'
[1.244s] Level 1:colcon.colcon_core.package_identification:_identify(src/articubot_one) by extension 'ignore_ament_install'
[1.244s] Level 1:colcon.colcon_core.package_identification:_identify(src/articubot_one) by extensions ['colcon_pkg']
[1.244s] Level 1:colcon.colcon_core.package_identification:_identify(src/articubot_one) by extension 'colcon_pkg'
[1.244s] Level 1:colcon.colcon_core.package_identification:_identify(src/articubot_one) by extensions ['colcon_meta']
[1.244s] Level 1:colcon.colcon_core.package_identification:_identify(src/articubot_one) by extension 'colcon_meta'
[1.244s] Level 1:colcon.colcon_core.package_identification:_identify(src/articubot_one) by extensions ['ros']
[1.244s] Level 1:colcon.colcon_core.package_identification:_identify(src/articubot_one) by extension 'ros'
[1.246s] DEBUG:colcon.colcon_core.package_identification:Package 'src/articubot_one' with type 'ros.ament_cmake' and name 'articubot_one'
[1.246s] Level 1:colcon.colcon_core.package_identification:_identify(src/camera) by extensions ['ignore', 'ignore_ament_install']
[1.246s] Level 1:colcon.colcon_core.package_identification:_identify(src/camera) by extension 'ignore'
[1.246s] Level 1:colcon.colcon_core.package_identification:_identify(src/camera) by extension 'ignore_ament_install'
[1.246s] Level 1:colcon.colcon_core.package_identification:_identify(src/camera) by extensions ['colcon_pkg']
[1.246s] Level 1:colcon.colcon_core.package_identification:_identify(src/camera) by extension 'colcon_pkg'
[1.246s] Level 1:colcon.colcon_core.package_identification:_identify(src/camera) by extensions ['colcon_meta']
[1.246s] Level 1:colcon.colcon_core.package_identification:_identify(src/camera) by extension 'colcon_meta'
[1.246s] Level 1:colcon.colcon_core.package_identification:_identify(src/camera) by extensions ['ros']
[1.246s] Level 1:colcon.colcon_core.package_identification:_identify(src/camera) by extension 'ros'
[1.247s] DEBUG:colcon.colcon_core.package_identification:Package 'src/camera' with type 'ros.ament_python' and name 'camera'
[1.247s] Level 1:colcon.colcon_core.package_discovery:discover_packages(recursive) using defaults
[1.247s] Level 1:colcon.colcon_core.package_discovery:discover_packages(ignore) discover
[1.247s] Level 1:colcon.colcon_core.package_discovery:discover_packages(ignore) using defaults
[1.247s] Level 1:colcon.colcon_core.package_discovery:discover_packages(path) discover
[1.247s] Level 1:colcon.colcon_core.package_discovery:discover_packages(path) using defaults
[1.283s] Level 5:colcon.colcon_core.verb:set package 'articubot_one' build argument 'cmake_args' from command line to 'None'
[1.283s] Level 5:colcon.colcon_core.verb:set package 'articubot_one' build argument 'cmake_target' from command line to 'None'
[1.283s] Level 5:colcon.colcon_core.verb:set package 'articubot_one' build argument 'cmake_target_skip_unavailable' from command line to 'False'
[1.283s] Level 5:colcon.colcon_core.verb:set package 'articubot_one' build argument 'cmake_clean_cache' from command line to 'False'
[1.283s] Level 5:colcon.colcon_core.verb:set package 'articubot_one' build argument 'cmake_clean_first' from command line to 'False'
[1.283s] Level 5:colcon.colcon_core.verb:set package 'articubot_one' build argument 'cmake_force_configure' from command line to 'False'
[1.283s] Level 5:colcon.colcon_core.verb:set package 'articubot_one' build argument 'ament_cmake_args' from command line to 'None'
[1.283s] Level 5:colcon.colcon_core.verb:set package 'articubot_one' build argument 'catkin_cmake_args' from command line to 'None'
[1.283s] Level 5:colcon.colcon_core.verb:set package 'articubot_one' build argument 'catkin_skip_building_tests' from command line to 'False'
[1.283s] DEBUG:colcon.colcon_core.verb:Building package 'articubot_one' with the following arguments: {'ament_cmake_args': None, 'build_base': '/home/faizal/ros2_ws/build/articubot_one', 'catkin_cmake_args': None, 'catkin_skip_building_tests': False, 'cmake_args': None, 'cmake_clean_cache': False, 'cmake_clean_first': False, 'cmake_force_configure': False, 'cmake_target': None, 'cmake_target_skip_unavailable': False, 'install_base': '/home/faizal/ros2_ws/install/articubot_one', 'merge_install': False, 'path': '/home/faizal/ros2_ws/src/articubot_one', 'symlink_install': True, 'test_result_base': None}
[1.289s] Level 5:colcon.colcon_core.verb:set package 'camera' build argument 'cmake_args' from command line to 'None'
[1.289s] Level 5:colcon.colcon_core.verb:set package 'camera' build argument 'cmake_target' from command line to 'None'
[1.289s] Level 5:colcon.colcon_core.verb:set package 'camera' build argument 'cmake_target_skip_unavailable' from command line to 'False'
[1.289s] Level 5:colcon.colcon_core.verb:set package 'camera' build argument 'cmake_clean_cache' from command line to 'False'
[1.289s] Level 5:colcon.colcon_core.verb:set package 'camera' build argument 'cmake_clean_first' from command line to 'False'
[1.289s] Level 5:colcon.colcon_core.verb:set package 'camera' build argument 'cmake_force_configure' from command line to 'False'
[1.289s] Level 5:colcon.colcon_core.verb:set package 'camera' build argument 'ament_cmake_args' from command line to 'None'
[1.289s] Level 5:colcon.colcon_core.verb:set package 'camera' build argument 'catkin_cmake_args' from command line to 'None'
[1.289s] Level 5:colcon.colcon_core.verb:set package 'camera' build argument 'catkin_skip_building_tests' from command line to 'False'
[1.289s] DEBUG:colcon.colcon_core.verb:Building package 'camera' with the following arguments: {'ament_cmake_args': None, 'build_base': '/home/faizal/ros2_ws/build/camera', 'catkin_cmake_args': None, 'catkin_skip_building_tests': False, 'cmake_args': None, 'cmake_clean_cache': False, 'cmake_clean_first': False, 'cmake_force_configure': False, 'cmake_target': None, 'cmake_target_skip_unavailable': False, 'install_base': '/home/faizal/ros2_ws/install/camera', 'merge_install': False, 'path': '/home/faizal/ros2_ws/src/camera', 'symlink_install': True, 'test_result_base': None}
[1.294s] INFO:colcon.colcon_core.executor:Executing jobs using 'parallel' executor
[1.300s] DEBUG:colcon.colcon_parallel_executor.executor.parallel:run_until_complete
[1.300s] INFO:colcon.colcon_ros.task.ament_cmake.build:Building ROS package in '/home/faizal/ros2_ws/src/articubot_one' with build type 'ament_cmake'
[1.300s] INFO:colcon.colcon_cmake.task.cmake.build:Building CMake package in '/home/faizal/ros2_ws/src/articubot_one'
[1.308s] INFO:colcon.colcon_core.plugin_system:Skipping extension 'colcon_core.shell.bat': Not used on non-Windows systems
[1.308s] INFO:colcon.colcon_core.shell:Skip shell extension 'powershell' for command environment: Not usable outside of PowerShell
[1.308s] DEBUG:colcon.colcon_core.shell:Skip shell extension 'dsv' for command environment
[1.328s] INFO:colcon.colcon_ros.task.ament_python.build:Building ROS package in '/home/faizal/ros2_ws/src/camera' with build type 'ament_python'
[1.328s] Level 1:colcon.colcon_core.shell:create_environment_hook('camera', 'ament_prefix_path')
[1.335s] INFO:colcon.colcon_core.shell:Creating environment hook '/home/faizal/ros2_ws/install/camera/share/camera/hook/ament_prefix_path.ps1'
[1.335s] INFO:colcon.colcon_core.shell:Creating environment descriptor '/home/faizal/ros2_ws/install/camera/share/camera/hook/ament_prefix_path.dsv'
[1.335s] INFO:colcon.colcon_core.shell:Creating environment hook '/home/faizal/ros2_ws/install/camera/share/camera/hook/ament_prefix_path.sh'
[1.341s] INFO:colcon.colcon_core.shell:Skip shell extension 'powershell' for command environment: Not usable outside of PowerShell
[1.341s] DEBUG:colcon.colcon_core.shell:Skip shell extension 'dsv' for command environment
[1.364s] DEBUG:colcon.colcon_core.event_handler.log_command:Invoking command in '/home/faizal/ros2_ws/build/articubot_one': CMAKE_PREFIX_PATH=${CMAKE_PREFIX_PATH}:/home/faizal/ros2_ws/install/camera:/opt/ros/foxy CONDA_PROMPT_MODIFIER=(ros) /usr/bin/cmake --build /home/faizal/ros2_ws/build/articubot_one -- -j8 -l8
[1.511s] INFO:colcon.colcon_core.task.python.build:Building Python package in '/home/faizal/ros2_ws/src/camera'
[1.517s] INFO:colcon.colcon_core.shell:Skip shell extension 'powershell' for command environment: Not usable outside of PowerShell
[1.517s] DEBUG:colcon.colcon_core.shell:Skip shell extension 'dsv' for command environment
[1.539s] DEBUG:colcon.colcon_core.event_handler.log_command:Invoked command in '/home/faizal/ros2_ws/build/articubot_one' returned '0': CMAKE_PREFIX_PATH=${CMAKE_PREFIX_PATH}:/home/faizal/ros2_ws/install/camera:/opt/ros/foxy CONDA_PROMPT_MODIFIER=(ros) /usr/bin/cmake --build /home/faizal/ros2_ws/build/articubot_one -- -j8 -l8
[1.562s] DEBUG:colcon.colcon_core.event_handler.log_command:Invoking command in '/home/faizal/ros2_ws/build/articubot_one': CMAKE_PREFIX_PATH=${CMAKE_PREFIX_PATH}:/home/faizal/ros2_ws/install/camera:/opt/ros/foxy CONDA_PROMPT_MODIFIER=(ros) /usr/bin/cmake --install /home/faizal/ros2_ws/build/articubot_one
[1.588s] Level 1:colcon.colcon_core.environment:create_environment_scripts_only(articubot_one)
[1.589s] DEBUG:colcon.colcon_core.event_handler.log_command:Invoked command in '/home/faizal/ros2_ws/build/articubot_one' returned '0': CMAKE_PREFIX_PATH=${CMAKE_PREFIX_PATH}:/home/faizal/ros2_ws/install/camera:/opt/ros/foxy CONDA_PROMPT_MODIFIER=(ros) /usr/bin/cmake --install /home/faizal/ros2_ws/build/articubot_one
[1.602s] Level 1:colcon.colcon_core.environment:checking '/home/faizal/ros2_ws/install/articubot_one' for CMake module files
[1.602s] Level 1:colcon.colcon_core.environment:checking '/home/faizal/ros2_ws/install/articubot_one' for CMake config files
[1.603s] Level 1:colcon.colcon_core.shell:create_environment_hook('articubot_one', 'cmake_prefix_path')
[1.612s] INFO:colcon.colcon_core.shell:Creating environment hook '/home/faizal/ros2_ws/install/articubot_one/share/articubot_one/hook/cmake_prefix_path.ps1'
[1.612s] INFO:colcon.colcon_core.shell:Creating environment descriptor '/home/faizal/ros2_ws/install/articubot_one/share/articubot_one/hook/cmake_prefix_path.dsv'
[1.612s] INFO:colcon.colcon_core.shell:Creating environment hook '/home/faizal/ros2_ws/install/articubot_one/share/articubot_one/hook/cmake_prefix_path.sh'
[1.613s] Level 1:colcon.colcon_core.environment:checking '/home/faizal/ros2_ws/install/articubot_one/bin'
[1.613s] Level 1:colcon.colcon_core.environment:checking '/home/faizal/ros2_ws/install/articubot_one/lib/pkgconfig/articubot_one.pc'
[1.613s] Level 1:colcon.colcon_core.environment:checking '/home/faizal/ros2_ws/install/articubot_one/lib/python3.8/site-packages'
[1.613s] Level 1:colcon.colcon_core.environment:checking '/home/faizal/ros2_ws/install/articubot_one/bin'
[1.619s] INFO:colcon.colcon_core.shell:Creating package script '/home/faizal/ros2_ws/install/articubot_one/share/articubot_one/package.ps1'
[1.620s] INFO:colcon.colcon_core.shell:Creating package descriptor '/home/faizal/ros2_ws/install/articubot_one/share/articubot_one/package.dsv'
[1.620s] INFO:colcon.colcon_core.shell:Creating package script '/home/faizal/ros2_ws/install/articubot_one/share/articubot_one/package.sh'
[1.621s] INFO:colcon.colcon_core.shell:Creating package script '/home/faizal/ros2_ws/install/articubot_one/share/articubot_one/package.bash'
[1.621s] INFO:colcon.colcon_core.shell:Creating package script '/home/faizal/ros2_ws/install/articubot_one/share/articubot_one/package.zsh'
[1.622s] Level 1:colcon.colcon_core.environment:create_file_with_runtime_dependencies(/home/faizal/ros2_ws/install/articubot_one/share/colcon-core/packages/articubot_one)
[1.642s] Level 1:colcon.colcon_core.environment:create_environment_scripts_only(articubot_one)
[1.647s] Level 1:colcon.colcon_core.environment:checking '/home/faizal/ros2_ws/install/articubot_one' for CMake module files
[1.648s] Level 1:colcon.colcon_core.environment:checking '/home/faizal/ros2_ws/install/articubot_one' for CMake config files
[1.648s] Level 1:colcon.colcon_core.shell:create_environment_hook('articubot_one', 'cmake_prefix_path')
[1.653s] INFO:colcon.colcon_core.shell:Creating environment hook '/home/faizal/ros2_ws/install/articubot_one/share/articubot_one/hook/cmake_prefix_path.ps1'
[1.653s] INFO:colcon.colcon_core.shell:Creating environment descriptor '/home/faizal/ros2_ws/install/articubot_one/share/articubot_one/hook/cmake_prefix_path.dsv'
[1.654s] INFO:colcon.colcon_core.shell:Creating environment hook '/home/faizal/ros2_ws/install/articubot_one/share/articubot_one/hook/cmake_prefix_path.sh'
[1.654s] Level 1:colcon.colcon_core.environment:checking '/home/faizal/ros2_ws/install/articubot_one/bin'
[1.654s] Level 1:colcon.colcon_core.environment:checking '/home/faizal/ros2_ws/install/articubot_one/lib/pkgconfig/articubot_one.pc'
[1.654s] Level 1:colcon.colcon_core.environment:checking '/home/faizal/ros2_ws/install/articubot_one/lib/python3.8/site-packages'
[1.654s] Level 1:colcon.colcon_core.environment:checking '/home/faizal/ros2_ws/install/articubot_one/bin'
[1.660s] INFO:colcon.colcon_core.shell:Creating package script '/home/faizal/ros2_ws/install/articubot_one/share/articubot_one/package.ps1'
[1.660s] INFO:colcon.colcon_core.shell:Creating package descriptor '/home/faizal/ros2_ws/install/articubot_one/share/articubot_one/package.dsv'
[1.661s] INFO:colcon.colcon_core.shell:Creating package script '/home/faizal/ros2_ws/install/articubot_one/share/articubot_one/package.sh'
[1.661s] INFO:colcon.colcon_core.shell:Creating package script '/home/faizal/ros2_ws/install/articubot_one/share/articubot_one/package.bash'
[1.661s] INFO:colcon.colcon_core.shell:Creating package script '/home/faizal/ros2_ws/install/articubot_one/share/articubot_one/package.zsh'
[1.661s] Level 1:colcon.colcon_core.environment:create_file_with_runtime_dependencies(/home/faizal/ros2_ws/install/articubot_one/share/colcon-core/packages/articubot_one)
[1.865s] DEBUG:colcon.colcon_core.event_handler.log_command:Invoking command in '/home/faizal/ros2_ws/build/camera': CONDA_PROMPT_MODIFIER=(ros) PYTHONPATH=/home/faizal/ros2_ws/build/camera/prefix_override:/home/faizal/ros2_ws/install/camera/lib/python3.8/site-packages:${PYTHONPATH} /home/faizal/miniconda3/envs/ros/bin/python setup.py develop --editable --build-directory /home/faizal/ros2_ws/build/camera/build --no-deps install_data
[2.186s] Level 1:colcon.colcon_core.shell:create_environment_hook('camera', 'pythonpath_develop')
[2.187s] DEBUG:colcon.colcon_core.event_handler.log_command:Invoked command in '/home/faizal/ros2_ws/build/camera' returned '0': CONDA_PROMPT_MODIFIER=(ros) PYTHONPATH=/home/faizal/ros2_ws/build/camera/prefix_override:/home/faizal/ros2_ws/install/camera/lib/python3.8/site-packages:${PYTHONPATH} /home/faizal/miniconda3/envs/ros/bin/python setup.py develop --editable --build-directory /home/faizal/ros2_ws/build/camera/build --no-deps install_data
[2.192s] INFO:colcon.colcon_core.shell:Creating environment hook '/home/faizal/ros2_ws/build/camera/share/camera/hook/pythonpath_develop.ps1'
[2.193s] INFO:colcon.colcon_core.shell:Creating environment descriptor '/home/faizal/ros2_ws/build/camera/share/camera/hook/pythonpath_develop.dsv'
[2.193s] INFO:colcon.colcon_core.shell:Creating environment hook '/home/faizal/ros2_ws/build/camera/share/camera/hook/pythonpath_develop.sh'
[2.198s] Level 1:colcon.colcon_core.environment:checking '/home/faizal/ros2_ws/install/camera' for CMake module files
[2.199s] Level 1:colcon.colcon_core.environment:checking '/home/faizal/ros2_ws/install/camera' for CMake config files
[2.199s] Level 1:colcon.colcon_core.environment:checking '/home/faizal/ros2_ws/install/camera/lib'
[2.199s] Level 1:colcon.colcon_core.environment:checking '/home/faizal/ros2_ws/install/camera/bin'
[2.199s] Level 1:colcon.colcon_core.environment:checking '/home/faizal/ros2_ws/install/camera/lib/pkgconfig/camera.pc'
[2.200s] Level 1:colcon.colcon_core.environment:checking '/home/faizal/ros2_ws/install/camera/lib/python3.8/site-packages'
[2.200s] Level 1:colcon.colcon_core.shell:create_environment_hook('camera', 'pythonpath')
[2.205s] INFO:colcon.colcon_core.shell:Creating environment hook '/home/faizal/ros2_ws/install/camera/share/camera/hook/pythonpath.ps1'
[2.206s] INFO:colcon.colcon_core.shell:Creating environment descriptor '/home/faizal/ros2_ws/install/camera/share/camera/hook/pythonpath.dsv'
[2.206s] INFO:colcon.colcon_core.shell:Creating environment hook '/home/faizal/ros2_ws/install/camera/share/camera/hook/pythonpath.sh'
[2.206s] Level 1:colcon.colcon_core.environment:checking '/home/faizal/ros2_ws/install/camera/bin'
[2.206s] Level 1:colcon.colcon_core.environment:create_environment_scripts_only(camera)
[2.221s] INFO:colcon.colcon_core.shell:Creating package script '/home/faizal/ros2_ws/install/camera/share/camera/package.ps1'
[2.221s] INFO:colcon.colcon_core.shell:Creating package descriptor '/home/faizal/ros2_ws/install/camera/share/camera/package.dsv'
[2.222s] INFO:colcon.colcon_core.shell:Creating package script '/home/faizal/ros2_ws/install/camera/share/camera/package.sh'
[2.222s] INFO:colcon.colcon_core.shell:Creating package script '/home/faizal/ros2_ws/install/camera/share/camera/package.bash'
[2.222s] INFO:colcon.colcon_core.shell:Creating package script '/home/faizal/ros2_ws/install/camera/share/camera/package.zsh'
[2.222s] Level 1:colcon.colcon_core.environment:create_file_with_runtime_dependencies(/home/faizal/ros2_ws/install/camera/share/colcon-core/packages/camera)
[2.223s] DEBUG:colcon.colcon_parallel_executor.executor.parallel:closing loop
[2.223s] DEBUG:colcon.colcon_parallel_executor.executor.parallel:loop closed
[2.223s] DEBUG:colcon.colcon_parallel_executor.executor.parallel:run_until_complete finished with '0'
[2.223s] DEBUG:colcon.colcon_core.event_reactor:joining thread
[2.231s] INFO:colcon.colcon_core.plugin_system:Skipping extension 'colcon_notification.desktop_notification.notify2': 'notify2' not found
[2.231s] INFO:colcon.colcon_core.plugin_system:Skipping extension 'colcon_notification.desktop_notification.terminal_notifier': Not used on non-Darwin systems
[2.231s] INFO:colcon.colcon_core.plugin_system:Skipping extension 'colcon_notification.desktop_notification.win32': Not used on non-Windows systems
[2.231s] INFO:colcon.colcon_notification.desktop_notification:Sending desktop notification using 'notify_send'
[2.245s] DEBUG:colcon.colcon_core.event_reactor:joined thread
[2.251s] INFO:colcon.colcon_core.shell:Creating prefix script '/home/faizal/ros2_ws/install/local_setup.ps1'
[2.252s] INFO:colcon.colcon_core.shell:Creating prefix util module '/home/faizal/ros2_ws/install/_local_setup_util_ps1.py'
[2.253s] INFO:colcon.colcon_core.shell:Creating prefix chain script '/home/faizal/ros2_ws/install/setup.ps1'
[2.259s] INFO:colcon.colcon_core.shell:Creating prefix script '/home/faizal/ros2_ws/install/local_setup.sh'
[2.259s] INFO:colcon.colcon_core.shell:Creating prefix util module '/home/faizal/ros2_ws/install/_local_setup_util_sh.py'
[2.260s] INFO:colcon.colcon_core.shell:Creating prefix chain script '/home/faizal/ros2_ws/install/setup.sh'
[2.266s] INFO:colcon.colcon_core.shell:Creating prefix script '/home/faizal/ros2_ws/install/local_setup.bash'
[2.267s] INFO:colcon.colcon_core.shell:Creating prefix chain script '/home/faizal/ros2_ws/install/setup.bash'
[2.272s] INFO:colcon.colcon_core.shell:Creating prefix script '/home/faizal/ros2_ws/install/local_setup.zsh'
[2.273s] INFO:colcon.colcon_core.shell:Creating prefix chain script '/home/faizal/ros2_ws/install/setup.zsh'
