[0.897s] DEBUG:colcon:Command line arguments: ['/home/faizal/miniconda3/envs/ros/bin/colcon', 'build']
[0.897s] DEBUG:colcon:Parsed command line arguments: Namespace(log_base=None, log_level=None, verb_name='build', build_base='build', install_base='install', merge_install=False, symlink_install=False, test_result_base=None, continue_on_error=False, executor='parallel', parallel_workers=8, event_handlers=None, ignore_user_meta=False, metas=['./colcon.meta'], base_paths=['.'], packages_ignore=None, packages_ignore_regex=None, paths=None, packages_up_to=None, packages_up_to_regex=None, packages_above=None, packages_above_and_dependencies=None, packages_above_depth=None, packages_select_by_dep=None, packages_skip_by_dep=None, packages_skip_up_to=None, packages_select_build_failed=False, packages_skip_build_finished=False, packages_select_test_failures=False, packages_skip_test_passed=False, packages_select=None, packages_skip=None, packages_select_regex=None, packages_skip_regex=None, packages_start=None, packages_end=None, cmake_args=None, cmake_target=None, cmake_target_skip_unavailable=False, cmake_clean_cache=False, cmake_clean_first=False, cmake_force_configure=False, ament_cmake_args=None, catkin_cmake_args=None, catkin_skip_building_tests=False, verb_parser=<colcon_defaults.argument_parser.defaults.DefaultArgumentsDecorator object at 0x7f108e62e9d0>, verb_extension=<colcon_core.verb.build.BuildVerb object at 0x7f108e8ee430>, main=<bound method BuildVerb.main of <colcon_core.verb.build.BuildVerb object at 0x7f108e8ee430>>)
[0.938s] Level 1:colcon.colcon_core.package_discovery:discover_packages(colcon_meta) check parameters
[0.938s] Level 1:colcon.colcon_core.package_discovery:discover_packages(recursive) check parameters
[0.938s] Level 1:colcon.colcon_core.package_discovery:discover_packages(ignore) check parameters
[0.938s] Level 1:colcon.colcon_core.package_discovery:discover_packages(path) check parameters
[0.938s] Level 1:colcon.colcon_core.package_discovery:discover_packages(colcon_meta) discover
[0.938s] Level 1:colcon.colcon_core.package_discovery:discover_packages(recursive) discover
[0.938s] INFO:colcon.colcon_core.package_discovery:Crawling recursively for packages in '/home/faizal/ros2_ws'
[0.939s] Level 1:colcon.colcon_core.package_identification:_identify(.) by extensions ['ignore', 'ignore_ament_install']
[0.939s] Level 1:colcon.colcon_core.package_identification:_identify(.) by extension 'ignore'
[0.939s] Level 1:colcon.colcon_core.package_identification:_identify(.) by extension 'ignore_ament_install'
[0.939s] Level 1:colcon.colcon_core.package_identification:_identify(.) by extensions ['colcon_pkg']
[0.939s] Level 1:colcon.colcon_core.package_identification:_identify(.) by extension 'colcon_pkg'
[0.939s] Level 1:colcon.colcon_core.package_identification:_identify(.) by extensions ['colcon_meta']
[0.939s] Level 1:colcon.colcon_core.package_identification:_identify(.) by extension 'colcon_meta'
[0.939s] Level 1:colcon.colcon_core.package_identification:_identify(.) by extensions ['ros']
[0.939s] Level 1:colcon.colcon_core.package_identification:_identify(.) by extension 'ros'
[0.961s] Level 1:colcon.colcon_core.package_identification:_identify(.) by extensions ['cmake', 'python']
[0.961s] Level 1:colcon.colcon_core.package_identification:_identify(.) by extension 'cmake'
[0.961s] Level 1:colcon.colcon_core.package_identification:_identify(.) by extension 'python'
[0.961s] Level 1:colcon.colcon_core.package_identification:_identify(.) by extensions ['python_setup_py']
[0.961s] Level 1:colcon.colcon_core.package_identification:_identify(.) by extension 'python_setup_py'
[0.961s] Level 1:colcon.colcon_core.package_identification:_identify(build) by extensions ['ignore', 'ignore_ament_install']
[0.961s] Level 1:colcon.colcon_core.package_identification:_identify(build) by extension 'ignore'
[0.961s] Level 1:colcon.colcon_core.package_identification:_identify(build) ignored
[0.961s] Level 1:colcon.colcon_core.package_identification:_identify(install) by extensions ['ignore', 'ignore_ament_install']
[0.961s] Level 1:colcon.colcon_core.package_identification:_identify(install) by extension 'ignore'
[0.962s] Level 1:colcon.colcon_core.package_identification:_identify(install) ignored
[0.962s] Level 1:colcon.colcon_core.package_identification:_identify(log) by extensions ['ignore', 'ignore_ament_install']
[0.962s] Level 1:colcon.colcon_core.package_identification:_identify(log) by extension 'ignore'
[0.962s] Level 1:colcon.colcon_core.package_identification:_identify(log) ignored
[0.962s] Level 1:colcon.colcon_core.package_identification:_identify(src) by extensions ['ignore', 'ignore_ament_install']
[0.962s] Level 1:colcon.colcon_core.package_identification:_identify(src) by extension 'ignore'
[0.962s] Level 1:colcon.colcon_core.package_identification:_identify(src) by extension 'ignore_ament_install'
[0.962s] Level 1:colcon.colcon_core.package_identification:_identify(src) by extensions ['colcon_pkg']
[0.962s] Level 1:colcon.colcon_core.package_identification:_identify(src) by extension 'colcon_pkg'
[0.962s] Level 1:colcon.colcon_core.package_identification:_identify(src) by extensions ['colcon_meta']
[0.962s] Level 1:colcon.colcon_core.package_identification:_identify(src) by extension 'colcon_meta'
[0.962s] Level 1:colcon.colcon_core.package_identification:_identify(src) by extensions ['ros']
[0.962s] Level 1:colcon.colcon_core.package_identification:_identify(src) by extension 'ros'
[0.962s] Level 1:colcon.colcon_core.package_identification:_identify(src) by extensions ['cmake', 'python']
[0.962s] Level 1:colcon.colcon_core.package_identification:_identify(src) by extension 'cmake'
[0.962s] Level 1:colcon.colcon_core.package_identification:_identify(src) by extension 'python'
[0.962s] Level 1:colcon.colcon_core.package_identification:_identify(src) by extensions ['python_setup_py']
[0.962s] Level 1:colcon.colcon_core.package_identification:_identify(src) by extension 'python_setup_py'
[0.962s] Level 1:colcon.colcon_core.package_identification:_identify(src/articubot_one) by extensions ['ignore', 'ignore_ament_install']
[0.962s] Level 1:colcon.colcon_core.package_identification:_identify(src/articubot_one) by extension 'ignore'
[0.962s] Level 1:colcon.colcon_core.package_identification:_identify(src/articubot_one) by extension 'ignore_ament_install'
[0.962s] Level 1:colcon.colcon_core.package_identification:_identify(src/articubot_one) by extensions ['colcon_pkg']
[0.962s] Level 1:colcon.colcon_core.package_identification:_identify(src/articubot_one) by extension 'colcon_pkg'
[0.962s] Level 1:colcon.colcon_core.package_identification:_identify(src/articubot_one) by extensions ['colcon_meta']
[0.962s] Level 1:colcon.colcon_core.package_identification:_identify(src/articubot_one) by extension 'colcon_meta'
[0.963s] Level 1:colcon.colcon_core.package_identification:_identify(src/articubot_one) by extensions ['ros']
[0.963s] Level 1:colcon.colcon_core.package_identification:_identify(src/articubot_one) by extension 'ros'
[0.964s] DEBUG:colcon.colcon_core.package_identification:Package 'src/articubot_one' with type 'ros.ament_cmake' and name 'articubot_one'
[0.964s] Level 1:colcon.colcon_core.package_discovery:discover_packages(recursive) using defaults
[0.964s] Level 1:colcon.colcon_core.package_discovery:discover_packages(ignore) discover
[0.964s] Level 1:colcon.colcon_core.package_discovery:discover_packages(ignore) using defaults
[0.964s] Level 1:colcon.colcon_core.package_discovery:discover_packages(path) discover
[0.964s] Level 1:colcon.colcon_core.package_discovery:discover_packages(path) using defaults
[0.995s] Level 5:colcon.colcon_core.verb:set package 'articubot_one' build argument 'cmake_args' from command line to 'None'
[0.995s] Level 5:colcon.colcon_core.verb:set package 'articubot_one' build argument 'cmake_target' from command line to 'None'
[0.995s] Level 5:colcon.colcon_core.verb:set package 'articubot_one' build argument 'cmake_target_skip_unavailable' from command line to 'False'
[0.995s] Level 5:colcon.colcon_core.verb:set package 'articubot_one' build argument 'cmake_clean_cache' from command line to 'False'
[0.995s] Level 5:colcon.colcon_core.verb:set package 'articubot_one' build argument 'cmake_clean_first' from command line to 'False'
[0.995s] Level 5:colcon.colcon_core.verb:set package 'articubot_one' build argument 'cmake_force_configure' from command line to 'False'
[0.996s] Level 5:colcon.colcon_core.verb:set package 'articubot_one' build argument 'ament_cmake_args' from command line to 'None'
[0.996s] Level 5:colcon.colcon_core.verb:set package 'articubot_one' build argument 'catkin_cmake_args' from command line to 'None'
[0.996s] Level 5:colcon.colcon_core.verb:set package 'articubot_one' build argument 'catkin_skip_building_tests' from command line to 'False'
[0.996s] DEBUG:colcon.colcon_core.verb:Building package 'articubot_one' with the following arguments: {'ament_cmake_args': None, 'build_base': '/home/faizal/ros2_ws/build/articubot_one', 'catkin_cmake_args': None, 'catkin_skip_building_tests': False, 'cmake_args': None, 'cmake_clean_cache': False, 'cmake_clean_first': False, 'cmake_force_configure': False, 'cmake_target': None, 'cmake_target_skip_unavailable': False, 'install_base': '/home/faizal/ros2_ws/install/articubot_one', 'merge_install': False, 'path': '/home/faizal/ros2_ws/src/articubot_one', 'symlink_install': False, 'test_result_base': None}
[1.000s] INFO:colcon.colcon_core.executor:Executing jobs using 'parallel' executor
[1.005s] DEBUG:colcon.colcon_parallel_executor.executor.parallel:run_until_complete
[1.005s] INFO:colcon.colcon_ros.task.ament_cmake.build:Building ROS package in '/home/faizal/ros2_ws/src/articubot_one' with build type 'ament_cmake'
[1.005s] INFO:colcon.colcon_cmake.task.cmake.build:Building CMake package in '/home/faizal/ros2_ws/src/articubot_one'
[1.011s] INFO:colcon.colcon_core.plugin_system:Skipping extension 'colcon_core.shell.bat': Not used on non-Windows systems
[1.011s] INFO:colcon.colcon_core.shell:Skip shell extension 'powershell' for command environment: Not usable outside of PowerShell
[1.011s] DEBUG:colcon.colcon_core.shell:Skip shell extension 'dsv' for command environment
[1.035s] DEBUG:colcon.colcon_core.event_handler.log_command:Invoking command in '/home/faizal/ros2_ws/build/articubot_one': CMAKE_PREFIX_PATH=${CMAKE_PREFIX_PATH}:/opt/ros/foxy CONDA_PROMPT_MODIFIER=(ros) /usr/bin/cmake /home/faizal/ros2_ws/src/articubot_one -DCMAKE_INSTALL_PREFIX=/home/faizal/ros2_ws/install/articubot_one
[1.239s] DEBUG:colcon.colcon_core.event_handler.log_command:Invoked command in '/home/faizal/ros2_ws/build/articubot_one' returned '0': CMAKE_PREFIX_PATH=${CMAKE_PREFIX_PATH}:/opt/ros/foxy CONDA_PROMPT_MODIFIER=(ros) /usr/bin/cmake /home/faizal/ros2_ws/src/articubot_one -DCMAKE_INSTALL_PREFIX=/home/faizal/ros2_ws/install/articubot_one
[1.241s] DEBUG:colcon.colcon_core.event_handler.log_command:Invoking command in '/home/faizal/ros2_ws/build/articubot_one': CMAKE_PREFIX_PATH=${CMAKE_PREFIX_PATH}:/opt/ros/foxy CONDA_PROMPT_MODIFIER=(ros) /usr/bin/cmake --build /home/faizal/ros2_ws/build/articubot_one -- -j8 -l8
[1.268s] DEBUG:colcon.colcon_core.event_handler.log_command:Invoked command in '/home/faizal/ros2_ws/build/articubot_one' returned '0': CMAKE_PREFIX_PATH=${CMAKE_PREFIX_PATH}:/opt/ros/foxy CONDA_PROMPT_MODIFIER=(ros) /usr/bin/cmake --build /home/faizal/ros2_ws/build/articubot_one -- -j8 -l8
[1.289s] DEBUG:colcon.colcon_core.event_handler.log_command:Invoking command in '/home/faizal/ros2_ws/build/articubot_one': CMAKE_PREFIX_PATH=${CMAKE_PREFIX_PATH}:/opt/ros/foxy CONDA_PROMPT_MODIFIER=(ros) /usr/bin/cmake --install /home/faizal/ros2_ws/build/articubot_one
[1.308s] Level 1:colcon.colcon_core.environment:create_environment_scripts_only(articubot_one)
[1.309s] DEBUG:colcon.colcon_core.event_handler.log_command:Invoked command in '/home/faizal/ros2_ws/build/articubot_one' returned '0': CMAKE_PREFIX_PATH=${CMAKE_PREFIX_PATH}:/opt/ros/foxy CONDA_PROMPT_MODIFIER=(ros) /usr/bin/cmake --install /home/faizal/ros2_ws/build/articubot_one
[1.315s] Level 1:colcon.colcon_core.environment:checking '/home/faizal/ros2_ws/install/articubot_one' for CMake module files
[1.316s] Level 1:colcon.colcon_core.environment:checking '/home/faizal/ros2_ws/install/articubot_one' for CMake config files
[1.316s] Level 1:colcon.colcon_core.shell:create_environment_hook('articubot_one', 'cmake_prefix_path')
[1.320s] INFO:colcon.colcon_core.shell:Creating environment hook '/home/faizal/ros2_ws/install/articubot_one/share/articubot_one/hook/cmake_prefix_path.ps1'
[1.321s] INFO:colcon.colcon_core.shell:Creating environment descriptor '/home/faizal/ros2_ws/install/articubot_one/share/articubot_one/hook/cmake_prefix_path.dsv'
[1.321s] INFO:colcon.colcon_core.shell:Creating environment hook '/home/faizal/ros2_ws/install/articubot_one/share/articubot_one/hook/cmake_prefix_path.sh'
[1.322s] Level 1:colcon.colcon_core.environment:checking '/home/faizal/ros2_ws/install/articubot_one/bin'
[1.322s] Level 1:colcon.colcon_core.environment:checking '/home/faizal/ros2_ws/install/articubot_one/lib/pkgconfig/articubot_one.pc'
[1.323s] Level 1:colcon.colcon_core.environment:checking '/home/faizal/ros2_ws/install/articubot_one/lib/python3.9/site-packages'
[1.323s] Level 1:colcon.colcon_core.environment:checking '/home/faizal/ros2_ws/install/articubot_one/bin'
[1.327s] INFO:colcon.colcon_core.shell:Creating package script '/home/faizal/ros2_ws/install/articubot_one/share/articubot_one/package.ps1'
[1.328s] INFO:colcon.colcon_core.shell:Creating package descriptor '/home/faizal/ros2_ws/install/articubot_one/share/articubot_one/package.dsv'
[1.328s] INFO:colcon.colcon_core.shell:Creating package script '/home/faizal/ros2_ws/install/articubot_one/share/articubot_one/package.sh'
[1.329s] INFO:colcon.colcon_core.shell:Creating package script '/home/faizal/ros2_ws/install/articubot_one/share/articubot_one/package.bash'
[1.329s] INFO:colcon.colcon_core.shell:Creating package script '/home/faizal/ros2_ws/install/articubot_one/share/articubot_one/package.zsh'
[1.330s] Level 1:colcon.colcon_core.environment:create_file_with_runtime_dependencies(/home/faizal/ros2_ws/install/articubot_one/share/colcon-core/packages/articubot_one)
[1.349s] Level 1:colcon.colcon_core.environment:create_environment_scripts_only(articubot_one)
[1.353s] Level 1:colcon.colcon_core.environment:checking '/home/faizal/ros2_ws/install/articubot_one' for CMake module files
[1.354s] Level 1:colcon.colcon_core.environment:checking '/home/faizal/ros2_ws/install/articubot_one' for CMake config files
[1.354s] Level 1:colcon.colcon_core.shell:create_environment_hook('articubot_one', 'cmake_prefix_path')
[1.358s] INFO:colcon.colcon_core.shell:Creating environment hook '/home/faizal/ros2_ws/install/articubot_one/share/articubot_one/hook/cmake_prefix_path.ps1'
[1.359s] INFO:colcon.colcon_core.shell:Creating environment descriptor '/home/faizal/ros2_ws/install/articubot_one/share/articubot_one/hook/cmake_prefix_path.dsv'
[1.359s] INFO:colcon.colcon_core.shell:Creating environment hook '/home/faizal/ros2_ws/install/articubot_one/share/articubot_one/hook/cmake_prefix_path.sh'
[1.359s] Level 1:colcon.colcon_core.environment:checking '/home/faizal/ros2_ws/install/articubot_one/bin'
[1.359s] Level 1:colcon.colcon_core.environment:checking '/home/faizal/ros2_ws/install/articubot_one/lib/pkgconfig/articubot_one.pc'
[1.360s] Level 1:colcon.colcon_core.environment:checking '/home/faizal/ros2_ws/install/articubot_one/lib/python3.9/site-packages'
[1.360s] Level 1:colcon.colcon_core.environment:checking '/home/faizal/ros2_ws/install/articubot_one/bin'
[1.364s] INFO:colcon.colcon_core.shell:Creating package script '/home/faizal/ros2_ws/install/articubot_one/share/articubot_one/package.ps1'
[1.365s] INFO:colcon.colcon_core.shell:Creating package descriptor '/home/faizal/ros2_ws/install/articubot_one/share/articubot_one/package.dsv'
[1.365s] INFO:colcon.colcon_core.shell:Creating package script '/home/faizal/ros2_ws/install/articubot_one/share/articubot_one/package.sh'
[1.365s] INFO:colcon.colcon_core.shell:Creating package script '/home/faizal/ros2_ws/install/articubot_one/share/articubot_one/package.bash'
[1.365s] INFO:colcon.colcon_core.shell:Creating package script '/home/faizal/ros2_ws/install/articubot_one/share/articubot_one/package.zsh'
[1.366s] Level 1:colcon.colcon_core.environment:create_file_with_runtime_dependencies(/home/faizal/ros2_ws/install/articubot_one/share/colcon-core/packages/articubot_one)
[1.366s] DEBUG:colcon.colcon_parallel_executor.executor.parallel:closing loop
[1.366s] DEBUG:colcon.colcon_parallel_executor.executor.parallel:loop closed
[1.366s] DEBUG:colcon.colcon_parallel_executor.executor.parallel:run_until_complete finished with '0'
[1.366s] DEBUG:colcon.colcon_core.event_reactor:joining thread
[1.372s] INFO:colcon.colcon_core.plugin_system:Skipping extension 'colcon_notification.desktop_notification.notify2': 'notify2' not found
[1.372s] INFO:colcon.colcon_core.plugin_system:Skipping extension 'colcon_notification.desktop_notification.terminal_notifier': Not used on non-Darwin systems
[1.372s] INFO:colcon.colcon_core.plugin_system:Skipping extension 'colcon_notification.desktop_notification.win32': Not used on non-Windows systems
[1.372s] INFO:colcon.colcon_notification.desktop_notification:Sending desktop notification using 'notify_send'
[1.385s] DEBUG:colcon.colcon_core.event_reactor:joined thread
[1.391s] INFO:colcon.colcon_core.shell:Creating prefix script '/home/faizal/ros2_ws/install/local_setup.ps1'
[1.391s] INFO:colcon.colcon_core.shell:Creating prefix util module '/home/faizal/ros2_ws/install/_local_setup_util_ps1.py'
[1.392s] INFO:colcon.colcon_core.shell:Creating prefix chain script '/home/faizal/ros2_ws/install/setup.ps1'
[1.398s] INFO:colcon.colcon_core.shell:Creating prefix script '/home/faizal/ros2_ws/install/local_setup.sh'
[1.398s] INFO:colcon.colcon_core.shell:Creating prefix util module '/home/faizal/ros2_ws/install/_local_setup_util_sh.py'
[1.399s] INFO:colcon.colcon_core.shell:Creating prefix chain script '/home/faizal/ros2_ws/install/setup.sh'
[1.404s] INFO:colcon.colcon_core.shell:Creating prefix script '/home/faizal/ros2_ws/install/local_setup.bash'
[1.404s] INFO:colcon.colcon_core.shell:Creating prefix chain script '/home/faizal/ros2_ws/install/setup.bash'
[1.409s] INFO:colcon.colcon_core.shell:Creating prefix script '/home/faizal/ros2_ws/install/local_setup.zsh'
[1.410s] INFO:colcon.colcon_core.shell:Creating prefix chain script '/home/faizal/ros2_ws/install/setup.zsh'
