[0.911s] Invoking command in '/home/faizal/ros2_ws/build/camera': CONDA_PROMPT_MODIFIER=(ros) PYTHONPATH=/home/faizal/ros2_ws/build/camera/prefix_override:/home/faizal/ros2_ws/install/camera/lib/python3.8/site-packages:${PYTHONPATH} /home/faizal/miniconda3/envs/ros/bin/python setup.py develop --editable --build-directory /home/faizal/ros2_ws/build/camera/build --no-deps install_data
[1.057s] /home/faizal/miniconda3/envs/ros/lib/python3.8/site-packages/setuptools/dist.py:745: SetuptoolsDeprecationWarning: Invalid dash-separated options
[1.057s] !!
[1.057s] 
[1.057s]         ********************************************************************************
[1.057s]         Usage of dash-separated 'script-dir' will not be supported in future
[1.057s]         versions. Please use the underscore name 'script_dir' instead.
[1.057s] 
[1.057s]         This deprecation is overdue, please update your project and remove deprecated
[1.057s]         calls to avoid build errors in the future.
[1.057s] 
[1.057s]         See https://setuptools.pypa.io/en/latest/userguide/declarative_config.html for details.
[1.058s]         ********************************************************************************
[1.058s] 
[1.058s] !!
[1.058s]   opt = self.warn_dash_deprecation(opt, section)
[1.206s] running develop
[1.206s] /home/faizal/miniconda3/envs/ros/lib/python3.8/site-packages/setuptools/command/develop.py:40: EasyInstallDeprecationWarning: easy_install command is deprecated.
[1.206s] !!
[1.206s] 
[1.206s]         ********************************************************************************
[1.206s]         Please avoid running ``setup.py`` and ``easy_install``.
[1.207s]         Instead, use pypa/build, pypa/installer or other
[1.207s]         standards-based tools.
[1.207s] 
[1.207s]         See https://github.com/pypa/setuptools/issues/917 for details.
[1.208s]         ********************************************************************************
[1.208s] 
[1.209s] !!
[1.209s]   easy_install.initialize_options(self)
[1.227s] /home/faizal/miniconda3/envs/ros/lib/python3.8/site-packages/setuptools/_distutils/cmd.py:66: SetuptoolsDeprecationWarning: setup.py install is deprecated.
[1.227s] !!
[1.227s] 
[1.227s]         ********************************************************************************
[1.227s]         Please avoid running ``setup.py`` directly.
[1.227s]         Instead, use pypa/build, pypa/installer or other
[1.228s]         standards-based tools.
[1.228s] 
[1.228s]         See https://blog.ganssle.io/articles/2021/10/setup-py-deprecated.html for details.
[1.228s]         ********************************************************************************
[1.228s] 
[1.228s] !!
[1.228s]   self.initialize_options()
[1.325s] running egg_info
[1.340s] writing camera.egg-info/PKG-INFO
[1.341s] writing dependency_links to camera.egg-info/dependency_links.txt
[1.341s] writing entry points to camera.egg-info/entry_points.txt
[1.341s] writing requirements to camera.egg-info/requires.txt
[1.341s] writing top-level names to camera.egg-info/top_level.txt
[1.363s] reading manifest file 'camera.egg-info/SOURCES.txt'
[1.366s] writing manifest file 'camera.egg-info/SOURCES.txt'
[1.378s] running build_ext
[1.378s] Creating /home/faizal/ros2_ws/install/camera/lib/python3.8/site-packages/camera.egg-link (link to .)
[1.379s] Installing image_node script to /home/faizal/ros2_ws/install/camera/lib/camera
[1.380s] Installing listen_node script to /home/faizal/ros2_ws/install/camera/lib/camera
[1.382s] 
[1.382s] Installed /home/faizal/ros2_ws/build/camera
[1.382s] running install_data
[1.425s] Invoked command in '/home/faizal/ros2_ws/build/camera' returned '0': CONDA_PROMPT_MODIFIER=(ros) PYTHONPATH=/home/faizal/ros2_ws/build/camera/prefix_override:/home/faizal/ros2_ws/install/camera/lib/python3.8/site-packages:${PYTHONPATH} /home/faizal/miniconda3/envs/ros/bin/python setup.py develop --editable --build-directory /home/faizal/ros2_ws/build/camera/build --no-deps install_data
