[0.511s] Invoking command in '/home/faizal/ros2_ws/build/camera': CONDA_PROMPT_MODIFIER=(ros) PYTHONPATH=/home/faizal/ros2_ws/build/camera/prefix_override:/home/faizal/ros2_ws/install/camera/lib/python3.8/site-packages:${PYTHONPATH} /home/faizal/miniconda3/envs/ros/bin/python setup.py develop --editable --build-directory /home/faizal/ros2_ws/build/camera/build --no-deps install_data
[0.598s] /home/faizal/miniconda3/envs/ros/lib/python3.8/site-packages/setuptools/dist.py:745: SetuptoolsDeprecationWarning: Invalid dash-separated options
[0.598s] !!
[0.598s] 
[0.598s]         ********************************************************************************
[0.598s]         Usage of dash-separated 'script-dir' will not be supported in future
[0.598s]         versions. Please use the underscore name 'script_dir' instead.
[0.598s] 
[0.598s]         This deprecation is overdue, please update your project and remove deprecated
[0.598s]         calls to avoid build errors in the future.
[0.598s] 
[0.598s]         See https://setuptools.pypa.io/en/latest/userguide/declarative_config.html for details.
[0.598s]         ********************************************************************************
[0.598s] 
[0.598s] !!
[0.598s]   opt = self.warn_dash_deprecation(opt, section)
[0.717s] running develop
[0.717s] /home/faizal/miniconda3/envs/ros/lib/python3.8/site-packages/setuptools/command/develop.py:40: EasyInstallDeprecationWarning: easy_install command is deprecated.
[0.717s] !!
[0.717s] 
[0.717s]         ********************************************************************************
[0.717s]         Please avoid running ``setup.py`` and ``easy_install``.
[0.717s]         Instead, use pypa/build, pypa/installer or other
[0.717s]         standards-based tools.
[0.717s] 
[0.717s]         See https://github.com/pypa/setuptools/issues/917 for details.
[0.717s]         ********************************************************************************
[0.717s] 
[0.717s] !!
[0.717s]   easy_install.initialize_options(self)
[0.741s] /home/faizal/miniconda3/envs/ros/lib/python3.8/site-packages/setuptools/_distutils/cmd.py:66: SetuptoolsDeprecationWarning: setup.py install is deprecated.
[0.741s] !!
[0.741s] 
[0.741s]         ********************************************************************************
[0.741s]         Please avoid running ``setup.py`` directly.
[0.741s]         Instead, use pypa/build, pypa/installer or other
[0.741s]         standards-based tools.
[0.741s] 
[0.741s]         See https://blog.ganssle.io/articles/2021/10/setup-py-deprecated.html for details.
[0.742s]         ********************************************************************************
[0.742s] 
[0.742s] !!
[0.742s]   self.initialize_options()
[0.812s] running egg_info
[0.820s] writing camera.egg-info/PKG-INFO
[0.820s] writing dependency_links to camera.egg-info/dependency_links.txt
[0.820s] writing entry points to camera.egg-info/entry_points.txt
[0.821s] writing requirements to camera.egg-info/requires.txt
[0.821s] writing top-level names to camera.egg-info/top_level.txt
[0.835s] reading manifest file 'camera.egg-info/SOURCES.txt'
[0.836s] writing manifest file 'camera.egg-info/SOURCES.txt'
[0.844s] running build_ext
[0.844s] Creating /home/faizal/ros2_ws/install/camera/lib/python3.8/site-packages/camera.egg-link (link to .)
[0.845s] Installing image_node script to /home/faizal/ros2_ws/install/camera/lib/camera
[0.845s] Installing listen_node script to /home/faizal/ros2_ws/install/camera/lib/camera
[0.845s] 
[0.845s] Installed /home/faizal/ros2_ws/build/camera
[0.845s] running install_data
[0.863s] Invoked command in '/home/faizal/ros2_ws/build/camera' returned '0': CONDA_PROMPT_MODIFIER=(ros) PYTHONPATH=/home/faizal/ros2_ws/build/camera/prefix_override:/home/faizal/ros2_ws/install/camera/lib/python3.8/site-packages:${PYTHONPATH} /home/faizal/miniconda3/envs/ros/bin/python setup.py develop --editable --build-directory /home/faizal/ros2_ws/build/camera/build --no-deps install_data
