[0.747s] Invoking command in '/home/faizal/ros2_ws/build/camera': CONDA_PROMPT_MODIFIER=(ros) PYTHONPATH=/home/faizal/ros2_ws/build/camera/prefix_override:/home/faizal/ros2_ws/install/camera/lib/python3.8/site-packages:${PYTHONPATH} /home/faizal/miniconda3/envs/ros/bin/python setup.py develop --editable --build-directory /home/faizal/ros2_ws/build/camera/build --no-deps install_data
[0.866s] /home/faizal/miniconda3/envs/ros/lib/python3.8/site-packages/setuptools/dist.py:745: SetuptoolsDeprecationWarning: Invalid dash-separated options
[0.866s] !!
[0.866s] 
[0.867s]         ********************************************************************************
[0.867s]         Usage of dash-separated 'script-dir' will not be supported in future
[0.867s]         versions. Please use the underscore name 'script_dir' instead.
[0.867s] 
[0.867s]         This deprecation is overdue, please update your project and remove deprecated
[0.867s]         calls to avoid build errors in the future.
[0.867s] 
[0.867s]         See https://setuptools.pypa.io/en/latest/userguide/declarative_config.html for details.
[0.867s]         ********************************************************************************
[0.867s] 
[0.867s] !!
[0.868s]   opt = self.warn_dash_deprecation(opt, section)
[0.977s] running develop
[0.977s] /home/faizal/miniconda3/envs/ros/lib/python3.8/site-packages/setuptools/command/develop.py:40: EasyInstallDeprecationWarning: easy_install command is deprecated.
[0.977s] !!
[0.977s] 
[0.978s]         ********************************************************************************
[0.978s]         Please avoid running ``setup.py`` and ``easy_install``.
[0.978s]         Instead, use pypa/build, pypa/installer or other
[0.978s]         standards-based tools.
[0.978s] 
[0.978s]         See https://github.com/pypa/setuptools/issues/917 for details.
[0.978s]         ********************************************************************************
[0.978s] 
[0.978s] !!
[0.979s]   easy_install.initialize_options(self)
[0.998s] /home/faizal/miniconda3/envs/ros/lib/python3.8/site-packages/setuptools/_distutils/cmd.py:66: SetuptoolsDeprecationWarning: setup.py install is deprecated.
[0.998s] !!
[0.998s] 
[0.998s]         ********************************************************************************
[0.998s]         Please avoid running ``setup.py`` directly.
[0.998s]         Instead, use pypa/build, pypa/installer or other
[0.998s]         standards-based tools.
[0.999s] 
[0.999s]         See https://blog.ganssle.io/articles/2021/10/setup-py-deprecated.html for details.
[0.999s]         ********************************************************************************
[0.999s] 
[0.999s] !!
[0.999s]   self.initialize_options()
[1.072s] running egg_info
[1.083s] writing camera.egg-info/PKG-INFO
[1.083s] writing dependency_links to camera.egg-info/dependency_links.txt
[1.083s] writing entry points to camera.egg-info/entry_points.txt
[1.083s] writing requirements to camera.egg-info/requires.txt
[1.083s] writing top-level names to camera.egg-info/top_level.txt
[1.101s] reading manifest file 'camera.egg-info/SOURCES.txt'
[1.103s] writing manifest file 'camera.egg-info/SOURCES.txt'
[1.117s] running build_ext
[1.117s] Creating /home/faizal/ros2_ws/install/camera/lib/python3.8/site-packages/camera.egg-link (link to .)
[1.117s] Installing image_node script to /home/faizal/ros2_ws/install/camera/lib/camera
[1.118s] Installing imu_node script to /home/faizal/ros2_ws/install/camera/lib/camera
[1.118s] Installing listen_node script to /home/faizal/ros2_ws/install/camera/lib/camera
[1.118s] 
[1.118s] Installed /home/faizal/ros2_ws/build/camera
[1.118s] running install_data
[1.153s] Invoked command in '/home/faizal/ros2_ws/build/camera' returned '0': CONDA_PROMPT_MODIFIER=(ros) PYTHONPATH=/home/faizal/ros2_ws/build/camera/prefix_override:/home/faizal/ros2_ws/install/camera/lib/python3.8/site-packages:${PYTHONPATH} /home/faizal/miniconda3/envs/ros/bin/python setup.py develop --editable --build-directory /home/faizal/ros2_ws/build/camera/build --no-deps install_data
