[0.821s] Invoking command in '/home/faizal/ros2_ws/src/camera': CONDA_PROMPT_MODIFIER=(ros) PYTHONPATH=/home/faizal/ros2_ws/build/camera/prefix_override:/home/faizal/ros2_ws/install/camera/lib/python3.8/site-packages:${PYTHONPATH} /home/faizal/miniconda3/envs/ros/bin/python setup.py egg_info --egg-base ../../build/camera build --build-base /home/faizal/ros2_ws/build/camera/build install --record /home/faizal/ros2_ws/build/camera/install.log --install-scripts $base/lib/camera --single-version-externally-managed
[0.942s] /home/faizal/miniconda3/envs/ros/lib/python3.8/site-packages/setuptools/dist.py:745: SetuptoolsDeprecationWarning: Invalid dash-separated options
[0.942s] !!
[0.942s] 
[0.942s]         ********************************************************************************
[0.942s]         Usage of dash-separated 'script-dir' will not be supported in future
[0.942s]         versions. Please use the underscore name 'script_dir' instead.
[0.943s] 
[0.943s]         This deprecation is overdue, please update your project and remove deprecated
[0.943s]         calls to avoid build errors in the future.
[0.943s] 
[0.943s]         See https://setuptools.pypa.io/en/latest/userguide/declarative_config.html for details.
[0.943s]         ********************************************************************************
[0.943s] 
[0.943s] !!
[0.943s]   opt = self.warn_dash_deprecation(opt, section)
[1.001s] running egg_info
[1.061s] writing ../../build/camera/camera.egg-info/PKG-INFO
[1.061s] writing dependency_links to ../../build/camera/camera.egg-info/dependency_links.txt
[1.062s] writing entry points to ../../build/camera/camera.egg-info/entry_points.txt
[1.062s] writing requirements to ../../build/camera/camera.egg-info/requires.txt
[1.062s] writing top-level names to ../../build/camera/camera.egg-info/top_level.txt
[1.079s] reading manifest file '../../build/camera/camera.egg-info/SOURCES.txt'
[1.080s] writing manifest file '../../build/camera/camera.egg-info/SOURCES.txt'
[1.080s] running build
[1.080s] running build_py
[1.080s] copying camera/image_subscriber.py -> /home/faizal/ros2_ws/build/camera/build/lib/camera
[1.080s] running install
[1.080s] /home/faizal/miniconda3/envs/ros/lib/python3.8/site-packages/setuptools/_distutils/cmd.py:66: SetuptoolsDeprecationWarning: setup.py install is deprecated.
[1.080s] !!
[1.081s] 
[1.081s]         ********************************************************************************
[1.081s]         Please avoid running ``setup.py`` directly.
[1.081s]         Instead, use pypa/build, pypa/installer or other
[1.081s]         standards-based tools.
[1.081s] 
[1.081s]         See https://blog.ganssle.io/articles/2021/10/setup-py-deprecated.html for details.
[1.081s]         ********************************************************************************
[1.081s] 
[1.081s] !!
[1.081s]   self.initialize_options()
[1.086s] running install_lib
[1.100s] copying /home/faizal/ros2_ws/build/camera/build/lib/camera/image_subscriber.py -> /home/faizal/ros2_ws/install/camera/lib/python3.8/site-packages/camera
[1.100s] byte-compiling /home/faizal/ros2_ws/install/camera/lib/python3.8/site-packages/camera/image_subscriber.py to image_subscriber.cpython-38.pyc
[1.100s] running install_data
[1.114s] running install_egg_info
[1.124s] removing '/home/faizal/ros2_ws/install/camera/lib/python3.8/site-packages/camera-0.0.0-py3.8.egg-info' (and everything under it)
[1.125s] Copying ../../build/camera/camera.egg-info to /home/faizal/ros2_ws/install/camera/lib/python3.8/site-packages/camera-0.0.0-py3.8.egg-info
[1.127s] running install_scripts
[1.176s] Installing image_node script to /home/faizal/ros2_ws/install/camera/lib/camera
[1.176s] writing list of installed files to '/home/faizal/ros2_ws/build/camera/install.log'
[1.209s] Invoked command in '/home/faizal/ros2_ws/src/camera' returned '0': CONDA_PROMPT_MODIFIER=(ros) PYTHONPATH=/home/faizal/ros2_ws/build/camera/prefix_override:/home/faizal/ros2_ws/install/camera/lib/python3.8/site-packages:${PYTHONPATH} /home/faizal/miniconda3/envs/ros/bin/python setup.py egg_info --egg-base ../../build/camera build --build-base /home/faizal/ros2_ws/build/camera/build install --record /home/faizal/ros2_ws/build/camera/install.log --install-scripts $base/lib/camera --single-version-externally-managed
