[0.478s] Invoking command in '/home/faizal/ros2_ws/build/camera': CONDA_PROMPT_MODIFIER=(ros) PYTHONPATH=/home/faizal/ros2_ws/build/camera/prefix_override:/home/faizal/ros2_ws/install/camera/lib/python3.9/site-packages:${PYTHONPATH} /home/faizal/miniconda3/envs/ros/bin/python setup.py develop --editable --build-directory /home/faizal/ros2_ws/build/camera/build --no-deps install_data
[0.560s] /home/faizal/miniconda3/envs/ros/lib/python3.9/site-packages/setuptools/dist.py:745: SetuptoolsDeprecationWarning: Invalid dash-separated options
[0.560s] !!
[0.560s] 
[0.560s]         ********************************************************************************
[0.560s]         Usage of dash-separated 'script-dir' will not be supported in future
[0.560s]         versions. Please use the underscore name 'script_dir' instead.
[0.560s] 
[0.560s]         This deprecation is overdue, please update your project and remove deprecated
[0.561s]         calls to avoid build errors in the future.
[0.561s] 
[0.561s]         See https://setuptools.pypa.io/en/latest/userguide/declarative_config.html for details.
[0.561s]         ********************************************************************************
[0.561s] 
[0.561s] !!
[0.561s]   opt = self.warn_dash_deprecation(opt, section)
[0.640s] running develop
[0.644s] /home/faizal/miniconda3/envs/ros/lib/python3.9/site-packages/setuptools/command/develop.py:40: EasyInstallDeprecationWarning: easy_install command is deprecated.
[0.644s] !!
[0.645s] 
[0.645s]         ********************************************************************************
[0.645s]         Please avoid running ``setup.py`` and ``easy_install``.
[0.646s]         Instead, use pypa/build, pypa/installer or other
[0.646s]         standards-based tools.
[0.646s] 
[0.646s]         See https://github.com/pypa/setuptools/issues/917 for details.
[0.647s]         ********************************************************************************
[0.647s] 
[0.647s] !!
[0.647s]   easy_install.initialize_options(self)
[0.670s] /home/faizal/miniconda3/envs/ros/lib/python3.9/site-packages/setuptools/_distutils/cmd.py:66: SetuptoolsDeprecationWarning: setup.py install is deprecated.
[0.670s] !!
[0.670s] 
[0.670s]         ********************************************************************************
[0.671s]         Please avoid running ``setup.py`` directly.
[0.671s]         Instead, use pypa/build, pypa/installer or other
[0.671s]         standards-based tools.
[0.671s] 
[0.671s]         See https://blog.ganssle.io/articles/2021/10/setup-py-deprecated.html for details.
[0.671s]         ********************************************************************************
[0.671s] 
[0.671s] !!
[0.671s]   self.initialize_options()
[0.724s] running egg_info
[0.730s] writing camera.egg-info/PKG-INFO
[0.730s] writing dependency_links to camera.egg-info/dependency_links.txt
[0.731s] writing entry points to camera.egg-info/entry_points.txt
[0.731s] writing requirements to camera.egg-info/requires.txt
[0.731s] writing top-level names to camera.egg-info/top_level.txt
[0.744s] reading manifest file 'camera.egg-info/SOURCES.txt'
[0.745s] writing manifest file 'camera.egg-info/SOURCES.txt'
[0.752s] running build_ext
[0.752s] Creating /home/faizal/ros2_ws/install/camera/lib/python3.9/site-packages/camera.egg-link (link to .)
[0.752s] Installing image_node script to /home/faizal/ros2_ws/install/camera/lib/camera
[0.753s] 
[0.753s] Installed /home/faizal/ros2_ws/build/camera
[0.753s] running install_data
[0.771s] Invoked command in '/home/faizal/ros2_ws/build/camera' returned '0': CONDA_PROMPT_MODIFIER=(ros) PYTHONPATH=/home/faizal/ros2_ws/build/camera/prefix_override:/home/faizal/ros2_ws/install/camera/lib/python3.9/site-packages:${PYTHONPATH} /home/faizal/miniconda3/envs/ros/bin/python setup.py develop --editable --build-directory /home/faizal/ros2_ws/build/camera/build --no-deps install_data
