[0.467s] Invoking command in '/home/faizal/ros2_ws/build/camera': CONDA_PROMPT_MODIFIER=(ros) PYTHONPATH=/home/faizal/ros2_ws/build/camera/prefix_override:/home/faizal/ros2_ws/install/camera/lib/python3.9/site-packages:${PYTHONPATH} /home/faizal/miniconda3/envs/ros/bin/python setup.py develop --editable --build-directory /home/faizal/ros2_ws/build/camera/build --no-deps install_data
[0.548s] /home/faizal/miniconda3/envs/ros/lib/python3.9/site-packages/setuptools/dist.py:745: SetuptoolsDeprecationWarning: Invalid dash-separated options
[0.549s] !!
[0.549s] 
[0.549s]         ********************************************************************************
[0.549s]         Usage of dash-separated 'script-dir' will not be supported in future
[0.549s]         versions. Please use the underscore name 'script_dir' instead.
[0.549s] 
[0.549s]         This deprecation is overdue, please update your project and remove deprecated
[0.549s]         calls to avoid build errors in the future.
[0.549s] 
[0.549s]         See https://setuptools.pypa.io/en/latest/userguide/declarative_config.html for details.
[0.549s]         ********************************************************************************
[0.549s] 
[0.549s] !!
[0.549s]   opt = self.warn_dash_deprecation(opt, section)
[0.629s] running develop
[0.630s] /home/faizal/miniconda3/envs/ros/lib/python3.9/site-packages/setuptools/command/develop.py:40: EasyInstallDeprecationWarning: easy_install command is deprecated.
[0.630s] !!
[0.630s] 
[0.630s]         ********************************************************************************
[0.630s]         Please avoid running ``setup.py`` and ``easy_install``.
[0.630s]         Instead, use pypa/build, pypa/installer or other
[0.630s]         standards-based tools.
[0.630s] 
[0.630s]         See https://github.com/pypa/setuptools/issues/917 for details.
[0.630s]         ********************************************************************************
[0.630s] 
[0.630s] !!
[0.630s]   easy_install.initialize_options(self)
[0.645s] /home/faizal/miniconda3/envs/ros/lib/python3.9/site-packages/setuptools/_distutils/cmd.py:66: SetuptoolsDeprecationWarning: setup.py install is deprecated.
[0.645s] !!
[0.645s] 
[0.645s]         ********************************************************************************
[0.645s]         Please avoid running ``setup.py`` directly.
[0.645s]         Instead, use pypa/build, pypa/installer or other
[0.645s]         standards-based tools.
[0.645s] 
[0.645s]         See https://blog.ganssle.io/articles/2021/10/setup-py-deprecated.html for details.
[0.645s]         ********************************************************************************
[0.645s] 
[0.645s] !!
[0.645s]   self.initialize_options()
[0.701s] running egg_info
[0.708s] writing camera.egg-info/PKG-INFO
[0.708s] writing dependency_links to camera.egg-info/dependency_links.txt
[0.708s] writing entry points to camera.egg-info/entry_points.txt
[0.708s] writing requirements to camera.egg-info/requires.txt
[0.709s] writing top-level names to camera.egg-info/top_level.txt
[0.723s] reading manifest file 'camera.egg-info/SOURCES.txt'
[0.723s] writing manifest file 'camera.egg-info/SOURCES.txt'
[0.731s] running build_ext
[0.731s] Creating /home/faizal/ros2_ws/install/camera/lib/python3.9/site-packages/camera.egg-link (link to .)
[0.731s] Installing image_node script to /home/faizal/ros2_ws/install/camera/lib/camera
[0.732s] 
[0.732s] Installed /home/faizal/ros2_ws/build/camera
[0.732s] running install_data
[0.750s] Invoked command in '/home/faizal/ros2_ws/build/camera' returned '0': CONDA_PROMPT_MODIFIER=(ros) PYTHONPATH=/home/faizal/ros2_ws/build/camera/prefix_override:/home/faizal/ros2_ws/install/camera/lib/python3.9/site-packages:${PYTHONPATH} /home/faizal/miniconda3/envs/ros/bin/python setup.py develop --editable --build-directory /home/faizal/ros2_ws/build/camera/build --no-deps install_data
