[0.718s] Invoking command in '/home/faizal/ros2_ws/build/camera': CONDA_PROMPT_MODIFIER=(ros) PYTHONPATH=/home/faizal/ros2_ws/build/camera/prefix_override:/home/faizal/ros2_ws/install/camera/lib/python3.8/site-packages:${PYTHONPATH} /home/faizal/miniconda3/envs/ros/bin/python setup.py develop --editable --build-directory /home/faizal/ros2_ws/build/camera/build --no-deps install_data
[0.842s] /home/faizal/miniconda3/envs/ros/lib/python3.8/site-packages/setuptools/dist.py:745: SetuptoolsDeprecationWarning: Invalid dash-separated options
[0.842s] !!
[0.842s] 
[0.842s]         ********************************************************************************
[0.842s]         Usage of dash-separated 'script-dir' will not be supported in future
[0.842s]         versions. Please use the underscore name 'script_dir' instead.
[0.843s] 
[0.843s]         This deprecation is overdue, please update your project and remove deprecated
[0.843s]         calls to avoid build errors in the future.
[0.843s] 
[0.843s]         See https://setuptools.pypa.io/en/latest/userguide/declarative_config.html for details.
[0.843s]         ********************************************************************************
[0.843s] 
[0.843s] !!
[0.843s]   opt = self.warn_dash_deprecation(opt, section)
[0.973s] running develop
[0.973s] /home/faizal/miniconda3/envs/ros/lib/python3.8/site-packages/setuptools/command/develop.py:40: EasyInstallDeprecationWarning: easy_install command is deprecated.
[0.973s] !!
[0.974s] 
[0.974s]         ********************************************************************************
[0.974s]         Please avoid running ``setup.py`` and ``easy_install``.
[0.974s]         Instead, use pypa/build, pypa/installer or other
[0.974s]         standards-based tools.
[0.974s] 
[0.974s]         See https://github.com/pypa/setuptools/issues/917 for details.
[0.974s]         ********************************************************************************
[0.974s] 
[0.974s] !!
[0.975s]   easy_install.initialize_options(self)
[0.995s] /home/faizal/miniconda3/envs/ros/lib/python3.8/site-packages/setuptools/_distutils/cmd.py:66: SetuptoolsDeprecationWarning: setup.py install is deprecated.
[0.995s] !!
[0.995s] 
[0.995s]         ********************************************************************************
[0.996s]         Please avoid running ``setup.py`` directly.
[0.996s]         Instead, use pypa/build, pypa/installer or other
[0.996s]         standards-based tools.
[0.996s] 
[0.996s]         See https://blog.ganssle.io/articles/2021/10/setup-py-deprecated.html for details.
[0.996s]         ********************************************************************************
[0.996s] 
[0.996s] !!
[0.996s]   self.initialize_options()
[1.080s] running egg_info
[1.092s] writing camera.egg-info/PKG-INFO
[1.092s] writing dependency_links to camera.egg-info/dependency_links.txt
[1.092s] writing entry points to camera.egg-info/entry_points.txt
[1.092s] writing requirements to camera.egg-info/requires.txt
[1.092s] writing top-level names to camera.egg-info/top_level.txt
[1.114s] reading manifest file 'camera.egg-info/SOURCES.txt'
[1.115s] writing manifest file 'camera.egg-info/SOURCES.txt'
[1.132s] running build_ext
[1.132s] Creating /home/faizal/ros2_ws/install/camera/lib/python3.8/site-packages/camera.egg-link (link to .)
[1.132s] Installing image_node script to /home/faizal/ros2_ws/install/camera/lib/camera
[1.133s] Installing imu_node script to /home/faizal/ros2_ws/install/camera/lib/camera
[1.133s] Installing listen_node script to /home/faizal/ros2_ws/install/camera/lib/camera
[1.133s] 
[1.133s] Installed /home/faizal/ros2_ws/build/camera
[1.133s] running install_data
[1.164s] Invoked command in '/home/faizal/ros2_ws/build/camera' returned '0': CONDA_PROMPT_MODIFIER=(ros) PYTHONPATH=/home/faizal/ros2_ws/build/camera/prefix_override:/home/faizal/ros2_ws/install/camera/lib/python3.8/site-packages:${PYTHONPATH} /home/faizal/miniconda3/envs/ros/bin/python setup.py develop --editable --build-directory /home/faizal/ros2_ws/build/camera/build --no-deps install_data
