[0.495s] Invoking command in '/home/faizal/ros2_ws/build/camera': CONDA_PROMPT_MODIFIER=(ros) PYTHONPATH=/home/faizal/ros2_ws/build/camera/prefix_override:/home/faizal/ros2_ws/install/camera/lib/python3.8/site-packages:${PYTHONPATH} /home/faizal/miniconda3/envs/ros/bin/python setup.py develop --editable --build-directory /home/faizal/ros2_ws/build/camera/build --no-deps install_data
[0.580s] /home/faizal/miniconda3/envs/ros/lib/python3.8/site-packages/setuptools/dist.py:745: SetuptoolsDeprecationWarning: Invalid dash-separated options
[0.580s] !!
[0.580s] 
[0.580s]         ********************************************************************************
[0.580s]         Usage of dash-separated 'script-dir' will not be supported in future
[0.580s]         versions. Please use the underscore name 'script_dir' instead.
[0.580s] 
[0.580s]         This deprecation is overdue, please update your project and remove deprecated
[0.580s]         calls to avoid build errors in the future.
[0.580s] 
[0.580s]         See https://setuptools.pypa.io/en/latest/userguide/declarative_config.html for details.
[0.580s]         ********************************************************************************
[0.580s] 
[0.581s] !!
[0.581s]   opt = self.warn_dash_deprecation(opt, section)
[0.669s] running develop
[0.669s] /home/faizal/miniconda3/envs/ros/lib/python3.8/site-packages/setuptools/command/develop.py:40: EasyInstallDeprecationWarning: easy_install command is deprecated.
[0.669s] !!
[0.669s] 
[0.669s]         ********************************************************************************
[0.669s]         Please avoid running ``setup.py`` and ``easy_install``.
[0.669s]         Instead, use pypa/build, pypa/installer or other
[0.669s]         standards-based tools.
[0.669s] 
[0.669s]         See https://github.com/pypa/setuptools/issues/917 for details.
[0.670s]         ********************************************************************************
[0.670s] 
[0.670s] !!
[0.670s]   easy_install.initialize_options(self)
[0.685s] /home/faizal/miniconda3/envs/ros/lib/python3.8/site-packages/setuptools/_distutils/cmd.py:66: SetuptoolsDeprecationWarning: setup.py install is deprecated.
[0.685s] !!
[0.685s] 
[0.685s]         ********************************************************************************
[0.685s]         Please avoid running ``setup.py`` directly.
[0.685s]         Instead, use pypa/build, pypa/installer or other
[0.685s]         standards-based tools.
[0.685s] 
[0.685s]         See https://blog.ganssle.io/articles/2021/10/setup-py-deprecated.html for details.
[0.685s]         ********************************************************************************
[0.685s] 
[0.685s] !!
[0.686s]   self.initialize_options()
[0.746s] running egg_info
[0.754s] writing camera.egg-info/PKG-INFO
[0.754s] writing dependency_links to camera.egg-info/dependency_links.txt
[0.755s] writing entry points to camera.egg-info/entry_points.txt
[0.755s] writing requirements to camera.egg-info/requires.txt
[0.755s] writing top-level names to camera.egg-info/top_level.txt
[0.770s] reading manifest file 'camera.egg-info/SOURCES.txt'
[0.770s] writing manifest file 'camera.egg-info/SOURCES.txt'
[0.778s] running build_ext
[0.778s] Creating /home/faizal/ros2_ws/install/camera/lib/python3.8/site-packages/camera.egg-link (link to .)
[0.779s] Installing image_node script to /home/faizal/ros2_ws/install/camera/lib/camera
[0.779s] Installing imu_node script to /home/faizal/ros2_ws/install/camera/lib/camera
[0.779s] Installing listen_node script to /home/faizal/ros2_ws/install/camera/lib/camera
[0.780s] 
[0.780s] Installed /home/faizal/ros2_ws/build/camera
[0.780s] running install_data
[0.798s] Invoked command in '/home/faizal/ros2_ws/build/camera' returned '0': CONDA_PROMPT_MODIFIER=(ros) PYTHONPATH=/home/faizal/ros2_ws/build/camera/prefix_override:/home/faizal/ros2_ws/install/camera/lib/python3.8/site-packages:${PYTHONPATH} /home/faizal/miniconda3/envs/ros/bin/python setup.py develop --editable --build-directory /home/faizal/ros2_ws/build/camera/build --no-deps install_data
