[0.724s] Invoking command in '/home/faizal/ros2_ws/src/camera': CONDA_PROMPT_MODIFIER=(ros) PYTHONPATH=/home/faizal/ros2_ws/build/camera/prefix_override:/home/faizal/ros2_ws/install/camera/lib/python3.8/site-packages:${PYTHONPATH} /home/faizal/miniconda3/envs/ros/bin/python setup.py egg_info --egg-base ../../build/camera build --build-base /home/faizal/ros2_ws/build/camera/build install --record /home/faizal/ros2_ws/build/camera/install.log --install-scripts $base/lib/camera --single-version-externally-managed
[0.848s] /home/faizal/miniconda3/envs/ros/lib/python3.8/site-packages/setuptools/dist.py:745: SetuptoolsDeprecationWarning: Invalid dash-separated options
[0.848s] !!
[0.848s] 
[0.848s]         ********************************************************************************
[0.848s]         Usage of dash-separated 'script-dir' will not be supported in future
[0.848s]         versions. Please use the underscore name 'script_dir' instead.
[0.848s] 
[0.848s]         This deprecation is overdue, please update your project and remove deprecated
[0.848s]         calls to avoid build errors in the future.
[0.848s] 
[0.848s]         See https://setuptools.pypa.io/en/latest/userguide/declarative_config.html for details.
[0.848s]         ********************************************************************************
[0.848s] 
[0.849s] !!
[0.849s]   opt = self.warn_dash_deprecation(opt, section)
[0.911s] running egg_info
[0.961s] writing ../../build/camera/camera.egg-info/PKG-INFO
[0.961s] writing dependency_links to ../../build/camera/camera.egg-info/dependency_links.txt
[0.961s] writing entry points to ../../build/camera/camera.egg-info/entry_points.txt
[0.961s] writing requirements to ../../build/camera/camera.egg-info/requires.txt
[0.961s] writing top-level names to ../../build/camera/camera.egg-info/top_level.txt
[0.979s] reading manifest file '../../build/camera/camera.egg-info/SOURCES.txt'
[0.980s] writing manifest file '../../build/camera/camera.egg-info/SOURCES.txt'
[0.980s] running build
[0.980s] running build_py
[0.980s] copying camera/image_subscriber.py -> /home/faizal/ros2_ws/build/camera/build/lib/camera
[0.980s] running install
[0.980s] /home/faizal/miniconda3/envs/ros/lib/python3.8/site-packages/setuptools/_distutils/cmd.py:66: SetuptoolsDeprecationWarning: setup.py install is deprecated.
[0.980s] !!
[0.981s] 
[0.981s]         ********************************************************************************
[0.981s]         Please avoid running ``setup.py`` directly.
[0.981s]         Instead, use pypa/build, pypa/installer or other
[0.981s]         standards-based tools.
[0.981s] 
[0.981s]         See https://blog.ganssle.io/articles/2021/10/setup-py-deprecated.html for details.
[0.981s]         ********************************************************************************
[0.981s] 
[0.981s] !!
[0.981s]   self.initialize_options()
[0.986s] running install_lib
[0.994s] copying /home/faizal/ros2_ws/build/camera/build/lib/camera/image_subscriber.py -> /home/faizal/ros2_ws/install/camera/lib/python3.8/site-packages/camera
[0.995s] byte-compiling /home/faizal/ros2_ws/install/camera/lib/python3.8/site-packages/camera/image_subscriber.py to image_subscriber.cpython-38.pyc
[0.995s] running install_data
[1.004s] running install_egg_info
[1.013s] removing '/home/faizal/ros2_ws/install/camera/lib/python3.8/site-packages/camera-0.0.0-py3.8.egg-info' (and everything under it)
[1.013s] Copying ../../build/camera/camera.egg-info to /home/faizal/ros2_ws/install/camera/lib/python3.8/site-packages/camera-0.0.0-py3.8.egg-info
[1.014s] running install_scripts
[1.057s] Installing image_node script to /home/faizal/ros2_ws/install/camera/lib/camera
[1.057s] Installing listen_node script to /home/faizal/ros2_ws/install/camera/lib/camera
[1.057s] writing list of installed files to '/home/faizal/ros2_ws/build/camera/install.log'
[1.092s] Invoked command in '/home/faizal/ros2_ws/src/camera' returned '0': CONDA_PROMPT_MODIFIER=(ros) PYTHONPATH=/home/faizal/ros2_ws/build/camera/prefix_override:/home/faizal/ros2_ws/install/camera/lib/python3.8/site-packages:${PYTHONPATH} /home/faizal/miniconda3/envs/ros/bin/python setup.py egg_info --egg-base ../../build/camera build --build-base /home/faizal/ros2_ws/build/camera/build install --record /home/faizal/ros2_ws/build/camera/install.log --install-scripts $base/lib/camera --single-version-externally-managed
