[0.775s] Invoking command in '/home/faizal/ros2_ws/build/camera': CONDA_PROMPT_MODIFIER=(ros) PYTHONPATH=/home/faizal/ros2_ws/build/camera/prefix_override:/home/faizal/ros2_ws/install/camera/lib/python3.8/site-packages:${PYTHONPATH} /home/faizal/miniconda3/envs/ros/bin/python setup.py develop --uninstall --editable --build-directory /home/faizal/ros2_ws/build/camera/build
[0.900s] /home/faizal/miniconda3/envs/ros/lib/python3.8/site-packages/setuptools/dist.py:745: SetuptoolsDeprecationWarning: Invalid dash-separated options
[0.900s] !!
[0.900s] 
[0.900s]         ********************************************************************************
[0.900s]         Usage of dash-separated 'script-dir' will not be supported in future
[0.900s]         versions. Please use the underscore name 'script_dir' instead.
[0.900s] 
[0.900s]         This deprecation is overdue, please update your project and remove deprecated
[0.900s]         calls to avoid build errors in the future.
[0.900s] 
[0.900s]         See https://setuptools.pypa.io/en/latest/userguide/declarative_config.html for details.
[0.900s]         ********************************************************************************
[0.901s] 
[0.901s] !!
[0.901s]   opt = self.warn_dash_deprecation(opt, section)
[0.997s] running develop
[0.998s] /home/faizal/miniconda3/envs/ros/lib/python3.8/site-packages/setuptools/command/develop.py:40: EasyInstallDeprecationWarning: easy_install command is deprecated.
[0.998s] !!
[0.998s] 
[0.998s]         ********************************************************************************
[0.998s]         Please avoid running ``setup.py`` and ``easy_install``.
[0.998s]         Instead, use pypa/build, pypa/installer or other
[0.998s]         standards-based tools.
[0.998s] 
[0.998s]         See https://github.com/pypa/setuptools/issues/917 for details.
[0.998s]         ********************************************************************************
[0.998s] 
[0.998s] !!
[0.998s]   easy_install.initialize_options(self)
[1.016s] /home/faizal/miniconda3/envs/ros/lib/python3.8/site-packages/setuptools/_distutils/cmd.py:66: SetuptoolsDeprecationWarning: setup.py install is deprecated.
[1.016s] !!
[1.016s] 
[1.016s]         ********************************************************************************
[1.016s]         Please avoid running ``setup.py`` directly.
[1.016s]         Instead, use pypa/build, pypa/installer or other
[1.016s]         standards-based tools.
[1.016s] 
[1.016s]         See https://blog.ganssle.io/articles/2021/10/setup-py-deprecated.html for details.
[1.016s]         ********************************************************************************
[1.016s] 
[1.017s] !!
[1.017s]   self.initialize_options()
[1.085s] Removing /home/faizal/ros2_ws/install/camera/lib/python3.8/site-packages/camera.egg-link (link to .)
[1.122s] Invoked command in '/home/faizal/ros2_ws/build/camera' returned '0': CONDA_PROMPT_MODIFIER=(ros) PYTHONPATH=/home/faizal/ros2_ws/build/camera/prefix_override:/home/faizal/ros2_ws/install/camera/lib/python3.8/site-packages:${PYTHONPATH} /home/faizal/miniconda3/envs/ros/bin/python setup.py develop --uninstall --editable --build-directory /home/faizal/ros2_ws/build/camera/build
[1.125s] Invoking command in '/home/faizal/ros2_ws/src/camera': CONDA_PROMPT_MODIFIER=(ros) PYTHONPATH=/home/faizal/ros2_ws/build/camera/prefix_override:/home/faizal/ros2_ws/install/camera/lib/python3.8/site-packages:${PYTHONPATH} /home/faizal/miniconda3/envs/ros/bin/python setup.py egg_info --egg-base ../../build/camera build --build-base /home/faizal/ros2_ws/build/camera/build install --record /home/faizal/ros2_ws/build/camera/install.log --install-scripts $base/lib/camera --single-version-externally-managed
[1.238s] /home/faizal/miniconda3/envs/ros/lib/python3.8/site-packages/setuptools/dist.py:745: SetuptoolsDeprecationWarning: Invalid dash-separated options
[1.238s] !!
[1.239s] 
[1.239s]         ********************************************************************************
[1.239s]         Usage of dash-separated 'script-dir' will not be supported in future
[1.239s]         versions. Please use the underscore name 'script_dir' instead.
[1.239s] 
[1.239s]         This deprecation is overdue, please update your project and remove deprecated
[1.239s]         calls to avoid build errors in the future.
[1.239s] 
[1.239s]         See https://setuptools.pypa.io/en/latest/userguide/declarative_config.html for details.
[1.239s]         ********************************************************************************
[1.239s] 
[1.239s] !!
[1.239s]   opt = self.warn_dash_deprecation(opt, section)
[1.308s] running egg_info
[1.362s] writing ../../build/camera/camera.egg-info/PKG-INFO
[1.363s] writing dependency_links to ../../build/camera/camera.egg-info/dependency_links.txt
[1.363s] writing entry points to ../../build/camera/camera.egg-info/entry_points.txt
[1.363s] writing requirements to ../../build/camera/camera.egg-info/requires.txt
[1.363s] writing top-level names to ../../build/camera/camera.egg-info/top_level.txt
[1.381s] reading manifest file '../../build/camera/camera.egg-info/SOURCES.txt'
[1.382s] writing manifest file '../../build/camera/camera.egg-info/SOURCES.txt'
[1.383s] running build
[1.383s] running build_py
[1.383s] copying camera/image_subscriber.py -> /home/faizal/ros2_ws/build/camera/build/lib/camera
[1.383s] running install
[1.383s] /home/faizal/miniconda3/envs/ros/lib/python3.8/site-packages/setuptools/_distutils/cmd.py:66: SetuptoolsDeprecationWarning: setup.py install is deprecated.
[1.383s] !!
[1.383s] 
[1.383s]         ********************************************************************************
[1.383s]         Please avoid running ``setup.py`` directly.
[1.383s]         Instead, use pypa/build, pypa/installer or other
[1.384s]         standards-based tools.
[1.384s] 
[1.384s]         See https://blog.ganssle.io/articles/2021/10/setup-py-deprecated.html for details.
[1.384s]         ********************************************************************************
[1.384s] 
[1.384s] !!
[1.384s]   self.initialize_options()
[1.389s] running install_lib
[1.397s] creating /home/faizal/ros2_ws/install/camera/lib/python3.8/site-packages/camera
[1.397s] copying /home/faizal/ros2_ws/build/camera/build/lib/camera/__init__.py -> /home/faizal/ros2_ws/install/camera/lib/python3.8/site-packages/camera
[1.397s] copying /home/faizal/ros2_ws/build/camera/build/lib/camera/talker_subscriber.py -> /home/faizal/ros2_ws/install/camera/lib/python3.8/site-packages/camera
[1.397s] copying /home/faizal/ros2_ws/build/camera/build/lib/camera/image_subscriber.py -> /home/faizal/ros2_ws/install/camera/lib/python3.8/site-packages/camera
[1.398s] byte-compiling /home/faizal/ros2_ws/install/camera/lib/python3.8/site-packages/camera/__init__.py to __init__.cpython-38.pyc
[1.398s] byte-compiling /home/faizal/ros2_ws/install/camera/lib/python3.8/site-packages/camera/talker_subscriber.py to talker_subscriber.cpython-38.pyc
[1.399s] byte-compiling /home/faizal/ros2_ws/install/camera/lib/python3.8/site-packages/camera/image_subscriber.py to image_subscriber.cpython-38.pyc
[1.399s] running install_data
[1.408s] running install_egg_info
[1.418s] Copying ../../build/camera/camera.egg-info to /home/faizal/ros2_ws/install/camera/lib/python3.8/site-packages/camera-0.0.0-py3.8.egg-info
[1.419s] running install_scripts
[1.483s] Installing image_node script to /home/faizal/ros2_ws/install/camera/lib/camera
[1.484s] Installing listen_node script to /home/faizal/ros2_ws/install/camera/lib/camera
[1.484s] writing list of installed files to '/home/faizal/ros2_ws/build/camera/install.log'
[1.553s] Invoked command in '/home/faizal/ros2_ws/src/camera' returned '0': CONDA_PROMPT_MODIFIER=(ros) PYTHONPATH=/home/faizal/ros2_ws/build/camera/prefix_override:/home/faizal/ros2_ws/install/camera/lib/python3.8/site-packages:${PYTHONPATH} /home/faizal/miniconda3/envs/ros/bin/python setup.py egg_info --egg-base ../../build/camera build --build-base /home/faizal/ros2_ws/build/camera/build install --record /home/faizal/ros2_ws/build/camera/install.log --install-scripts $base/lib/camera --single-version-externally-managed
